TN:
SF:server/pptx-parser.ts
FN:72,decodeXmlEntities
FN:76,resolveVatName
FN:86,extractParagraphs
FN:105,extractCellText
FN:115,extractRowCells
FN:125,extractTableRows
FN:135,extractTables
FN:145,cleanupDir
FN:153,extractSlides
FN:173,(anonymous_9)
FN:174,(anonymous_10)
FN:177,(anonymous_11)
FN:199,isTitleSlide
FN:203,isPlannerSlide
FN:208,tryParseTextDate
FN:220,tryParseSlashDate
FN:231,extractReportDate
FN:240,extractOverallStatusFromTable
FN:248,matchSectionLabel
FN:257,extractRagFromRow
FN:258,(anonymous_20)
FN:263,appendStatusSummary
FN:278,processStatusRow
FN:306,extractStatusSummary
FN:330,parseRiskRow
FN:331,(anonymous_25)
FN:350,parseRiskTable
FN:352,(anonymous_27)
FN:353,(anonymous_28)
FN:362,parsePlannerTable
FN:369,(anonymous_30)
FN:404,detectSectionFromParagraph
FN:423,computeHeaderSkipCount
FN:442,shouldSkipParagraph
FN:456,extractSectionContent
FN:465,classifyParagraph
FN:476,buildParagraphContent
FN:489,extractContentFromParagraphs
FN:518,debugPptxSlides
FN:530,groupSlidesByVat
FN:566,processTableForReport
FN:581,(anonymous_41)
FN:583,(anonymous_42)
FN:588,appendContentFields
FN:608,findFallbackOverallStatus
FN:618,buildReportFromGroup
FN:668,buildReportsSummary
FN:669,(anonymous_47)
FN:674,parsePptxFile
FN:683,(anonymous_49)
FNF:50
FNH:42
FNDA:72,decodeXmlEntities
FNDA:34,resolveVatName
FNDA:6,extractParagraphs
FNDA:13,extractCellText
FNDA:9,extractRowCells
FNDA:6,extractTableRows
FNDA:4,extractTables
FNDA:0,cleanupDir
FNDA:0,extractSlides
FNDA:0,(anonymous_9)
FNDA:0,(anonymous_10)
FNDA:0,(anonymous_11)
FNDA:19,isTitleSlide
FNDA:10,isPlannerSlide
FNDA:13,tryParseTextDate
FNDA:11,tryParseSlashDate
FNDA:5,extractReportDate
FNDA:7,extractOverallStatusFromTable
FNDA:16,matchSectionLabel
FNDA:15,extractRagFromRow
FNDA:45,(anonymous_20)
FNDA:6,appendStatusSummary
FNDA:20,processStatusRow
FNDA:5,extractStatusSummary
FNDA:9,parseRiskRow
FNDA:31,(anonymous_25)
FNDA:5,parseRiskTable
FNDA:44,(anonymous_27)
FNDA:40,(anonymous_28)
FNDA:6,parsePlannerTable
FNDA:15,(anonymous_30)
FNDA:27,detectSectionFromParagraph
FNDA:11,computeHeaderSkipCount
FNDA:32,shouldSkipParagraph
FNDA:13,extractSectionContent
FNDA:19,classifyParagraph
FNDA:7,buildParagraphContent
FNDA:6,extractContentFromParagraphs
FNDA:0,debugPptxSlides
FNDA:6,groupSlidesByVat
FNDA:8,processTableForReport
FNDA:12,(anonymous_41)
FNDA:1,(anonymous_42)
FNDA:4,appendContentFields
FNDA:9,findFallbackOverallStatus
FNDA:3,buildReportFromGroup
FNDA:2,buildReportsSummary
FNDA:2,(anonymous_47)
FNDA:0,parsePptxFile
FNDA:0,(anonymous_49)
DA:59,2
DA:73,72
DA:77,34
DA:78,34
DA:79,142
DA:80,30
DA:83,4
DA:87,6
DA:88,6
DA:90,6
DA:91,8
DA:92,8
DA:94,8
DA:95,8
DA:97,8
DA:98,8
DA:99,6
DA:102,6
DA:106,13
DA:107,13
DA:109,13
DA:110,13
DA:112,13
DA:116,9
DA:117,9
DA:119,9
DA:120,10
DA:122,9
DA:126,6
DA:127,6
DA:129,6
DA:130,7
DA:132,6
DA:136,4
DA:137,4
DA:139,4
DA:140,4
DA:142,4
DA:146,0
DA:147,0
DA:149,0
DA:154,0
DA:156,0
DA:157,0
DA:158,0
DA:160,0
DA:161,0
DA:163,0
DA:164,0
DA:167,0
DA:168,0
DA:169,0
DA:172,0
DA:173,0
DA:174,0
DA:176,0
DA:177,0
DA:178,0
DA:179,0
DA:180,0
DA:181,0
DA:183,0
DA:184,0
DA:185,0
DA:193,0
DA:195,0
DA:200,19
DA:204,10
DA:205,10
DA:209,13
DA:210,13
DA:211,5
DA:212,5
DA:213,5
DA:215,0
DA:217,0
DA:221,11
DA:222,11
DA:223,4
DA:224,4
DA:225,4
DA:226,4
DA:228,0
DA:232,5
DA:233,5
DA:234,7
DA:235,7
DA:237,2
DA:241,7
DA:242,6
DA:243,6
DA:244,7
DA:245,7
DA:249,16
DA:250,62
DA:251,12
DA:254,4
DA:258,45
DA:259,15
DA:260,15
DA:264,6
DA:265,5
DA:268,2
DA:282,20
DA:283,20
DA:284,20
DA:285,20
DA:287,20
DA:289,17
DA:290,4
DA:291,4
DA:294,13
DA:295,13
DA:296,10
DA:297,10
DA:298,10
DA:301,3
DA:302,3
DA:314,5
DA:323,5
DA:324,16
DA:327,5
DA:331,31
DA:332,7
DA:333,9
DA:334,6
DA:351,5
DA:352,44
DA:353,40
DA:354,5
DA:355,5
DA:356,5
DA:357,5
DA:359,4
DA:363,6
DA:364,6
DA:366,5
DA:367,5
DA:368,8
DA:369,15
DA:371,7
DA:372,8
DA:374,7
DA:375,8
DA:377,6
DA:388,8
DA:405,27
DA:415,27
DA:416,130
DA:417,16
DA:420,11
DA:424,11
DA:425,11
DA:426,21
DA:427,21
DA:428,5
DA:431,11
DA:434,2
DA:443,32
DA:444,27
DA:445,21
DA:446,19
DA:447,19
DA:450,2
DA:457,13
DA:458,13
DA:459,5
DA:460,5
DA:462,8
DA:469,19
DA:470,16
DA:471,16
DA:472,9
DA:473,9
DA:477,7
DA:490,6
DA:494,6
DA:495,6
DA:497,6
DA:498,13
DA:499,13
DA:500,13
DA:501,13
DA:503,13
DA:505,13
DA:506,5
DA:507,5
DA:508,5
DA:509,5
DA:512,8
DA:515,6
DA:519,0
DA:520,0
DA:531,6
DA:532,6
DA:534,6
DA:535,16
DA:536,2
DA:537,2
DA:540,15
DA:542,14
DA:543,8
DA:544,8
DA:545,8
DA:546,8
DA:547,8
DA:548,8
DA:552,6
DA:554,6
DA:555,1
DA:556,1
DA:559,5
DA:563,6
DA:567,8
DA:568,6
DA:569,6
DA:571,6
DA:572,1
DA:573,1
DA:574,1
DA:575,1
DA:576,1
DA:577,1
DA:578,1
DA:579,1
DA:580,1
DA:581,12
DA:582,1
DA:583,4
DA:584,1
DA:589,4
DA:590,3
DA:592,4
DA:596,4
DA:597,28
DA:598,9
DA:599,9
DA:600,1
DA:602,8
DA:609,9
DA:610,6
DA:611,6
DA:612,6
DA:615,6
DA:619,3
DA:640,3
DA:641,1
DA:642,1
DA:643,0
DA:646,1
DA:647,1
DA:650,1
DA:653,3
DA:654,1
DA:655,1
DA:656,1
DA:661,3
DA:662,3
DA:665,3
DA:669,2
DA:670,2
DA:675,0
DA:676,0
DA:677,0
DA:680,0
DA:681,0
DA:682,0
DA:683,0
DA:684,0
DA:686,0
LF:270
LH:227
BRDA:79,0,0,30
BRDA:79,0,1,112
BRDA:79,1,0,142
BRDA:79,1,1,116
BRDA:98,2,0,6
BRDA:98,2,1,2
BRDA:168,3,0,0
BRDA:168,3,1,0
BRDA:180,4,0,0
BRDA:180,4,1,0
BRDA:200,5,0,19
BRDA:200,5,1,17
BRDA:200,5,2,11
BRDA:204,6,0,10
BRDA:204,6,1,1
BRDA:205,7,0,10
BRDA:205,7,1,8
BRDA:210,8,0,8
BRDA:210,8,1,5
BRDA:213,9,0,5
BRDA:213,9,1,0
BRDA:222,10,0,7
BRDA:222,10,1,4
BRDA:224,11,0,4
BRDA:224,11,1,0
BRDA:226,12,0,4
BRDA:226,12,1,0
BRDA:234,13,0,7
BRDA:234,13,1,5
BRDA:235,14,0,3
BRDA:235,14,1,4
BRDA:241,15,0,1
BRDA:241,15,1,6
BRDA:243,16,0,6
BRDA:243,16,1,0
BRDA:245,17,0,5
BRDA:245,17,1,1
BRDA:250,18,0,12
BRDA:250,18,1,50
BRDA:250,19,0,62
BRDA:250,19,1,51
BRDA:258,20,0,45
BRDA:258,20,1,18
BRDA:260,21,0,14
BRDA:260,21,1,1
BRDA:264,22,0,1
BRDA:264,22,1,5
BRDA:265,23,0,3
BRDA:265,23,1,2
BRDA:282,24,0,20
BRDA:282,24,1,10
BRDA:283,25,0,20
BRDA:283,25,1,4
BRDA:287,26,0,3
BRDA:287,26,1,17
BRDA:289,27,0,4
BRDA:289,27,1,13
BRDA:289,28,0,17
BRDA:289,28,1,13
BRDA:290,29,0,4
BRDA:290,29,1,0
BRDA:295,30,0,10
BRDA:295,30,1,3
BRDA:297,31,0,10
BRDA:297,31,1,0
BRDA:301,32,0,3
BRDA:301,32,1,0
BRDA:331,33,0,2
BRDA:331,33,1,7
BRDA:332,34,0,7
BRDA:332,34,1,0
BRDA:333,35,0,1
BRDA:333,35,1,8
BRDA:333,36,0,9
BRDA:333,36,1,7
BRDA:335,37,0,6
BRDA:335,37,1,1
BRDA:337,38,0,9
BRDA:337,38,1,1
BRDA:338,39,0,9
BRDA:338,39,1,3
BRDA:339,40,0,9
BRDA:339,40,1,1
BRDA:340,41,0,9
BRDA:340,41,1,1
BRDA:341,42,0,9
BRDA:341,42,1,1
BRDA:342,43,0,9
BRDA:342,43,1,1
BRDA:343,44,0,9
BRDA:343,44,1,3
BRDA:344,45,0,9
BRDA:344,45,1,3
BRDA:345,46,0,9
BRDA:345,46,1,3
BRDA:351,47,0,1
BRDA:351,47,1,4
BRDA:353,48,0,1
BRDA:353,48,1,3
BRDA:357,49,0,4
BRDA:357,49,1,1
BRDA:364,50,0,1
BRDA:364,50,1,5
BRDA:369,51,0,1
BRDA:369,51,1,7
BRDA:371,52,0,7
BRDA:371,52,1,1
BRDA:372,53,0,6
BRDA:372,53,1,2
BRDA:374,54,0,7
BRDA:374,54,1,1
BRDA:375,55,0,1
BRDA:375,55,1,7
BRDA:380,56,0,6
BRDA:380,56,1,0
BRDA:381,57,0,8
BRDA:381,57,1,1
BRDA:382,58,0,8
BRDA:382,58,1,1
BRDA:383,59,0,8
BRDA:383,59,1,1
BRDA:384,60,0,8
BRDA:384,60,1,2
BRDA:416,61,0,16
BRDA:416,61,1,114
BRDA:427,62,0,5
BRDA:427,62,1,16
BRDA:427,63,0,21
BRDA:427,63,1,19
BRDA:427,63,2,17
BRDA:427,63,3,17
BRDA:443,64,0,5
BRDA:443,64,1,27
BRDA:443,65,0,32
BRDA:443,65,1,30
BRDA:443,65,2,28
BRDA:443,65,3,27
BRDA:444,66,0,6
BRDA:444,66,1,21
BRDA:445,67,0,2
BRDA:445,67,1,19
BRDA:446,68,0,0
BRDA:446,68,1,19
BRDA:446,69,0,19
BRDA:446,69,1,0
BRDA:458,70,0,5
BRDA:458,70,1,8
BRDA:458,71,0,13
BRDA:458,71,1,5
BRDA:460,72,0,5
BRDA:460,72,1,2
BRDA:462,73,0,6
BRDA:462,73,1,2
BRDA:469,74,0,3
BRDA:469,74,1,16
BRDA:471,75,0,7
BRDA:471,75,1,9
BRDA:472,76,0,0
BRDA:472,76,1,9
BRDA:499,77,0,0
BRDA:499,77,1,13
BRDA:503,78,0,0
BRDA:503,78,1,13
BRDA:503,79,0,13
BRDA:503,79,1,13
BRDA:505,80,0,5
BRDA:505,80,1,8
BRDA:505,81,0,13
BRDA:505,81,1,5
BRDA:508,82,0,5
BRDA:508,82,1,0
BRDA:535,83,0,2
BRDA:535,83,1,14
BRDA:536,84,0,2
BRDA:536,84,1,0
BRDA:537,85,0,1
BRDA:537,85,1,1
BRDA:537,86,0,2
BRDA:537,86,1,1
BRDA:540,87,0,1
BRDA:540,87,1,14
BRDA:540,88,0,15
BRDA:540,88,1,1
BRDA:542,89,0,8
BRDA:542,89,1,6
BRDA:543,90,0,8
BRDA:543,90,1,0
BRDA:545,91,0,8
BRDA:545,91,1,0
BRDA:552,92,0,0
BRDA:552,92,1,6
BRDA:554,93,0,1
BRDA:554,93,1,5
BRDA:555,94,0,1
BRDA:555,94,1,0
BRDA:567,95,0,2
BRDA:567,95,1,6
BRDA:571,96,0,1
BRDA:571,96,1,5
BRDA:571,97,0,6
BRDA:571,97,1,2
BRDA:573,98,0,1
BRDA:573,98,1,0
BRDA:575,99,0,1
BRDA:575,99,1,0
BRDA:575,100,0,1
BRDA:575,100,1,1
BRDA:576,101,0,1
BRDA:576,101,1,0
BRDA:577,102,0,1
BRDA:577,102,1,0
BRDA:578,103,0,1
BRDA:578,103,1,0
BRDA:579,104,0,1
BRDA:579,104,1,0
BRDA:580,105,0,0
BRDA:580,105,1,1
BRDA:581,106,0,1
BRDA:581,106,1,4
BRDA:581,107,0,5
BRDA:581,107,1,2
BRDA:583,108,0,1
BRDA:583,108,1,3
BRDA:583,109,0,4
BRDA:583,109,1,1
BRDA:589,110,0,3
BRDA:589,110,1,1
BRDA:589,111,0,4
BRDA:589,111,1,4
BRDA:597,112,0,9
BRDA:597,112,1,19
BRDA:599,113,0,1
BRDA:599,113,1,8
BRDA:612,114,0,3
BRDA:612,114,1,3
BRDA:642,115,0,0
BRDA:642,115,1,1
BRDA:655,116,0,1
BRDA:655,116,1,0
BRDA:655,117,0,1
BRDA:655,117,1,1
BRDA:661,118,0,3
BRDA:661,118,1,0
BRDA:670,119,0,2
BRDA:670,119,1,0
BRDA:676,120,0,0
BRDA:676,120,1,0
BRDA:680,121,0,0
BRDA:680,121,1,0
BRF:249
BRH:210
end_of_record
TN:
SF:server/routes.ts
FN:44,requireAuth
FN:51,requirePermission
FN:52,(anonymous_2)
FN:59,(anonymous_3)
FN:67,computeFyFromDate
FN:76,normalizeWeeklyUtilRow
FN:89,buildFySetFromDates
FN:95,(anonymous_7)
FN:98,computeUtilizationRatio
FN:106,isImportSkippableRow
FN:110,formatImportError
FN:114,buildPermissionsMap
FN:133,getOppMonthlyRevenues
FN:138,sumRevenues
FN:139,(anonymous_14)
FN:142,buildPipelineInsightPrompt
FN:147,(anonymous_16)
FN:153,(anonymous_17)
FN:158,(anonymous_18)
FN:161,(anonymous_19)
FN:170,(anonymous_20)
FN:185,buildProjectInsightPrompt
FN:186,(anonymous_22)
FN:187,(anonymous_23)
FN:188,(anonymous_24)
FN:189,(anonymous_25)
FN:191,(anonymous_26)
FN:196,(anonymous_27)
FN:222,computeMonthlySpend
FN:234,computeBillingBreakdown
FN:238,(anonymous_30)
FN:239,(anonymous_31)
FN:240,(anonymous_32)
FN:248,computeTopCostProjects
FN:249,(anonymous_34)
FN:250,(anonymous_35)
FN:251,(anonymous_36)
FN:252,(anonymous_37)
FN:253,(anonymous_38)
FN:253,(anonymous_39)
FN:255,(anonymous_40)
FN:258,computeStaffCostBreakdown
FN:259,(anonymous_42)
FN:262,(anonymous_43)
FN:263,(anonymous_44)
FN:263,(anonymous_45)
FN:264,(anonymous_46)
FN:264,(anonymous_47)
FN:268,buildSpendingDataContext
FN:269,(anonymous_49)
FN:270,(anonymous_50)
FN:275,(anonymous_51)
FN:276,(anonymous_52)
FN:278,(anonymous_53)
FN:279,(anonymous_54)
FN:280,(anonymous_55)
FN:299,computeKpiAverages
FN:300,(anonymous_57)
FN:301,(anonymous_58)
FN:303,(anonymous_59)
FN:305,(anonymous_60)
FN:309,computePipelineClassGroups
FN:319,computeProjectRiskMetrics
FN:320,(anonymous_63)
FN:321,(anonymous_64)
FN:322,(anonymous_65)
FN:323,(anonymous_66)
FN:330,buildOverviewInsightPrompt
FN:334,(anonymous_68)
FN:334,(anonymous_69)
FN:335,(anonymous_70)
FN:335,(anonymous_71)
FN:336,(anonymous_72)
FN:347,(anonymous_73)
FN:350,(anonymous_74)
FN:366,getSpendingSystemPrompt
FN:376,getSpendingUserPrompt
FN:423,buildPipelineSummaryText
FN:424,(anonymous_78)
FN:427,(anonymous_79)
FN:432,buildRiskSummaryText
FN:433,(anonymous_81)
FN:438,streamAIResponse
FN:461,findOrCreateEmployeeForImport
FN:485,findOrCreateProjectForImport
FN:518,fuzzyMatchProjectId
FN:539,mapPlannerProgress
FN:545,mapPlannerPriority
FN:551,deriveFyYear
FN:559,createJobStatusMonthlyData
FN:580,buildInsightPrompts
FN:607,buildJobStatusProjectData
FN:651,buildEmployeeLookupMaps
FN:661,buildProjectLookupMaps
FN:674,buildOpenOppRecord
FN:706,buildPlannerSyncInsights
FN:723,buildExistingTaskMaps
FN:736,collectPlannerUserIds
FN:751,buildPlannerTaskRecord
FN:763,(anonymous_99)
FN:767,detectTaskChanges
FN:782,findRecentlyCompletedTasks
FN:807,buildPlannerBucketGroups
FN:820,(anonymous_103)
FN:828,parseStaffSOTRow
FN:867,registerRoutes
FN:873,(anonymous_106)
FN:877,(anonymous_107)
FN:882,(anonymous_108)
FN:888,(anonymous_109)
FN:893,(anonymous_110)
FN:897,(anonymous_111)
FN:919,(anonymous_112)
FN:923,(anonymous_113)
FN:928,(anonymous_114)
FN:934,(anonymous_115)
FN:939,(anonymous_116)
FN:945,(anonymous_117)
FN:949,(anonymous_118)
FN:955,(anonymous_119)
FN:960,(anonymous_120)
FN:965,(anonymous_121)
FN:998,(anonymous_122)
FN:1010,(anonymous_123)
FN:1016,(anonymous_124)
FN:1021,(anonymous_125)
FN:1027,(anonymous_126)
FN:1041,(anonymous_127)
FN:1047,(anonymous_128)
FN:1068,(anonymous_129)
FN:1087,(anonymous_130)
FN:1093,(anonymous_131)
FN:1098,(anonymous_132)
FN:1104,(anonymous_133)
FN:1112,(anonymous_134)
FN:1118,(anonymous_135)
FN:1123,(anonymous_136)
FN:1145,(anonymous_137)
FN:1174,(anonymous_138)
FN:1208,(anonymous_139)
FN:1225,(anonymous_140)
FN:1233,(anonymous_141)
FN:1241,(anonymous_142)
FN:1249,(anonymous_143)
FN:1257,(anonymous_144)
FN:1265,(anonymous_145)
FN:1271,(anonymous_146)
FN:1276,(anonymous_147)
FN:1281,(anonymous_148)
FN:1288,(anonymous_149)
FN:1290,findProject
FN:1439,(anonymous_151)
FN:1497,(anonymous_152)
FN:1503,(anonymous_153)
FN:1509,(anonymous_154)
FN:1549,(anonymous_155)
FN:1611,(anonymous_156)
FN:1615,(anonymous_157)
FN:1621,(anonymous_158)
FN:1628,(anonymous_159)
FN:1632,(anonymous_160)
FN:1636,(anonymous_161)
FN:1675,(anonymous_162)
FN:1682,(anonymous_163)
FN:1690,(anonymous_164)
FN:1698,(anonymous_165)
FN:1710,(anonymous_166)
FN:1716,(anonymous_167)
FN:1722,(anonymous_168)
FN:1726,(anonymous_169)
FN:1731,(anonymous_170)
FN:1737,(anonymous_171)
FN:1743,(anonymous_172)
FN:1749,(anonymous_173)
FN:1755,(anonymous_174)
FN:1763,(anonymous_175)
FN:1769,(anonymous_176)
FN:1774,(anonymous_177)
FN:1779,(anonymous_178)
FN:1782,(anonymous_179)
FN:1790,(anonymous_180)
FN:1797,(anonymous_181)
FN:1822,(anonymous_182)
FN:1851,(anonymous_183)
FN:1863,(anonymous_184)
FN:1864,(anonymous_185)
FN:1873,(anonymous_186)
FN:1894,(anonymous_187)
FN:1901,(anonymous_188)
FN:1910,(anonymous_189)
FN:1915,(anonymous_190)
FN:1923,(anonymous_191)
FN:1963,getMsalClient
FN:1971,getSsoRedirectUri
FN:1982,(anonymous_194)
FN:2001,(anonymous_195)
FN:2058,(anonymous_196)
FN:2085,(anonymous_197)
FN:2092,(anonymous_198)
FN:2103,(anonymous_199)
FN:2107,(anonymous_200)
FN:2121,(anonymous_201)
FN:2132,(anonymous_202)
FN:2133,(anonymous_203)
FN:2156,(anonymous_204)
FN:2198,(anonymous_205)
FN:2242,(anonymous_206)
FN:2253,(anonymous_207)
FN:2259,(anonymous_208)
FN:2283,(anonymous_209)
FN:2297,(anonymous_210)
FN:2299,(anonymous_211)
FN:2301,(anonymous_212)
FN:2399,(anonymous_213)
FN:2403,(anonymous_214)
FN:2407,(anonymous_215)
FN:2411,(anonymous_216)
FN:2416,(anonymous_217)
FN:2422,(anonymous_218)
FN:2449,(anonymous_219)
FN:2454,(anonymous_220)
FN:2473,(anonymous_221)
FN:2477,(anonymous_222)
FN:2491,(anonymous_223)
FN:2506,(anonymous_224)
FN:2512,(anonymous_225)
FN:2516,(anonymous_226)
FN:2530,(anonymous_227)
FN:2545,(anonymous_228)
FN:2551,(anonymous_229)
FN:2555,(anonymous_230)
FN:2569,(anonymous_231)
FN:2584,(anonymous_232)
FN:2590,(anonymous_233)
FN:2614,(anonymous_234)
FN:2720,(anonymous_235)
FN:2727,(anonymous_236)
FN:2759,(anonymous_237)
FN:2775,(anonymous_238)
FN:2932,(anonymous_239)
FN:2938,(anonymous_240)
FN:2952,(anonymous_241)
FN:2968,(anonymous_242)
FN:2971,(anonymous_243)
FN:2975,(anonymous_244)
FN:3040,(anonymous_245)
FN:3057,(anonymous_246)
FN:3060,(anonymous_247)
FN:3065,(anonymous_248)
FN:3068,(anonymous_249)
FN:3072,(anonymous_250)
FN:3073,(anonymous_251)
FN:3074,(anonymous_252)
FN:3077,(anonymous_253)
FN:3081,(anonymous_254)
FN:3082,(anonymous_255)
FN:3085,(anonymous_256)
FN:3089,(anonymous_257)
FN:3161,(anonymous_258)
FN:3168,(anonymous_259)
FN:3175,(anonymous_260)
FN:3185,(anonymous_261)
FN:3191,(anonymous_262)
FN:3204,(anonymous_263)
FN:3209,(anonymous_264)
FN:3211,(anonymous_265)
FN:3216,(anonymous_266)
FN:3225,(anonymous_267)
FN:3236,(anonymous_268)
FN:3256,(anonymous_269)
FN:3307,parseMonthlyCosts
FN:3318,cleanVatValue
FN:3325,parseOptionalNumericField
FN:3331,parseOptionalMarginField
FN:3337,dispatchSheetImport
FN:3353,parseExcelNumericDate
FN:3359,isValidYear
FN:3363,parseStringDate
FN:3374,parseISOOrAUDate
FN:3390,excelDateToString
FN:3396,toNum
FN:3402,toDecimal
FN:3408,importJobStatus
FN:3414,(anonymous_283)
FN:3439,importStaffSOT
FN:3445,(anonymous_285)
FN:3446,(anonymous_286)
FN:3479,buildPipelineRevenueRecord
FN:3512,importPipelineRevenue
FN:3538,buildGrossProfitRecord
FN:3562,importGrossProfit
FN:3584,buildPersonalHoursTimesheetRecord
FN:3602,parsePersonalHoursEmployeeFields
FN:3610,importPersonalHours
FN:3651,buildProjectHoursKpiRecord
FN:3674,importProjectHours
FN:3702,buildCxProjectMaps
FN:3717,buildCxEmployeeMap
FN:3727,buildCxRatingRecord
FN:3743,importCxMasterList
FN:3774,buildResourceCostRecord
FN:3798,buildEmployeeNameMap
FN:3807,importProjectResourceCost
FN:3834,importProjectResourceCostAF
FN:3863,importDvfCostFromRow
FN:3875,excelDateToISOString
FN:3887,importOpenOpps
FNF:307
FNH:113
FNDA:0,requireAuth
FNDA:0,requirePermission
FNDA:0,(anonymous_2)
FNDA:0,(anonymous_3)
FNDA:12,computeFyFromDate
FNDA:2,normalizeWeeklyUtilRow
FNDA:3,buildFySetFromDates
FNDA:2,(anonymous_7)
FNDA:2,computeUtilizationRatio
FNDA:5,isImportSkippableRow
FNDA:2,formatImportError
FNDA:3,buildPermissionsMap
FNDA:9,getOppMonthlyRevenues
FNDA:14,sumRevenues
FNDA:90,(anonymous_14)
FNDA:2,buildPipelineInsightPrompt
FNDA:1,(anonymous_16)
FNDA:12,(anonymous_17)
FNDA:1,(anonymous_18)
FNDA:1,(anonymous_19)
FNDA:1,(anonymous_20)
FNDA:2,buildProjectInsightPrompt
FNDA:1,(anonymous_22)
FNDA:1,(anonymous_23)
FNDA:1,(anonymous_24)
FNDA:1,(anonymous_25)
FNDA:1,(anonymous_26)
FNDA:1,(anonymous_27)
FNDA:5,computeMonthlySpend
FNDA:4,computeBillingBreakdown
FNDA:6,(anonymous_30)
FNDA:4,(anonymous_31)
FNDA:4,(anonymous_32)
FNDA:5,computeTopCostProjects
FNDA:5,(anonymous_34)
FNDA:7,(anonymous_35)
FNDA:5,(anonymous_36)
FNDA:5,(anonymous_37)
FNDA:0,(anonymous_38)
FNDA:5,(anonymous_39)
FNDA:1,(anonymous_40)
FNDA:4,computeStaffCostBreakdown
FNDA:4,(anonymous_42)
FNDA:4,(anonymous_43)
FNDA:4,(anonymous_44)
FNDA:3,(anonymous_45)
FNDA:4,(anonymous_46)
FNDA:1,(anonymous_47)
FNDA:2,buildSpendingDataContext
FNDA:1,(anonymous_49)
FNDA:1,(anonymous_50)
FNDA:0,(anonymous_51)
FNDA:1,(anonymous_52)
FNDA:1,(anonymous_53)
FNDA:1,(anonymous_54)
FNDA:1,(anonymous_55)
FNDA:4,computeKpiAverages
FNDA:3,(anonymous_57)
FNDA:3,(anonymous_58)
FNDA:3,(anonymous_59)
FNDA:3,(anonymous_60)
FNDA:4,computePipelineClassGroups
FNDA:4,computeProjectRiskMetrics
FNDA:3,(anonymous_63)
FNDA:3,(anonymous_64)
FNDA:3,(anonymous_65)
FNDA:3,(anonymous_66)
FNDA:2,buildOverviewInsightPrompt
FNDA:1,(anonymous_68)
FNDA:0,(anonymous_69)
FNDA:1,(anonymous_70)
FNDA:0,(anonymous_71)
FNDA:0,(anonymous_72)
FNDA:1,(anonymous_73)
FNDA:1,(anonymous_74)
FNDA:4,getSpendingSystemPrompt
FNDA:4,getSpendingUserPrompt
FNDA:2,buildPipelineSummaryText
FNDA:2,(anonymous_78)
FNDA:24,(anonymous_79)
FNDA:2,buildRiskSummaryText
FNDA:2,(anonymous_81)
FNDA:0,streamAIResponse
FNDA:0,findOrCreateEmployeeForImport
FNDA:0,findOrCreateProjectForImport
FNDA:4,fuzzyMatchProjectId
FNDA:6,mapPlannerProgress
FNDA:6,mapPlannerPriority
FNDA:8,deriveFyYear
FNDA:0,createJobStatusMonthlyData
FNDA:0,buildInsightPrompts
FNDA:9,buildJobStatusProjectData
FNDA:2,buildEmployeeLookupMaps
FNDA:1,buildProjectLookupMaps
FNDA:11,buildOpenOppRecord
FNDA:3,buildPlannerSyncInsights
FNDA:4,buildExistingTaskMaps
FNDA:5,collectPlannerUserIds
FNDA:2,buildPlannerTaskRecord
FNDA:1,(anonymous_99)
FNDA:4,detectTaskChanges
FNDA:6,findRecentlyCompletedTasks
FNDA:6,buildPlannerBucketGroups
FNDA:3,(anonymous_103)
FNDA:5,parseStaffSOTRow
FNDA:0,registerRoutes
FNDA:0,(anonymous_106)
FNDA:0,(anonymous_107)
FNDA:0,(anonymous_108)
FNDA:0,(anonymous_109)
FNDA:0,(anonymous_110)
FNDA:0,(anonymous_111)
FNDA:0,(anonymous_112)
FNDA:0,(anonymous_113)
FNDA:0,(anonymous_114)
FNDA:0,(anonymous_115)
FNDA:0,(anonymous_116)
FNDA:0,(anonymous_117)
FNDA:0,(anonymous_118)
FNDA:0,(anonymous_119)
FNDA:0,(anonymous_120)
FNDA:0,(anonymous_121)
FNDA:0,(anonymous_122)
FNDA:0,(anonymous_123)
FNDA:0,(anonymous_124)
FNDA:0,(anonymous_125)
FNDA:0,(anonymous_126)
FNDA:0,(anonymous_127)
FNDA:0,(anonymous_128)
FNDA:0,(anonymous_129)
FNDA:0,(anonymous_130)
FNDA:0,(anonymous_131)
FNDA:0,(anonymous_132)
FNDA:0,(anonymous_133)
FNDA:0,(anonymous_134)
FNDA:0,(anonymous_135)
FNDA:0,(anonymous_136)
FNDA:0,(anonymous_137)
FNDA:0,(anonymous_138)
FNDA:0,(anonymous_139)
FNDA:0,(anonymous_140)
FNDA:0,(anonymous_141)
FNDA:0,(anonymous_142)
FNDA:0,(anonymous_143)
FNDA:0,(anonymous_144)
FNDA:0,(anonymous_145)
FNDA:0,(anonymous_146)
FNDA:0,(anonymous_147)
FNDA:0,(anonymous_148)
FNDA:0,(anonymous_149)
FNDA:0,findProject
FNDA:0,(anonymous_151)
FNDA:0,(anonymous_152)
FNDA:0,(anonymous_153)
FNDA:0,(anonymous_154)
FNDA:0,(anonymous_155)
FNDA:0,(anonymous_156)
FNDA:0,(anonymous_157)
FNDA:0,(anonymous_158)
FNDA:0,(anonymous_159)
FNDA:0,(anonymous_160)
FNDA:0,(anonymous_161)
FNDA:0,(anonymous_162)
FNDA:0,(anonymous_163)
FNDA:0,(anonymous_164)
FNDA:0,(anonymous_165)
FNDA:0,(anonymous_166)
FNDA:0,(anonymous_167)
FNDA:0,(anonymous_168)
FNDA:0,(anonymous_169)
FNDA:0,(anonymous_170)
FNDA:0,(anonymous_171)
FNDA:0,(anonymous_172)
FNDA:0,(anonymous_173)
FNDA:0,(anonymous_174)
FNDA:0,(anonymous_175)
FNDA:0,(anonymous_176)
FNDA:0,(anonymous_177)
FNDA:0,(anonymous_178)
FNDA:0,(anonymous_179)
FNDA:0,(anonymous_180)
FNDA:0,(anonymous_181)
FNDA:0,(anonymous_182)
FNDA:0,(anonymous_183)
FNDA:0,(anonymous_184)
FNDA:0,(anonymous_185)
FNDA:0,(anonymous_186)
FNDA:0,(anonymous_187)
FNDA:0,(anonymous_188)
FNDA:0,(anonymous_189)
FNDA:0,(anonymous_190)
FNDA:0,(anonymous_191)
FNDA:0,getMsalClient
FNDA:0,getSsoRedirectUri
FNDA:0,(anonymous_194)
FNDA:0,(anonymous_195)
FNDA:0,(anonymous_196)
FNDA:0,(anonymous_197)
FNDA:0,(anonymous_198)
FNDA:0,(anonymous_199)
FNDA:0,(anonymous_200)
FNDA:0,(anonymous_201)
FNDA:0,(anonymous_202)
FNDA:0,(anonymous_203)
FNDA:0,(anonymous_204)
FNDA:0,(anonymous_205)
FNDA:0,(anonymous_206)
FNDA:0,(anonymous_207)
FNDA:0,(anonymous_208)
FNDA:0,(anonymous_209)
FNDA:0,(anonymous_210)
FNDA:0,(anonymous_211)
FNDA:0,(anonymous_212)
FNDA:0,(anonymous_213)
FNDA:0,(anonymous_214)
FNDA:0,(anonymous_215)
FNDA:0,(anonymous_216)
FNDA:0,(anonymous_217)
FNDA:0,(anonymous_218)
FNDA:0,(anonymous_219)
FNDA:0,(anonymous_220)
FNDA:0,(anonymous_221)
FNDA:0,(anonymous_222)
FNDA:0,(anonymous_223)
FNDA:0,(anonymous_224)
FNDA:0,(anonymous_225)
FNDA:0,(anonymous_226)
FNDA:0,(anonymous_227)
FNDA:0,(anonymous_228)
FNDA:0,(anonymous_229)
FNDA:0,(anonymous_230)
FNDA:0,(anonymous_231)
FNDA:0,(anonymous_232)
FNDA:0,(anonymous_233)
FNDA:0,(anonymous_234)
FNDA:0,(anonymous_235)
FNDA:0,(anonymous_236)
FNDA:0,(anonymous_237)
FNDA:0,(anonymous_238)
FNDA:0,(anonymous_239)
FNDA:0,(anonymous_240)
FNDA:0,(anonymous_241)
FNDA:0,(anonymous_242)
FNDA:0,(anonymous_243)
FNDA:0,(anonymous_244)
FNDA:0,(anonymous_245)
FNDA:0,(anonymous_246)
FNDA:0,(anonymous_247)
FNDA:0,(anonymous_248)
FNDA:0,(anonymous_249)
FNDA:0,(anonymous_250)
FNDA:0,(anonymous_251)
FNDA:0,(anonymous_252)
FNDA:0,(anonymous_253)
FNDA:0,(anonymous_254)
FNDA:0,(anonymous_255)
FNDA:0,(anonymous_256)
FNDA:0,(anonymous_257)
FNDA:0,(anonymous_258)
FNDA:0,(anonymous_259)
FNDA:0,(anonymous_260)
FNDA:0,(anonymous_261)
FNDA:0,(anonymous_262)
FNDA:0,(anonymous_263)
FNDA:0,(anonymous_264)
FNDA:0,(anonymous_265)
FNDA:0,(anonymous_266)
FNDA:0,(anonymous_267)
FNDA:0,(anonymous_268)
FNDA:0,(anonymous_269)
FNDA:6,parseMonthlyCosts
FNDA:7,cleanVatValue
FNDA:6,parseOptionalNumericField
FNDA:5,parseOptionalMarginField
FNDA:0,dispatchSheetImport
FNDA:4,parseExcelNumericDate
FNDA:16,isValidYear
FNDA:11,parseStringDate
FNDA:8,parseISOOrAUDate
FNDA:38,excelDateToString
FNDA:208,toNum
FNDA:59,toDecimal
FNDA:0,importJobStatus
FNDA:0,(anonymous_283)
FNDA:0,importStaffSOT
FNDA:0,(anonymous_285)
FNDA:0,(anonymous_286)
FNDA:2,buildPipelineRevenueRecord
FNDA:0,importPipelineRevenue
FNDA:2,buildGrossProfitRecord
FNDA:0,importGrossProfit
FNDA:4,buildPersonalHoursTimesheetRecord
FNDA:6,parsePersonalHoursEmployeeFields
FNDA:0,importPersonalHours
FNDA:3,buildProjectHoursKpiRecord
FNDA:0,importProjectHours
FNDA:2,buildCxProjectMaps
FNDA:1,buildCxEmployeeMap
FNDA:3,buildCxRatingRecord
FNDA:0,importCxMasterList
FNDA:3,buildResourceCostRecord
FNDA:4,buildEmployeeNameMap
FNDA:0,importProjectResourceCost
FNDA:0,importProjectResourceCostAF
FNDA:0,importDvfCostFromRow
FNDA:45,excelDateToISOString
FNDA:0,importOpenOpps
DA:45,0
DA:46,0
DA:48,0
DA:52,0
DA:53,0
DA:54,0
DA:56,0
DA:57,0
DA:58,0
DA:59,0
DA:60,0
DA:61,0
DA:63,0
DA:68,12
DA:69,12
DA:70,11
DA:71,11
DA:72,11
DA:73,12
DA:77,2
DA:90,3
DA:91,3
DA:92,6
DA:93,6
DA:95,3
DA:99,2
DA:107,5
DA:111,2
DA:115,3
DA:116,3
DA:117,5
DA:118,3
DA:119,3
DA:122,3
DA:125,2
DA:134,9
DA:139,90
DA:143,2
DA:144,2
DA:145,2
DA:146,2
DA:147,2
DA:148,1
DA:149,1
DA:150,1
DA:151,1
DA:152,1
DA:153,12
DA:154,1
DA:155,1
DA:156,1
DA:158,2
DA:159,2
DA:160,2
DA:161,2
DA:162,2
DA:170,1
DA:186,2
DA:187,1
DA:188,1
DA:189,1
DA:190,1
DA:191,1
DA:192,1
DA:193,1
DA:194,1
DA:196,1
DA:197,1
DA:198,1
DA:199,1
DA:200,1
DA:201,1
DA:206,2
DA:223,5
DA:224,5
DA:225,5
DA:226,5
DA:227,5
DA:228,5
DA:229,5
DA:231,5
DA:235,4
DA:236,4
DA:237,4
DA:238,6
DA:239,4
DA:240,4
DA:241,4
DA:242,4
DA:243,4
DA:245,4
DA:249,5
DA:250,7
DA:251,5
DA:252,5
DA:253,5
DA:254,5
DA:255,1
DA:259,4
DA:262,4
DA:263,4
DA:264,4
DA:265,4
DA:269,2
DA:270,2
DA:271,2
DA:272,2
DA:273,2
DA:274,2
DA:275,2
DA:276,1
DA:277,2
DA:278,1
DA:279,2
DA:280,1
DA:281,1
DA:283,2
DA:300,4
DA:301,4
DA:302,4
DA:303,3
DA:304,4
DA:305,3
DA:306,4
DA:310,4
DA:311,4
DA:312,4
DA:313,4
DA:314,4
DA:316,4
DA:320,4
DA:321,3
DA:322,3
DA:323,3
DA:324,3
DA:325,3
DA:326,3
DA:331,2
DA:332,2
DA:333,2
DA:334,2
DA:335,2
DA:336,2
DA:337,2
DA:338,2
DA:339,2
DA:347,1
DA:350,1
DA:367,4
DA:368,1
DA:370,3
DA:371,1
DA:373,2
DA:377,4
DA:378,1
DA:392,3
DA:393,1
DA:407,2
DA:424,2
DA:425,2
DA:427,24
DA:428,2
DA:433,2
DA:434,2
DA:439,0
DA:440,0
DA:441,0
DA:442,0
DA:451,0
DA:452,0
DA:453,0
DA:454,0
DA:457,0
DA:458,0
DA:465,0
DA:466,0
DA:467,0
DA:468,0
DA:469,0
DA:470,0
DA:471,0
DA:481,0
DA:482,0
DA:489,0
DA:490,0
DA:491,0
DA:492,0
DA:493,0
DA:494,0
DA:495,0
DA:496,0
DA:497,0
DA:498,0
DA:499,0
DA:500,0
DA:501,0
DA:503,0
DA:514,0
DA:515,0
DA:523,4
DA:524,4
DA:525,3
DA:526,3
DA:527,1
DA:528,1
DA:530,2
DA:531,2
DA:532,2
DA:533,1
DA:536,1
DA:540,6
DA:541,5
DA:542,2
DA:546,6
DA:547,4
DA:548,3
DA:552,8
DA:553,7
DA:554,7
DA:555,7
DA:556,8
DA:560,0
DA:561,0
DA:562,0
DA:563,0
DA:564,0
DA:565,0
DA:566,0
DA:567,0
DA:588,0
DA:589,0
DA:591,0
DA:592,0
DA:594,0
DA:595,0
DA:596,0
DA:597,0
DA:598,0
DA:599,0
DA:604,0
DA:608,9
DA:609,9
DA:610,9
DA:611,9
DA:652,2
DA:653,2
DA:654,2
DA:655,2
DA:656,2
DA:658,2
DA:662,1
DA:663,1
DA:664,1
DA:665,2
DA:666,2
DA:667,1
DA:668,1
DA:671,1
DA:675,11
DA:676,11
DA:677,11
DA:678,11
DA:679,11
DA:680,11
DA:681,11
DA:682,11
DA:683,11
DA:684,11
DA:685,11
DA:686,7
DA:687,7
DA:689,11
DA:690,11
DA:691,11
DA:692,11
DA:693,11
DA:694,11
DA:695,11
DA:696,11
DA:697,11
DA:698,11
DA:713,3
DA:714,3
DA:715,3
DA:716,3
DA:717,3
DA:718,3
DA:719,3
DA:720,3
DA:724,4
DA:725,4
DA:726,4
DA:727,8
DA:728,6
DA:730,2
DA:733,4
DA:737,5
DA:738,5
DA:739,9
DA:740,4
DA:741,7
DA:744,9
DA:745,1
DA:748,5
DA:756,2
DA:757,2
DA:758,2
DA:759,2
DA:760,2
DA:761,2
DA:762,2
DA:763,2
DA:764,2
DA:774,4
DA:775,4
DA:776,4
DA:777,4
DA:778,4
DA:779,4
DA:787,6
DA:788,6
DA:789,7
DA:790,5
DA:791,5
DA:792,3
DA:793,3
DA:794,2
DA:795,1
DA:796,1
DA:798,3
DA:804,6
DA:812,6
DA:813,6
DA:814,10
DA:815,10
DA:816,10
DA:817,10
DA:818,10
DA:819,2
DA:820,10
DA:821,10
DA:822,10
DA:823,10
DA:825,6
DA:829,5
DA:830,5
DA:831,5
DA:832,5
DA:833,5
DA:873,0
DA:874,0
DA:875,0
DA:877,0
DA:878,0
DA:879,0
DA:880,0
DA:882,0
DA:883,0
DA:884,0
DA:885,0
DA:886,0
DA:888,0
DA:889,0
DA:890,0
DA:891,0
DA:893,0
DA:894,0
DA:895,0
DA:897,0
DA:898,0
DA:899,0
DA:900,0
DA:901,0
DA:902,0
DA:904,0
DA:905,0
DA:906,0
DA:908,0
DA:909,0
DA:910,0
DA:913,0
DA:914,0
DA:915,0
DA:919,0
DA:920,0
DA:921,0
DA:923,0
DA:924,0
DA:925,0
DA:926,0
DA:928,0
DA:929,0
DA:930,0
DA:931,0
DA:932,0
DA:934,0
DA:935,0
DA:936,0
DA:937,0
DA:939,0
DA:940,0
DA:941,0
DA:945,0
DA:946,0
DA:947,0
DA:949,0
DA:950,0
DA:951,0
DA:952,0
DA:953,0
DA:955,0
DA:956,0
DA:957,0
DA:958,0
DA:960,0
DA:961,0
DA:962,0
DA:965,0
DA:966,0
DA:967,0
DA:990,0
DA:991,0
DA:993,0
DA:998,0
DA:999,0
DA:1000,0
DA:1001,0
DA:1003,0
DA:1004,0
DA:1005,0
DA:1007,0
DA:1008,0
DA:1010,0
DA:1011,0
DA:1012,0
DA:1013,0
DA:1014,0
DA:1016,0
DA:1017,0
DA:1018,0
DA:1019,0
DA:1021,0
DA:1022,0
DA:1023,0
DA:1027,0
DA:1028,0
DA:1029,0
DA:1032,0
DA:1033,0
DA:1034,0
DA:1035,0
DA:1036,0
DA:1037,0
DA:1038,0
DA:1039,0
DA:1041,0
DA:1043,0
DA:1047,0
DA:1048,0
DA:1049,0
DA:1050,0
DA:1052,0
DA:1053,0
DA:1054,0
DA:1056,0
DA:1057,0
DA:1058,0
DA:1059,0
DA:1060,0
DA:1061,0
DA:1062,0
DA:1063,0
DA:1064,0
DA:1068,0
DA:1078,0
DA:1081,0
DA:1084,0
DA:1085,0
DA:1087,0
DA:1088,0
DA:1089,0
DA:1090,0
DA:1091,0
DA:1093,0
DA:1094,0
DA:1095,0
DA:1096,0
DA:1098,0
DA:1099,0
DA:1100,0
DA:1104,0
DA:1105,0
DA:1106,0
DA:1107,0
DA:1109,0
DA:1110,0
DA:1112,0
DA:1113,0
DA:1114,0
DA:1115,0
DA:1116,0
DA:1118,0
DA:1119,0
DA:1120,0
DA:1123,0
DA:1124,0
DA:1125,0
DA:1128,0
DA:1139,0
DA:1141,0
DA:1145,0
DA:1146,0
DA:1147,0
DA:1150,0
DA:1153,0
DA:1168,0
DA:1170,0
DA:1174,0
DA:1175,0
DA:1176,0
DA:1179,0
DA:1182,0
DA:1193,0
DA:1194,0
DA:1195,0
DA:1196,0
DA:1197,0
DA:1198,0
DA:1204,0
DA:1208,0
DA:1218,0
DA:1220,0
DA:1225,0
DA:1226,0
DA:1227,0
DA:1228,0
DA:1230,0
DA:1231,0
DA:1233,0
DA:1234,0
DA:1235,0
DA:1236,0
DA:1237,0
DA:1241,0
DA:1242,0
DA:1243,0
DA:1244,0
DA:1246,0
DA:1247,0
DA:1249,0
DA:1250,0
DA:1251,0
DA:1252,0
DA:1253,0
DA:1257,0
DA:1258,0
DA:1259,0
DA:1260,0
DA:1262,0
DA:1263,0
DA:1265,0
DA:1266,0
DA:1267,0
DA:1268,0
DA:1269,0
DA:1271,0
DA:1272,0
DA:1273,0
DA:1274,0
DA:1276,0
DA:1277,0
DA:1278,0
DA:1281,0
DA:1282,0
DA:1283,0
DA:1284,0
DA:1286,0
DA:1287,0
DA:1288,0
DA:1291,0
DA:1292,0
DA:1294,0
DA:1297,0
DA:1413,0
DA:1414,0
DA:1415,0
DA:1416,0
DA:1417,0
DA:1418,0
DA:1419,0
DA:1421,0
DA:1422,0
DA:1431,0
DA:1435,0
DA:1439,0
DA:1440,0
DA:1441,0
DA:1442,0
DA:1490,0
DA:1491,0
DA:1493,0
DA:1495,0
DA:1497,0
DA:1498,0
DA:1499,0
DA:1500,0
DA:1501,0
DA:1503,0
DA:1504,0
DA:1505,0
DA:1506,0
DA:1509,0
DA:1510,0
DA:1511,0
DA:1512,0
DA:1516,0
DA:1519,0
DA:1520,0
DA:1522,0
DA:1523,0
DA:1524,0
DA:1526,0
DA:1527,0
DA:1533,0
DA:1539,0
DA:1541,0
DA:1545,0
DA:1549,0
DA:1550,0
DA:1551,0
DA:1552,0
DA:1554,0
DA:1602,0
DA:1603,0
DA:1604,0
DA:1605,0
DA:1607,0
DA:1611,0
DA:1612,0
DA:1613,0
DA:1615,0
DA:1616,0
DA:1617,0
DA:1618,0
DA:1619,0
DA:1621,0
DA:1622,0
DA:1623,0
DA:1624,0
DA:1628,0
DA:1629,0
DA:1630,0
DA:1632,0
DA:1633,0
DA:1634,0
DA:1636,0
DA:1637,0
DA:1638,0
DA:1639,0
DA:1640,0
DA:1641,0
DA:1642,0
DA:1643,0
DA:1644,0
DA:1661,0
DA:1662,0
DA:1663,0
DA:1664,0
DA:1665,0
DA:1672,0
DA:1673,0
DA:1675,0
DA:1676,0
DA:1677,0
DA:1678,0
DA:1682,0
DA:1683,0
DA:1684,0
DA:1685,0
DA:1687,0
DA:1688,0
DA:1690,0
DA:1691,0
DA:1692,0
DA:1693,0
DA:1694,0
DA:1698,0
DA:1699,0
DA:1700,0
DA:1701,0
DA:1703,0
DA:1704,0
DA:1705,0
DA:1707,0
DA:1708,0
DA:1710,0
DA:1711,0
DA:1712,0
DA:1713,0
DA:1714,0
DA:1716,0
DA:1717,0
DA:1718,0
DA:1722,0
DA:1723,0
DA:1724,0
DA:1726,0
DA:1727,0
DA:1728,0
DA:1729,0
DA:1731,0
DA:1732,0
DA:1733,0
DA:1734,0
DA:1735,0
DA:1737,0
DA:1738,0
DA:1739,0
DA:1743,0
DA:1744,0
DA:1745,0
DA:1746,0
DA:1747,0
DA:1749,0
DA:1750,0
DA:1751,0
DA:1755,0
DA:1756,0
DA:1757,0
DA:1758,0
DA:1760,0
DA:1761,0
DA:1763,0
DA:1764,0
DA:1765,0
DA:1766,0
DA:1767,0
DA:1769,0
DA:1770,0
DA:1771,0
DA:1772,0
DA:1774,0
DA:1775,0
DA:1776,0
DA:1779,0
DA:1780,0
DA:1781,0
DA:1782,0
DA:1783,0
DA:1788,0
DA:1789,0
DA:1790,0
DA:1791,0
DA:1793,0
DA:1797,0
DA:1798,0
DA:1799,0
DA:1800,0
DA:1801,0
DA:1803,0
DA:1804,0
DA:1805,0
DA:1807,0
DA:1808,0
DA:1809,0
DA:1810,0
DA:1812,0
DA:1813,0
DA:1814,0
DA:1815,0
DA:1816,0
DA:1818,0
DA:1822,0
DA:1823,0
DA:1824,0
DA:1825,0
DA:1826,0
DA:1828,0
DA:1829,0
DA:1830,0
DA:1832,0
DA:1833,0
DA:1834,0
DA:1841,0
DA:1842,0
DA:1843,0
DA:1844,0
DA:1845,0
DA:1847,0
DA:1851,0
DA:1852,0
DA:1853,0
DA:1855,0
DA:1856,0
DA:1857,0
DA:1859,0
DA:1860,0
DA:1863,0
DA:1864,0
DA:1865,0
DA:1866,0
DA:1868,0
DA:1873,0
DA:1874,0
DA:1875,0
DA:1876,0
DA:1877,0
DA:1878,0
DA:1879,0
DA:1881,0
DA:1883,0
DA:1884,0
DA:1885,0
DA:1886,0
DA:1887,0
DA:1888,0
DA:1891,0
DA:1894,0
DA:1895,0
DA:1896,0
DA:1897,0
DA:1898,0
DA:1901,0
DA:1902,0
DA:1903,0
DA:1904,0
DA:1905,0
DA:1906,0
DA:1907,0
DA:1910,0
DA:1911,0
DA:1912,0
DA:1915,0
DA:1916,0
DA:1917,0
DA:1918,0
DA:1919,0
DA:1920,0
DA:1923,0
DA:1924,0
DA:1925,0
DA:1926,0
DA:1927,0
DA:1929,0
DA:1930,0
DA:1931,0
DA:1933,0
DA:1935,0
DA:1936,0
DA:1938,0
DA:1939,0
DA:1940,0
DA:1941,0
DA:1942,0
DA:1949,0
DA:1950,0
DA:1954,0
DA:1962,0
DA:1964,0
DA:1965,0
DA:1966,0
DA:1968,0
DA:1972,0
DA:1973,0
DA:1975,0
DA:1976,0
DA:1977,0
DA:1978,0
DA:1979,0
DA:1982,0
DA:1983,0
DA:1984,0
DA:1985,0
DA:1986,0
DA:1988,0
DA:1989,0
DA:1994,0
DA:1996,0
DA:1997,0
DA:2001,0
DA:2002,0
DA:2003,0
DA:2004,0
DA:2005,0
DA:2007,0
DA:2008,0
DA:2009,0
DA:2011,0
DA:2012,0
DA:2018,0
DA:2019,0
DA:2020,0
DA:2022,0
DA:2023,0
DA:2026,0
DA:2027,0
DA:2028,0
DA:2029,0
DA:2030,0
DA:2039,0
DA:2040,0
DA:2041,0
DA:2042,0
DA:2043,0
DA:2044,0
DA:2046,0
DA:2047,0
DA:2050,0
DA:2052,0
DA:2053,0
DA:2058,0
DA:2059,0
DA:2061,0
DA:2084,0
DA:2085,0
DA:2086,0
DA:2087,0
DA:2088,0
DA:2092,0
DA:2093,0
DA:2095,0
DA:2096,0
DA:2101,0
DA:2103,0
DA:2104,0
DA:2105,0
DA:2106,0
DA:2107,0
DA:2108,0
DA:2109,0
DA:2110,0
DA:2111,0
DA:2112,0
DA:2113,0
DA:2115,0
DA:2117,0
DA:2121,0
DA:2122,0
DA:2123,0
DA:2124,0
DA:2125,0
DA:2127,0
DA:2128,0
DA:2130,0
DA:2131,0
DA:2132,0
DA:2133,0
DA:2136,0
DA:2137,0
DA:2138,0
DA:2139,0
DA:2140,0
DA:2142,0
DA:2143,0
DA:2145,0
DA:2149,0
DA:2151,0
DA:2156,0
DA:2157,0
DA:2158,0
DA:2159,0
DA:2160,0
DA:2161,0
DA:2164,0
DA:2165,0
DA:2166,0
DA:2167,0
DA:2169,0
DA:2172,0
DA:2173,0
DA:2175,0
DA:2178,0
DA:2180,0
DA:2185,0
DA:2186,0
DA:2187,0
DA:2188,0
DA:2194,0
DA:2195,0
DA:2198,0
DA:2199,0
DA:2200,0
DA:2201,0
DA:2202,0
DA:2204,0
DA:2205,0
DA:2208,0
DA:2209,0
DA:2210,0
DA:2211,0
DA:2213,0
DA:2223,0
DA:2227,0
DA:2229,0
DA:2230,0
DA:2231,0
DA:2232,0
DA:2234,0
DA:2240,0
DA:2242,0
DA:2243,0
DA:2244,0
DA:2245,0
DA:2246,0
DA:2247,0
DA:2249,0
DA:2253,0
DA:2254,0
DA:2255,0
DA:2256,0
DA:2257,0
DA:2259,0
DA:2279,0
DA:2283,0
DA:2284,0
DA:2285,0
DA:2287,0
DA:2288,0
DA:2289,0
DA:2291,0
DA:2292,0
DA:2293,0
DA:2296,0
DA:2297,0
DA:2298,0
DA:2299,0
DA:2301,0
DA:2303,0
DA:2304,0
DA:2307,0
DA:2309,0
DA:2310,0
DA:2311,0
DA:2312,0
DA:2333,0
DA:2334,0
DA:2336,0
DA:2337,0
DA:2338,0
DA:2353,0
DA:2355,0
DA:2359,0
DA:2360,0
DA:2361,0
DA:2371,0
DA:2373,0
DA:2377,0
DA:2386,0
DA:2389,0
DA:2392,0
DA:2394,0
DA:2399,0
DA:2400,0
DA:2401,0
DA:2403,0
DA:2404,0
DA:2405,0
DA:2407,0
DA:2408,0
DA:2409,0
DA:2411,0
DA:2412,0
DA:2413,0
DA:2414,0
DA:2416,0
DA:2417,0
DA:2418,0
DA:2419,0
DA:2420,0
DA:2422,0
DA:2423,0
DA:2424,0
DA:2425,0
DA:2426,0
DA:2427,0
DA:2428,0
DA:2429,0
DA:2430,0
DA:2431,0
DA:2432,0
DA:2435,0
DA:2436,0
DA:2437,0
DA:2447,0
DA:2449,0
DA:2450,0
DA:2451,0
DA:2454,0
DA:2455,0
DA:2456,0
DA:2457,0
DA:2458,0
DA:2459,0
DA:2468,0
DA:2469,0
DA:2473,0
DA:2474,0
DA:2475,0
DA:2477,0
DA:2478,0
DA:2479,0
DA:2480,0
DA:2481,0
DA:2489,0
DA:2491,0
DA:2492,0
DA:2493,0
DA:2494,0
DA:2495,0
DA:2496,0
DA:2504,0
DA:2506,0
DA:2507,0
DA:2508,0
DA:2512,0
DA:2513,0
DA:2514,0
DA:2516,0
DA:2517,0
DA:2518,0
DA:2519,0
DA:2520,0
DA:2528,0
DA:2530,0
DA:2531,0
DA:2532,0
DA:2533,0
DA:2534,0
DA:2535,0
DA:2543,0
DA:2545,0
DA:2546,0
DA:2547,0
DA:2551,0
DA:2552,0
DA:2553,0
DA:2555,0
DA:2556,0
DA:2557,0
DA:2558,0
DA:2559,0
DA:2567,0
DA:2569,0
DA:2570,0
DA:2571,0
DA:2572,0
DA:2573,0
DA:2574,0
DA:2582,0
DA:2584,0
DA:2585,0
DA:2586,0
DA:2590,0
DA:2591,0
DA:2592,0
DA:2593,0
DA:2594,0
DA:2595,0
DA:2598,0
DA:2600,0
DA:2601,0
DA:2602,0
DA:2603,0
DA:2604,0
DA:2607,0
DA:2608,0
DA:2609,0
DA:2610,0
DA:2611,0
DA:2612,0
DA:2613,0
DA:2614,0
DA:2615,0
DA:2616,0
DA:2620,0
DA:2621,0
DA:2622,0
DA:2623,0
DA:2624,0
DA:2629,0
DA:2634,0
DA:2635,0
DA:2640,0
DA:2642,0
DA:2645,0
DA:2646,0
DA:2647,0
DA:2648,0
DA:2650,0
DA:2651,0
DA:2653,0
DA:2654,0
DA:2655,0
DA:2658,0
DA:2659,0
DA:2660,0
DA:2661,0
DA:2663,0
DA:2666,0
DA:2669,0
DA:2670,0
DA:2671,0
DA:2673,0
DA:2674,0
DA:2675,0
DA:2676,0
DA:2677,0
DA:2679,0
DA:2680,0
DA:2681,0
DA:2682,0
DA:2683,0
DA:2685,0
DA:2686,0
DA:2687,0
DA:2688,0
DA:2692,0
DA:2693,0
DA:2696,0
DA:2697,0
DA:2698,0
DA:2699,0
DA:2702,0
DA:2703,0
DA:2704,0
DA:2705,0
DA:2706,0
DA:2709,0
DA:2711,0
DA:2716,0
DA:2719,0
DA:2720,0
DA:2721,0
DA:2722,0
DA:2723,0
DA:2724,0
DA:2725,0
DA:2726,0
DA:2728,0
DA:2729,0
DA:2732,0
DA:2733,0
DA:2734,0
DA:2736,0
DA:2739,0
DA:2741,0
DA:2744,0
DA:2745,0
DA:2746,0
DA:2752,0
DA:2753,0
DA:2754,0
DA:2755,0
DA:2756,0
DA:2759,0
DA:2760,0
DA:2761,0
DA:2762,0
DA:2763,0
DA:2764,0
DA:2766,0
DA:2769,0
DA:2770,0
DA:2771,0
DA:2773,0
DA:2774,0
DA:2775,0
DA:2776,0
DA:2777,0
DA:2778,0
DA:2782,0
DA:2783,0
DA:2784,0
DA:2786,0
DA:2787,0
DA:2788,0
DA:2789,0
DA:2790,0
DA:2791,0
DA:2792,0
DA:2794,0
DA:2795,0
DA:2797,0
DA:2798,0
DA:2799,0
DA:2800,0
DA:2801,0
DA:2802,0
DA:2803,0
DA:2807,0
DA:2819,0
DA:2820,0
DA:2822,0
DA:2825,0
DA:2827,0
DA:2828,0
DA:2829,0
DA:2830,0
DA:2831,0
DA:2832,0
DA:2833,0
DA:2837,0
DA:2844,0
DA:2846,0
DA:2847,0
DA:2848,0
DA:2849,0
DA:2851,0
DA:2861,0
DA:2892,0
DA:2894,0
DA:2895,0
DA:2899,0
DA:2909,0
DA:2926,0
DA:2927,0
DA:2932,0
DA:2933,0
DA:2934,0
DA:2938,0
DA:2939,0
DA:2940,0
DA:2941,0
DA:2942,0
DA:2948,0
DA:2952,0
DA:2953,0
DA:2954,0
DA:2955,0
DA:2956,0
DA:2957,0
DA:2960,0
DA:2961,0
DA:2962,0
DA:2963,0
DA:2964,0
DA:2965,0
DA:2968,0
DA:2969,0
DA:2971,0
DA:2972,0
DA:2975,0
DA:2976,0
DA:2979,0
DA:2980,0
DA:2983,0
DA:2999,0
DA:3000,0
DA:3001,0
DA:3003,0
DA:3006,0
DA:3007,0
DA:3008,0
DA:3012,0
DA:3019,0
DA:3020,0
DA:3021,0
DA:3022,0
DA:3026,0
DA:3027,0
DA:3029,0
DA:3030,0
DA:3031,0
DA:3032,0
DA:3034,0
DA:3040,0
DA:3041,0
DA:3042,0
DA:3043,0
DA:3045,0
DA:3046,0
DA:3047,0
DA:3048,0
DA:3049,0
DA:3050,0
DA:3051,0
DA:3052,0
DA:3053,0
DA:3054,0
DA:3057,0
DA:3058,0
DA:3060,0
DA:3061,0
DA:3064,0
DA:3066,0
DA:3069,0
DA:3072,0
DA:3073,0
DA:3074,0
DA:3075,0
DA:3077,0
DA:3078,0
DA:3081,0
DA:3082,0
DA:3083,0
DA:3084,0
DA:3085,0
DA:3086,0
DA:3088,0
DA:3089,0
DA:3090,0
DA:3092,0
DA:3094,0
DA:3095,0
DA:3098,0
DA:3136,0
DA:3146,0
DA:3147,0
DA:3148,0
DA:3149,0
DA:3151,0
DA:3152,0
DA:3155,0
DA:3156,0
DA:3161,0
DA:3162,0
DA:3163,0
DA:3164,0
DA:3165,0
DA:3168,0
DA:3169,0
DA:3170,0
DA:3171,0
DA:3172,0
DA:3175,0
DA:3176,0
DA:3177,0
DA:3178,0
DA:3179,0
DA:3181,0
DA:3185,0
DA:3186,0
DA:3187,0
DA:3191,0
DA:3192,0
DA:3193,0
DA:3194,0
DA:3195,0
DA:3196,0
DA:3197,0
DA:3199,0
DA:3204,0
DA:3205,0
DA:3208,0
DA:3209,0
DA:3211,0
DA:3216,0
DA:3217,0
DA:3218,0
DA:3219,0
DA:3221,0
DA:3225,0
DA:3226,0
DA:3227,0
DA:3228,0
DA:3229,0
DA:3230,0
DA:3232,0
DA:3236,0
DA:3237,0
DA:3238,0
DA:3239,0
DA:3240,0
DA:3241,0
DA:3242,0
DA:3243,0
DA:3244,0
DA:3245,0
DA:3246,0
DA:3248,0
DA:3249,0
DA:3250,0
DA:3252,0
DA:3256,0
DA:3257,0
DA:3258,0
DA:3259,0
DA:3260,0
DA:3262,0
DA:3264,0
DA:3265,0
DA:3267,0
DA:3268,0
DA:3269,0
DA:3275,0
DA:3276,0
DA:3277,0
DA:3278,0
DA:3280,0
DA:3286,0
DA:3287,0
DA:3288,0
DA:3289,0
DA:3290,0
DA:3291,0
DA:3293,0
DA:3296,0
DA:3297,0
DA:3298,0
DA:3300,0
DA:3304,0
DA:3308,6
DA:3309,6
DA:3310,6
DA:3311,23
DA:3312,23
DA:3313,23
DA:3315,6
DA:3319,7
DA:3320,5
DA:3321,5
DA:3322,5
DA:3326,6
DA:3327,3
DA:3328,3
DA:3332,5
DA:3333,3
DA:3334,3
DA:3338,0
DA:3339,0
DA:3340,0
DA:3341,0
DA:3343,0
DA:3344,0
DA:3345,0
DA:3346,0
DA:3347,0
DA:3348,0
DA:3349,0
DA:3350,0
DA:3354,4
DA:3355,4
DA:3356,4
DA:3360,16
DA:3364,11
DA:3365,6
DA:3366,6
DA:3367,5
DA:3368,5
DA:3369,2
DA:3371,1
DA:3375,8
DA:3376,8
DA:3377,2
DA:3378,2
DA:3379,1
DA:3381,6
DA:3382,6
DA:3383,4
DA:3384,4
DA:3385,4
DA:3387,2
DA:3391,38
DA:3392,8
DA:3393,6
DA:3397,208
DA:3398,97
DA:3399,208
DA:3403,59
DA:3404,9
DA:3405,59
DA:3409,0
DA:3410,0
DA:3411,0
DA:3413,0
DA:3414,0
DA:3415,0
DA:3417,0
DA:3418,0
DA:3419,0
DA:3420,0
DA:3421,0
DA:3422,0
DA:3423,0
DA:3424,0
DA:3425,0
DA:3427,0
DA:3428,0
DA:3429,0
DA:3430,0
DA:3431,0
DA:3433,0
DA:3436,0
DA:3440,0
DA:3441,0
DA:3442,0
DA:3444,0
DA:3445,0
DA:3446,0
DA:3447,0
DA:3449,0
DA:3450,0
DA:3451,0
DA:3452,0
DA:3453,0
DA:3454,0
DA:3456,0
DA:3457,0
DA:3460,0
DA:3461,0
DA:3462,0
DA:3464,0
DA:3465,0
DA:3467,0
DA:3468,0
DA:3469,0
DA:3471,0
DA:3472,0
DA:3473,0
DA:3476,0
DA:3480,2
DA:3513,0
DA:3514,0
DA:3515,0
DA:3517,0
DA:3518,0
DA:3520,0
DA:3521,0
DA:3522,0
DA:3523,0
DA:3524,0
DA:3525,0
DA:3526,0
DA:3527,0
DA:3528,0
DA:3529,0
DA:3530,0
DA:3532,0
DA:3535,0
DA:3539,2
DA:3563,0
DA:3564,0
DA:3565,0
DA:3567,0
DA:3568,0
DA:3569,0
DA:3570,0
DA:3571,0
DA:3572,0
DA:3573,0
DA:3574,0
DA:3575,0
DA:3576,0
DA:3578,0
DA:3581,0
DA:3585,4
DA:3603,6
DA:3604,6
DA:3605,6
DA:3606,4
DA:3607,6
DA:3611,0
DA:3612,0
DA:3613,0
DA:3615,0
DA:3616,0
DA:3617,0
DA:3619,0
DA:3620,0
DA:3621,0
DA:3623,0
DA:3624,0
DA:3625,0
DA:3626,0
DA:3627,0
DA:3628,0
DA:3629,0
DA:3631,0
DA:3632,0
DA:3634,0
DA:3635,0
DA:3636,0
DA:3637,0
DA:3639,0
DA:3641,0
DA:3642,0
DA:3643,0
DA:3645,0
DA:3648,0
DA:3652,3
DA:3653,3
DA:3654,3
DA:3655,3
DA:3656,3
DA:3657,3
DA:3675,0
DA:3676,0
DA:3677,0
DA:3679,0
DA:3680,0
DA:3681,0
DA:3683,0
DA:3684,0
DA:3685,0
DA:3686,0
DA:3687,0
DA:3688,0
DA:3689,0
DA:3690,0
DA:3692,0
DA:3693,0
DA:3694,0
DA:3696,0
DA:3699,0
DA:3703,2
DA:3704,2
DA:3705,2
DA:3706,3
DA:3707,3
DA:3708,3
DA:3709,3
DA:3710,1
DA:3711,1
DA:3714,2
DA:3718,1
DA:3719,1
DA:3720,2
DA:3721,2
DA:3722,2
DA:3724,1
DA:3728,3
DA:3729,3
DA:3730,3
DA:3744,0
DA:3745,0
DA:3746,0
DA:3748,0
DA:3749,0
DA:3751,0
DA:3752,0
DA:3754,0
DA:3755,0
DA:3756,0
DA:3757,0
DA:3758,0
DA:3759,0
DA:3761,0
DA:3762,0
DA:3763,0
DA:3764,0
DA:3765,0
DA:3766,0
DA:3768,0
DA:3771,0
DA:3784,3
DA:3799,4
DA:3800,4
DA:3801,4
DA:3802,4
DA:3804,4
DA:3808,0
DA:3809,0
DA:3810,0
DA:3812,0
DA:3813,0
DA:3815,0
DA:3816,0
DA:3817,0
DA:3818,0
DA:3819,0
DA:3820,0
DA:3821,0
DA:3822,0
DA:3823,0
DA:3824,0
DA:3825,0
DA:3826,0
DA:3828,0
DA:3831,0
DA:3835,0
DA:3836,0
DA:3837,0
DA:3839,0
DA:3840,0
DA:3842,0
DA:3843,0
DA:3844,0
DA:3845,0
DA:3846,0
DA:3847,0
DA:3848,0
DA:3849,0
DA:3850,0
DA:3851,0
DA:3852,0
DA:3853,0
DA:3855,0
DA:3857,0
DA:3860,0
DA:3864,0
DA:3865,0
DA:3866,0
DA:3867,0
DA:3868,0
DA:3869,0
DA:3870,0
DA:3871,0
DA:3872,0
DA:3876,45
DA:3877,9
DA:3878,9
DA:3879,3
DA:3880,1
DA:3882,6
DA:3883,6
DA:3884,6
DA:3888,0
DA:3889,0
DA:3890,0
DA:3892,0
DA:3894,0
DA:3902,0
DA:3903,0
DA:3904,0
DA:3906,0
DA:3907,0
DA:3908,0
DA:3910,0
DA:3911,0
DA:3913,0
DA:3914,0
DA:3915,0
DA:3916,0
DA:3917,0
DA:3919,0
DA:3922,0
LF:1826
LH:377
BRDA:45,0,0,0
BRDA:45,0,1,0
BRDA:53,1,0,0
BRDA:53,1,1,0
BRDA:56,2,0,0
BRDA:56,2,1,0
BRDA:57,3,0,0
BRDA:57,3,1,0
BRDA:59,4,0,0
BRDA:59,4,1,0
BRDA:59,4,2,0
BRDA:60,5,0,0
BRDA:60,5,1,0
BRDA:68,6,0,3
BRDA:68,6,1,9
BRDA:69,7,0,1
BRDA:69,7,1,11
BRDA:72,8,0,7
BRDA:72,8,1,4
BRDA:79,9,0,1
BRDA:79,9,1,1
BRDA:80,10,0,2
BRDA:80,10,1,1
BRDA:81,11,0,2
BRDA:81,11,1,1
BRDA:82,12,0,2
BRDA:82,12,1,1
BRDA:83,13,0,2
BRDA:83,13,1,1
BRDA:84,14,0,2
BRDA:84,14,1,1
BRDA:85,15,0,2
BRDA:85,15,1,1
BRDA:92,16,0,2
BRDA:92,16,1,4
BRDA:93,17,0,6
BRDA:93,17,1,0
BRDA:102,18,0,1
BRDA:102,18,1,1
BRDA:107,19,0,5
BRDA:107,19,1,4
BRDA:107,19,2,3
BRDA:107,19,3,2
BRDA:117,20,0,3
BRDA:117,20,1,2
BRDA:118,21,0,2
BRDA:118,21,1,1
BRDA:139,22,0,90
BRDA:139,22,1,73
BRDA:148,23,0,1
BRDA:148,23,1,0
BRDA:151,24,0,1
BRDA:151,24,1,1
BRDA:152,25,0,1
BRDA:152,25,1,0
BRDA:153,26,0,12
BRDA:153,26,1,11
BRDA:156,27,0,1
BRDA:156,27,1,0
BRDA:159,28,0,1
BRDA:159,28,1,1
BRDA:159,29,0,1
BRDA:159,29,1,0
BRDA:160,30,0,1
BRDA:160,30,1,1
BRDA:160,31,0,1
BRDA:160,31,1,1
BRDA:160,32,0,1
BRDA:160,32,1,1
BRDA:161,33,0,1
BRDA:161,33,1,0
BRDA:188,34,0,1
BRDA:188,34,1,0
BRDA:189,35,0,1
BRDA:189,35,1,0
BRDA:190,36,0,1
BRDA:190,36,1,0
BRDA:192,37,0,1
BRDA:192,37,1,0
BRDA:193,38,0,1
BRDA:193,38,1,0
BRDA:194,39,0,1
BRDA:194,39,1,0
BRDA:196,40,0,1
BRDA:196,40,1,0
BRDA:197,41,0,1
BRDA:197,41,1,1
BRDA:198,42,0,1
BRDA:198,42,1,1
BRDA:199,43,0,1
BRDA:199,43,1,0
BRDA:200,44,0,0
BRDA:200,44,1,1
BRDA:201,45,0,1
BRDA:201,45,1,0
BRDA:201,46,0,1
BRDA:201,46,1,1
BRDA:201,47,0,1
BRDA:201,47,1,1
BRDA:226,48,0,4
BRDA:226,48,1,1
BRDA:227,49,0,5
BRDA:227,49,1,1
BRDA:228,50,0,5
BRDA:228,50,1,1
BRDA:229,51,0,5
BRDA:229,51,1,1
BRDA:229,52,0,5
BRDA:229,52,1,1
BRDA:237,53,0,4
BRDA:237,53,1,1
BRDA:239,54,0,4
BRDA:239,54,1,0
BRDA:240,55,0,4
BRDA:240,55,1,0
BRDA:241,56,0,4
BRDA:241,56,1,0
BRDA:251,57,0,5
BRDA:251,57,1,0
BRDA:252,58,0,5
BRDA:252,58,1,0
BRDA:253,59,0,0
BRDA:253,59,1,0
BRDA:253,60,0,0
BRDA:253,60,1,0
BRDA:253,61,0,5
BRDA:253,61,1,0
BRDA:254,62,0,4
BRDA:254,62,1,1
BRDA:260,63,0,4
BRDA:260,63,1,0
BRDA:269,64,0,1
BRDA:269,64,1,0
BRDA:278,65,0,1
BRDA:278,65,1,0
BRDA:281,66,0,1
BRDA:281,66,1,0
BRDA:300,67,0,3
BRDA:300,67,1,0
BRDA:301,68,0,3
BRDA:301,68,1,0
BRDA:302,69,0,2
BRDA:302,69,1,2
BRDA:303,70,0,3
BRDA:303,70,1,0
BRDA:304,71,0,2
BRDA:304,71,1,2
BRDA:305,72,0,3
BRDA:305,72,1,0
BRDA:312,73,0,4
BRDA:312,73,1,1
BRDA:314,74,0,4
BRDA:314,74,1,3
BRDA:322,75,0,3
BRDA:322,75,1,0
BRDA:323,76,0,3
BRDA:323,76,1,0
BRDA:324,77,0,2
BRDA:324,77,1,1
BRDA:325,78,0,3
BRDA:325,78,1,1
BRDA:337,79,0,1
BRDA:337,79,1,1
BRDA:337,80,0,2
BRDA:337,80,1,1
BRDA:338,81,0,1
BRDA:338,81,1,1
BRDA:353,82,0,0
BRDA:353,82,1,2
BRDA:354,83,0,0
BRDA:354,83,1,2
BRDA:355,84,0,2
BRDA:355,84,1,1
BRDA:367,85,0,1
BRDA:367,85,1,3
BRDA:370,86,0,1
BRDA:370,86,1,2
BRDA:377,87,0,1
BRDA:377,87,1,3
BRDA:392,88,0,1
BRDA:392,88,1,2
BRDA:427,89,0,24
BRDA:427,89,1,0
BRDA:428,90,0,2
BRDA:428,90,1,1
BRDA:452,91,0,0
BRDA:452,91,1,0
BRDA:453,92,0,0
BRDA:453,92,1,0
BRDA:467,93,0,0
BRDA:467,93,1,0
BRDA:473,94,0,0
BRDA:473,94,1,0
BRDA:491,95,0,0
BRDA:491,95,1,0
BRDA:492,96,0,0
BRDA:492,96,1,0
BRDA:493,97,0,0
BRDA:493,97,1,0
BRDA:494,98,0,0
BRDA:494,98,1,0
BRDA:498,99,0,0
BRDA:498,99,1,0
BRDA:500,100,0,0
BRDA:500,100,1,0
BRDA:506,101,0,0
BRDA:506,101,1,0
BRDA:524,102,0,1
BRDA:524,102,1,3
BRDA:526,103,0,1
BRDA:526,103,1,2
BRDA:528,104,0,1
BRDA:528,104,1,0
BRDA:532,105,0,1
BRDA:532,105,1,1
BRDA:532,106,0,2
BRDA:532,106,1,1
BRDA:540,107,0,1
BRDA:540,107,1,5
BRDA:541,108,0,3
BRDA:541,108,1,2
BRDA:546,109,0,2
BRDA:546,109,1,4
BRDA:547,110,0,1
BRDA:547,110,1,3
BRDA:552,111,0,1
BRDA:552,111,1,7
BRDA:555,112,0,3
BRDA:555,112,1,4
BRDA:566,113,0,0
BRDA:566,113,1,0
BRDA:566,114,0,0
BRDA:566,114,1,0
BRDA:566,114,2,0
BRDA:588,115,0,0
BRDA:588,115,1,0
BRDA:591,116,0,0
BRDA:591,116,1,0
BRDA:594,117,0,0
BRDA:594,117,1,0
BRDA:594,118,0,0
BRDA:594,118,1,0
BRDA:594,118,2,0
BRDA:608,119,0,9
BRDA:608,119,1,7
BRDA:609,120,0,2
BRDA:609,120,1,7
BRDA:610,121,0,9
BRDA:610,121,1,5
BRDA:616,122,0,2
BRDA:616,122,1,7
BRDA:617,123,0,2
BRDA:617,123,1,7
BRDA:618,124,0,0
BRDA:618,124,1,9
BRDA:619,125,0,2
BRDA:619,125,1,7
BRDA:620,126,0,9
BRDA:620,126,1,5
BRDA:621,127,0,0
BRDA:621,127,1,9
BRDA:622,128,0,0
BRDA:622,128,1,9
BRDA:623,129,0,0
BRDA:623,129,1,9
BRDA:624,130,0,2
BRDA:624,130,1,7
BRDA:626,131,0,5
BRDA:626,131,1,4
BRDA:627,132,0,2
BRDA:627,132,1,7
BRDA:627,133,0,9
BRDA:627,133,1,4
BRDA:641,134,0,0
BRDA:641,134,1,9
BRDA:666,135,0,1
BRDA:666,135,1,1
BRDA:677,136,0,2
BRDA:677,136,1,9
BRDA:677,137,0,11
BRDA:677,137,1,5
BRDA:677,137,2,2
BRDA:680,138,0,2
BRDA:680,138,1,9
BRDA:680,139,0,11
BRDA:680,139,1,5
BRDA:680,139,2,2
BRDA:681,140,0,2
BRDA:681,140,1,9
BRDA:684,141,0,7
BRDA:684,141,1,4
BRDA:685,142,0,7
BRDA:685,142,1,4
BRDA:687,143,0,2
BRDA:687,143,1,5
BRDA:689,144,0,2
BRDA:689,144,1,9
BRDA:690,145,0,1
BRDA:690,145,1,10
BRDA:691,146,0,1
BRDA:691,146,1,10
BRDA:692,147,0,2
BRDA:692,147,1,9
BRDA:693,148,0,1
BRDA:693,148,1,10
BRDA:694,149,0,1
BRDA:694,149,1,10
BRDA:695,150,0,1
BRDA:695,150,1,10
BRDA:696,151,0,1
BRDA:696,151,1,10
BRDA:714,152,0,2
BRDA:714,152,1,1
BRDA:714,153,0,1
BRDA:714,153,1,1
BRDA:715,154,0,1
BRDA:715,154,1,2
BRDA:715,155,0,1
BRDA:715,155,1,0
BRDA:716,156,0,1
BRDA:716,156,1,2
BRDA:716,157,0,0
BRDA:716,157,1,1
BRDA:717,158,0,0
BRDA:717,158,1,3
BRDA:717,159,0,0
BRDA:717,159,1,0
BRDA:718,160,0,1
BRDA:718,160,1,2
BRDA:718,161,0,1
BRDA:718,161,1,0
BRDA:719,162,0,1
BRDA:719,162,1,2
BRDA:727,163,0,6
BRDA:727,163,1,2
BRDA:739,164,0,4
BRDA:739,164,1,5
BRDA:741,165,0,7
BRDA:741,165,1,0
BRDA:744,166,0,1
BRDA:744,166,1,8
BRDA:757,167,0,2
BRDA:757,167,1,1
BRDA:758,168,0,2
BRDA:758,168,1,1
BRDA:758,169,0,1
BRDA:758,169,1,1
BRDA:759,170,0,2
BRDA:759,170,1,1
BRDA:760,171,0,2
BRDA:760,171,1,1
BRDA:762,172,0,1
BRDA:762,172,1,1
BRDA:775,173,0,2
BRDA:775,173,1,2
BRDA:776,174,0,1
BRDA:776,174,1,3
BRDA:776,175,0,4
BRDA:776,175,1,2
BRDA:776,176,0,1
BRDA:776,176,1,1
BRDA:777,177,0,1
BRDA:777,177,1,3
BRDA:778,178,0,1
BRDA:778,178,1,3
BRDA:789,179,0,2
BRDA:789,179,1,5
BRDA:790,180,0,0
BRDA:790,180,1,5
BRDA:791,181,0,2
BRDA:791,181,1,3
BRDA:793,182,0,2
BRDA:793,182,1,1
BRDA:795,183,0,1
BRDA:795,183,1,0
BRDA:799,184,0,3
BRDA:799,184,1,0
BRDA:814,185,0,10
BRDA:814,185,1,1
BRDA:814,186,0,8
BRDA:814,186,1,2
BRDA:815,187,0,8
BRDA:815,187,1,2
BRDA:816,188,0,10
BRDA:816,188,1,6
BRDA:818,189,0,2
BRDA:818,189,1,8
BRDA:818,190,0,2
BRDA:818,190,1,6
BRDA:820,191,0,3
BRDA:820,191,1,7
BRDA:822,192,0,2
BRDA:822,192,1,8
BRDA:831,193,0,5
BRDA:831,193,1,1
BRDA:832,194,0,5
BRDA:832,194,1,2
BRDA:843,195,0,3
BRDA:843,195,1,2
BRDA:844,196,0,3
BRDA:844,196,1,2
BRDA:846,197,0,1
BRDA:846,197,1,4
BRDA:849,198,0,5
BRDA:849,198,1,2
BRDA:854,199,0,2
BRDA:854,199,1,3
BRDA:854,200,0,5
BRDA:854,200,1,2
BRDA:860,201,0,1
BRDA:860,201,1,4
BRDA:861,202,0,1
BRDA:861,202,1,4
BRDA:879,203,0,0
BRDA:879,203,1,0
BRDA:884,204,0,0
BRDA:884,204,1,0
BRDA:890,205,0,0
BRDA:890,205,1,0
BRDA:900,206,0,0
BRDA:900,206,1,0
BRDA:900,207,0,0
BRDA:900,207,1,0
BRDA:901,208,0,0
BRDA:901,208,1,0
BRDA:901,209,0,0
BRDA:901,209,1,0
BRDA:905,210,0,0
BRDA:905,210,1,0
BRDA:909,211,0,0
BRDA:909,211,1,0
BRDA:913,212,0,0
BRDA:913,212,1,0
BRDA:914,213,0,0
BRDA:914,213,1,0
BRDA:925,214,0,0
BRDA:925,214,1,0
BRDA:930,215,0,0
BRDA:930,215,1,0
BRDA:936,216,0,0
BRDA:936,216,1,0
BRDA:951,217,0,0
BRDA:951,217,1,0
BRDA:957,218,0,0
BRDA:957,218,1,0
BRDA:990,219,0,0
BRDA:990,219,1,0
BRDA:999,220,0,0
BRDA:999,220,1,0
BRDA:1003,221,0,0
BRDA:1003,221,1,0
BRDA:1012,222,0,0
BRDA:1012,222,1,0
BRDA:1018,223,0,0
BRDA:1018,223,1,0
BRDA:1034,224,0,0
BRDA:1034,224,1,0
BRDA:1035,225,0,0
BRDA:1035,225,1,0
BRDA:1038,226,0,0
BRDA:1038,226,1,0
BRDA:1048,227,0,0
BRDA:1048,227,1,0
BRDA:1052,228,0,0
BRDA:1052,228,1,0
BRDA:1056,229,0,0
BRDA:1056,229,1,0
BRDA:1060,230,0,0
BRDA:1060,230,1,0
BRDA:1072,231,0,0
BRDA:1072,231,1,0
BRDA:1073,232,0,0
BRDA:1073,232,1,0
BRDA:1075,233,0,0
BRDA:1075,233,1,0
BRDA:1076,234,0,0
BRDA:1076,234,1,0
BRDA:1089,235,0,0
BRDA:1089,235,1,0
BRDA:1095,236,0,0
BRDA:1095,236,1,0
BRDA:1105,237,0,0
BRDA:1105,237,1,0
BRDA:1114,238,0,0
BRDA:1114,238,1,0
BRDA:1125,239,0,0
BRDA:1125,239,1,0
BRDA:1147,240,0,0
BRDA:1147,240,1,0
BRDA:1150,241,0,0
BRDA:1150,241,1,0
BRDA:1176,242,0,0
BRDA:1176,242,1,0
BRDA:1179,243,0,0
BRDA:1179,243,1,0
BRDA:1193,244,0,0
BRDA:1193,244,1,0
BRDA:1196,245,0,0
BRDA:1196,245,1,0
BRDA:1210,246,0,0
BRDA:1210,246,1,0
BRDA:1211,247,0,0
BRDA:1211,247,1,0
BRDA:1212,248,0,0
BRDA:1212,248,1,0
BRDA:1213,249,0,0
BRDA:1213,249,1,0
BRDA:1214,250,0,0
BRDA:1214,250,1,0
BRDA:1215,251,0,0
BRDA:1215,251,1,0
BRDA:1216,252,0,0
BRDA:1216,252,1,0
BRDA:1226,253,0,0
BRDA:1226,253,1,0
BRDA:1235,254,0,0
BRDA:1235,254,1,0
BRDA:1242,255,0,0
BRDA:1242,255,1,0
BRDA:1251,256,0,0
BRDA:1251,256,1,0
BRDA:1258,257,0,0
BRDA:1258,257,1,0
BRDA:1267,258,0,0
BRDA:1267,258,1,0
BRDA:1273,259,0,0
BRDA:1273,259,1,0
BRDA:1283,260,0,0
BRDA:1283,260,1,0
BRDA:1292,261,0,0
BRDA:1292,261,1,0
BRDA:1417,262,0,0
BRDA:1417,262,1,0
BRDA:1441,263,0,0
BRDA:1441,263,1,0
BRDA:1499,264,0,0
BRDA:1499,264,1,0
BRDA:1505,265,0,0
BRDA:1505,265,1,0
BRDA:1512,266,0,0
BRDA:1512,266,1,0
BRDA:1519,267,0,0
BRDA:1519,267,1,0
BRDA:1520,268,0,0
BRDA:1520,268,1,0
BRDA:1522,269,0,0
BRDA:1522,269,1,0
BRDA:1522,270,0,0
BRDA:1522,270,1,0
BRDA:1522,270,2,0
BRDA:1534,271,0,0
BRDA:1534,271,1,0
BRDA:1551,272,0,0
BRDA:1551,272,1,0
BRDA:1617,273,0,0
BRDA:1617,273,1,0
BRDA:1623,274,0,0
BRDA:1623,274,1,0
BRDA:1638,275,0,0
BRDA:1638,275,1,0
BRDA:1640,276,0,0
BRDA:1640,276,1,0
BRDA:1661,277,0,0
BRDA:1661,277,1,0
BRDA:1663,278,0,0
BRDA:1663,278,1,0
BRDA:1664,279,0,0
BRDA:1664,279,1,0
BRDA:1668,280,0,0
BRDA:1668,280,1,0
BRDA:1677,281,0,0
BRDA:1677,281,1,0
BRDA:1683,282,0,0
BRDA:1683,282,1,0
BRDA:1692,283,0,0
BRDA:1692,283,1,0
BRDA:1699,284,0,0
BRDA:1699,284,1,0
BRDA:1703,285,0,0
BRDA:1703,285,1,0
BRDA:1712,286,0,0
BRDA:1712,286,1,0
BRDA:1728,287,0,0
BRDA:1728,287,1,0
BRDA:1733,288,0,0
BRDA:1733,288,1,0
BRDA:1745,289,0,0
BRDA:1745,289,1,0
BRDA:1756,290,0,0
BRDA:1756,290,1,0
BRDA:1765,291,0,0
BRDA:1765,291,1,0
BRDA:1771,292,0,0
BRDA:1771,292,1,0
BRDA:1782,293,0,0
BRDA:1782,293,1,0
BRDA:1791,294,0,0
BRDA:1791,294,1,0
BRDA:1800,295,0,0
BRDA:1800,295,1,0
BRDA:1800,296,0,0
BRDA:1800,296,1,0
BRDA:1804,297,0,0
BRDA:1804,297,1,0
BRDA:1809,298,0,0
BRDA:1809,298,1,0
BRDA:1814,299,0,0
BRDA:1814,299,1,0
BRDA:1818,300,0,0
BRDA:1818,300,1,0
BRDA:1825,301,0,0
BRDA:1825,301,1,0
BRDA:1825,302,0,0
BRDA:1825,302,1,0
BRDA:1829,303,0,0
BRDA:1829,303,1,0
BRDA:1837,304,0,0
BRDA:1837,304,1,0
BRDA:1838,305,0,0
BRDA:1838,305,1,0
BRDA:1847,306,0,0
BRDA:1847,306,1,0
BRDA:1852,307,0,0
BRDA:1852,307,1,0
BRDA:1856,308,0,0
BRDA:1856,308,1,0
BRDA:1865,309,0,0
BRDA:1865,309,1,0
BRDA:1874,310,0,0
BRDA:1874,310,1,0
BRDA:1875,311,0,0
BRDA:1875,311,1,0
BRDA:1886,312,0,0
BRDA:1886,312,1,0
BRDA:1887,313,0,0
BRDA:1887,313,1,0
BRDA:1895,314,0,0
BRDA:1895,314,1,0
BRDA:1896,315,0,0
BRDA:1896,315,1,0
BRDA:1902,316,0,0
BRDA:1902,316,1,0
BRDA:1903,317,0,0
BRDA:1903,317,1,0
BRDA:1905,318,0,0
BRDA:1905,318,1,0
BRDA:1917,319,0,0
BRDA:1917,319,1,0
BRDA:1919,320,0,0
BRDA:1919,320,1,0
BRDA:1926,321,0,0
BRDA:1926,321,1,0
BRDA:1927,322,0,0
BRDA:1927,322,1,0
BRDA:1930,323,0,0
BRDA:1930,323,1,0
BRDA:1930,324,0,0
BRDA:1930,324,1,0
BRDA:1930,324,2,0
BRDA:1933,325,0,0
BRDA:1933,325,1,0
BRDA:1936,326,0,0
BRDA:1936,326,1,0
BRDA:1946,327,0,0
BRDA:1946,327,1,0
BRDA:1956,328,0,0
BRDA:1956,328,1,0
BRDA:1957,329,0,0
BRDA:1957,329,1,0
BRDA:1958,330,0,0
BRDA:1958,330,1,0
BRDA:1964,331,0,0
BRDA:1964,331,1,0
BRDA:1964,332,0,0
BRDA:1964,332,1,0
BRDA:1972,333,0,0
BRDA:1972,333,1,0
BRDA:1975,334,0,0
BRDA:1975,334,1,0
BRDA:1975,334,2,0
BRDA:1976,335,0,0
BRDA:1976,335,1,0
BRDA:1976,335,2,0
BRDA:1985,336,0,0
BRDA:1985,336,1,0
BRDA:1997,337,0,0
BRDA:1997,337,1,0
BRDA:2004,338,0,0
BRDA:2004,338,1,0
BRDA:2008,339,0,0
BRDA:2008,339,1,0
BRDA:2019,340,0,0
BRDA:2019,340,1,0
BRDA:2019,340,2,0
BRDA:2019,340,3,0
BRDA:2020,341,0,0
BRDA:2020,341,1,0
BRDA:2020,341,2,0
BRDA:2022,342,0,0
BRDA:2022,342,1,0
BRDA:2027,343,0,0
BRDA:2027,343,1,0
BRDA:2041,344,0,0
BRDA:2041,344,1,0
BRDA:2042,345,0,0
BRDA:2042,345,1,0
BRDA:2044,346,0,0
BRDA:2044,346,1,0
BRDA:2046,347,0,0
BRDA:2046,347,1,0
BRDA:2096,348,0,0
BRDA:2096,348,1,0
BRDA:2105,349,0,0
BRDA:2105,349,1,0
BRDA:2109,350,0,0
BRDA:2109,350,1,0
BRDA:2117,351,0,0
BRDA:2117,351,1,0
BRDA:2123,352,0,0
BRDA:2123,352,1,0
BRDA:2124,353,0,0
BRDA:2124,353,1,0
BRDA:2125,354,0,0
BRDA:2125,354,1,0
BRDA:2138,355,0,0
BRDA:2138,355,1,0
BRDA:2145,356,0,0
BRDA:2145,356,1,0
BRDA:2151,357,0,0
BRDA:2151,357,1,0
BRDA:2158,358,0,0
BRDA:2158,358,1,0
BRDA:2160,359,0,0
BRDA:2160,359,1,0
BRDA:2160,360,0,0
BRDA:2160,360,1,0
BRDA:2166,361,0,0
BRDA:2166,361,1,0
BRDA:2169,362,0,0
BRDA:2169,362,1,0
BRDA:2172,363,0,0
BRDA:2172,363,1,0
BRDA:2180,364,0,0
BRDA:2180,364,1,0
BRDA:2187,365,0,0
BRDA:2187,365,1,0
BRDA:2187,366,0,0
BRDA:2187,366,1,0
BRDA:2189,367,0,0
BRDA:2189,367,1,0
BRDA:2201,368,0,0
BRDA:2201,368,1,0
BRDA:2204,369,0,0
BRDA:2204,369,1,0
BRDA:2204,370,0,0
BRDA:2204,370,1,0
BRDA:2230,371,0,0
BRDA:2230,371,1,0
BRDA:2231,372,0,0
BRDA:2231,372,1,0
BRDA:2234,373,0,0
BRDA:2234,373,1,0
BRDA:2244,374,0,0
BRDA:2244,374,1,0
BRDA:2255,375,0,0
BRDA:2255,375,1,0
BRDA:2263,376,0,0
BRDA:2263,376,1,0
BRDA:2279,377,0,0
BRDA:2279,377,1,0
BRDA:2285,378,0,0
BRDA:2285,378,1,0
BRDA:2287,379,0,0
BRDA:2287,379,1,0
BRDA:2288,380,0,0
BRDA:2288,380,1,0
BRDA:2289,381,0,0
BRDA:2289,381,1,0
BRDA:2292,382,0,0
BRDA:2292,382,1,0
BRDA:2297,383,0,0
BRDA:2297,383,1,0
BRDA:2298,384,0,0
BRDA:2298,384,1,0
BRDA:2303,385,0,0
BRDA:2303,385,1,0
BRDA:2314,386,0,0
BRDA:2314,386,1,0
BRDA:2315,387,0,0
BRDA:2315,387,1,0
BRDA:2316,388,0,0
BRDA:2316,388,1,0
BRDA:2317,389,0,0
BRDA:2317,389,1,0
BRDA:2318,390,0,0
BRDA:2318,390,1,0
BRDA:2319,391,0,0
BRDA:2319,391,1,0
BRDA:2320,392,0,0
BRDA:2320,392,1,0
BRDA:2321,393,0,0
BRDA:2321,393,1,0
BRDA:2322,394,0,0
BRDA:2322,394,1,0
BRDA:2323,395,0,0
BRDA:2323,395,1,0
BRDA:2324,396,0,0
BRDA:2324,396,1,0
BRDA:2325,397,0,0
BRDA:2325,397,1,0
BRDA:2326,398,0,0
BRDA:2326,398,1,0
BRDA:2327,399,0,0
BRDA:2327,399,1,0
BRDA:2328,400,0,0
BRDA:2328,400,1,0
BRDA:2340,401,0,0
BRDA:2340,401,1,0
BRDA:2342,402,0,0
BRDA:2342,402,1,0
BRDA:2343,403,0,0
BRDA:2343,403,1,0
BRDA:2344,404,0,0
BRDA:2344,404,1,0
BRDA:2345,405,0,0
BRDA:2345,405,1,0
BRDA:2346,406,0,0
BRDA:2346,406,1,0
BRDA:2347,407,0,0
BRDA:2347,407,1,0
BRDA:2348,408,0,0
BRDA:2348,408,1,0
BRDA:2349,409,0,0
BRDA:2349,409,1,0
BRDA:2350,410,0,0
BRDA:2350,410,1,0
BRDA:2351,411,0,0
BRDA:2351,411,1,0
BRDA:2365,412,0,0
BRDA:2365,412,1,0
BRDA:2366,413,0,0
BRDA:2366,413,1,0
BRDA:2367,414,0,0
BRDA:2367,414,1,0
BRDA:2368,415,0,0
BRDA:2368,415,1,0
BRDA:2369,416,0,0
BRDA:2369,416,1,0
BRDA:2394,417,0,0
BRDA:2394,417,1,0
BRDA:2413,418,0,0
BRDA:2413,418,1,0
BRDA:2418,419,0,0
BRDA:2418,419,1,0
BRDA:2425,420,0,0
BRDA:2425,420,1,0
BRDA:2426,421,0,0
BRDA:2426,421,1,0
BRDA:2431,422,0,0
BRDA:2431,422,1,0
BRDA:2432,423,0,0
BRDA:2432,423,1,0
BRDA:2432,424,0,0
BRDA:2432,424,1,0
BRDA:2457,425,0,0
BRDA:2457,425,1,0
BRDA:2458,426,0,0
BRDA:2458,426,1,0
BRDA:2479,427,0,0
BRDA:2479,427,1,0
BRDA:2485,428,0,0
BRDA:2485,428,1,0
BRDA:2492,429,0,0
BRDA:2492,429,1,0
BRDA:2495,430,0,0
BRDA:2495,430,1,0
BRDA:2518,431,0,0
BRDA:2518,431,1,0
BRDA:2524,432,0,0
BRDA:2524,432,1,0
BRDA:2531,433,0,0
BRDA:2531,433,1,0
BRDA:2534,434,0,0
BRDA:2534,434,1,0
BRDA:2557,435,0,0
BRDA:2557,435,1,0
BRDA:2563,436,0,0
BRDA:2563,436,1,0
BRDA:2570,437,0,0
BRDA:2570,437,1,0
BRDA:2573,438,0,0
BRDA:2573,438,1,0
BRDA:2594,439,0,0
BRDA:2594,439,1,0
BRDA:2594,440,0,0
BRDA:2594,440,1,0
BRDA:2594,440,2,0
BRDA:2602,441,0,0
BRDA:2602,441,1,0
BRDA:2602,442,0,0
BRDA:2602,442,1,0
BRDA:2602,442,2,0
BRDA:2607,443,0,0
BRDA:2607,443,1,0
BRDA:2609,444,0,0
BRDA:2609,444,1,0
BRDA:2612,445,0,0
BRDA:2612,445,1,0
BRDA:2615,446,0,0
BRDA:2615,446,1,0
BRDA:2620,447,0,0
BRDA:2620,447,1,0
BRDA:2623,448,0,0
BRDA:2623,448,1,0
BRDA:2634,449,0,0
BRDA:2634,449,1,0
BRDA:2645,450,0,0
BRDA:2645,450,1,0
BRDA:2651,451,0,0
BRDA:2651,451,1,0
BRDA:2658,452,0,0
BRDA:2658,452,1,0
BRDA:2660,453,0,0
BRDA:2660,453,1,0
BRDA:2687,454,0,0
BRDA:2687,454,1,0
BRDA:2687,455,0,0
BRDA:2687,455,1,0
BRDA:2696,456,0,0
BRDA:2696,456,1,0
BRDA:2698,457,0,0
BRDA:2698,457,1,0
BRDA:2702,458,0,0
BRDA:2702,458,1,0
BRDA:2704,459,0,0
BRDA:2704,459,1,0
BRDA:2705,460,0,0
BRDA:2705,460,1,0
BRDA:2705,461,0,0
BRDA:2705,461,1,0
BRDA:2709,462,0,0
BRDA:2709,462,1,0
BRDA:2721,463,0,0
BRDA:2721,463,1,0
BRDA:2732,464,0,0
BRDA:2732,464,1,0
BRDA:2734,465,0,0
BRDA:2734,465,1,0
BRDA:2745,466,0,0
BRDA:2745,466,1,0
BRDA:2745,467,0,0
BRDA:2745,467,1,0
BRDA:2756,468,0,0
BRDA:2756,468,1,0
BRDA:2760,469,0,0
BRDA:2760,469,1,0
BRDA:2762,470,0,0
BRDA:2762,470,1,0
BRDA:2762,471,0,0
BRDA:2762,471,1,0
BRDA:2764,472,0,0
BRDA:2764,472,1,0
BRDA:2766,473,0,0
BRDA:2766,473,1,0
BRDA:2774,474,0,0
BRDA:2774,474,1,0
BRDA:2776,475,0,0
BRDA:2776,475,1,0
BRDA:2782,476,0,0
BRDA:2782,476,1,0
BRDA:2783,477,0,0
BRDA:2783,477,1,0
BRDA:2786,478,0,0
BRDA:2786,478,1,0
BRDA:2789,479,0,0
BRDA:2789,479,1,0
BRDA:2791,480,0,0
BRDA:2791,480,1,0
BRDA:2794,481,0,0
BRDA:2794,481,1,0
BRDA:2797,482,0,0
BRDA:2797,482,1,0
BRDA:2798,483,0,0
BRDA:2798,483,1,0
BRDA:2799,484,0,0
BRDA:2799,484,1,0
BRDA:2799,485,0,0
BRDA:2799,485,1,0
BRDA:2799,485,2,0
BRDA:2799,485,3,0
BRDA:2801,486,0,0
BRDA:2801,486,1,0
BRDA:2815,487,0,0
BRDA:2815,487,1,0
BRDA:2830,488,0,0
BRDA:2830,488,1,0
BRDA:2831,489,0,0
BRDA:2831,489,1,0
BRDA:2847,490,0,0
BRDA:2847,490,1,0
BRDA:2847,491,0,0
BRDA:2847,491,1,0
BRDA:2847,491,2,0
BRDA:2847,491,3,0
BRDA:2847,491,4,0
BRDA:2847,491,5,0
BRDA:2892,492,0,0
BRDA:2892,492,1,0
BRDA:2903,493,0,0
BRDA:2903,493,1,0
BRDA:2904,494,0,0
BRDA:2904,494,1,0
BRDA:2927,495,0,0
BRDA:2927,495,1,0
BRDA:2941,496,0,0
BRDA:2941,496,1,0
BRDA:2955,497,0,0
BRDA:2955,497,1,0
BRDA:2955,498,0,0
BRDA:2955,498,1,0
BRDA:2956,499,0,0
BRDA:2956,499,1,0
BRDA:2956,500,0,0
BRDA:2956,500,1,0
BRDA:2956,500,2,0
BRDA:2963,501,0,0
BRDA:2963,501,1,0
BRDA:2971,502,0,0
BRDA:2971,502,1,0
BRDA:2972,503,0,0
BRDA:2972,503,1,0
BRDA:2979,504,0,0
BRDA:2979,504,1,0
BRDA:2986,505,0,0
BRDA:2986,505,1,0
BRDA:2988,506,0,0
BRDA:2988,506,1,0
BRDA:2989,507,0,0
BRDA:2989,507,1,0
BRDA:2989,508,0,0
BRDA:2989,508,1,0
BRDA:2989,509,0,0
BRDA:2989,509,1,0
BRDA:2989,510,0,0
BRDA:2989,510,1,0
BRDA:2989,511,0,0
BRDA:2989,511,1,0
BRDA:2989,512,0,0
BRDA:2989,512,1,0
BRDA:3006,513,0,0
BRDA:3006,513,1,0
BRDA:3006,514,0,0
BRDA:3006,514,1,0
BRDA:3020,515,0,0
BRDA:3020,515,1,0
BRDA:3021,516,0,0
BRDA:3021,516,1,0
BRDA:3030,517,0,0
BRDA:3030,517,1,0
BRDA:3031,518,0,0
BRDA:3031,518,1,0
BRDA:3034,519,0,0
BRDA:3034,519,1,0
BRDA:3043,520,0,0
BRDA:3043,520,1,0
BRDA:3043,521,0,0
BRDA:3043,521,1,0
BRDA:3050,522,0,0
BRDA:3050,522,1,0
BRDA:3060,523,0,0
BRDA:3060,523,1,0
BRDA:3061,524,0,0
BRDA:3061,524,1,0
BRDA:3064,525,0,0
BRDA:3064,525,1,0
BRDA:3064,526,0,0
BRDA:3064,526,1,0
BRDA:3064,526,2,0
BRDA:3066,527,0,0
BRDA:3066,527,1,0
BRDA:3066,528,0,0
BRDA:3066,528,1,0
BRDA:3066,529,0,0
BRDA:3066,529,1,0
BRDA:3066,530,0,0
BRDA:3066,530,1,0
BRDA:3069,531,0,0
BRDA:3069,531,1,0
BRDA:3072,532,0,0
BRDA:3072,532,1,0
BRDA:3072,532,2,0
BRDA:3073,533,0,0
BRDA:3073,533,1,0
BRDA:3073,533,2,0
BRDA:3075,534,0,0
BRDA:3075,534,1,0
BRDA:3075,535,0,0
BRDA:3075,535,1,0
BRDA:3078,536,0,0
BRDA:3078,536,1,0
BRDA:3078,537,0,0
BRDA:3078,537,1,0
BRDA:3078,538,0,0
BRDA:3078,538,1,0
BRDA:3081,539,0,0
BRDA:3081,539,1,0
BRDA:3081,539,2,0
BRDA:3082,540,0,0
BRDA:3082,540,1,0
BRDA:3082,540,2,0
BRDA:3082,540,3,0
BRDA:3082,540,4,0
BRDA:3084,541,0,0
BRDA:3084,541,1,0
BRDA:3085,542,0,0
BRDA:3085,542,1,0
BRDA:3088,543,0,0
BRDA:3088,543,1,0
BRDA:3089,544,0,0
BRDA:3089,544,1,0
BRDA:3089,545,0,0
BRDA:3089,545,1,0
BRDA:3094,546,0,0
BRDA:3094,546,1,0
BRDA:3101,547,0,0
BRDA:3101,547,1,0
BRDA:3103,548,0,0
BRDA:3103,548,1,0
BRDA:3105,549,0,0
BRDA:3105,549,1,0
BRDA:3107,550,0,0
BRDA:3107,550,1,0
BRDA:3109,551,0,0
BRDA:3109,551,1,0
BRDA:3111,552,0,0
BRDA:3111,552,1,0
BRDA:3111,553,0,0
BRDA:3111,553,1,0
BRDA:3111,554,0,0
BRDA:3111,554,1,0
BRDA:3111,555,0,0
BRDA:3111,555,1,0
BRDA:3111,556,0,0
BRDA:3111,556,1,0
BRDA:3111,557,0,0
BRDA:3111,557,1,0
BRDA:3113,558,0,0
BRDA:3113,558,1,0
BRDA:3146,559,0,0
BRDA:3146,559,1,0
BRDA:3156,560,0,0
BRDA:3156,560,1,0
BRDA:3162,561,0,0
BRDA:3162,561,1,0
BRDA:3163,562,0,0
BRDA:3163,562,1,0
BRDA:3169,563,0,0
BRDA:3169,563,1,0
BRDA:3170,564,0,0
BRDA:3170,564,1,0
BRDA:3193,565,0,0
BRDA:3193,565,1,0
BRDA:3194,566,0,0
BRDA:3194,566,1,0
BRDA:3195,567,0,0
BRDA:3195,567,1,0
BRDA:3199,568,0,0
BRDA:3199,568,1,0
BRDA:3208,569,0,0
BRDA:3208,569,1,0
BRDA:3221,570,0,0
BRDA:3221,570,1,0
BRDA:3232,571,0,0
BRDA:3232,571,1,0
BRDA:3242,572,0,0
BRDA:3242,572,1,0
BRDA:3243,573,0,0
BRDA:3243,573,1,0
BRDA:3244,574,0,0
BRDA:3244,574,1,0
BRDA:3245,575,0,0
BRDA:3245,575,1,0
BRDA:3245,576,0,0
BRDA:3245,576,1,0
BRDA:3249,577,0,0
BRDA:3249,577,1,0
BRDA:3252,578,0,0
BRDA:3252,578,1,0
BRDA:3260,579,0,0
BRDA:3260,579,1,0
BRDA:3265,580,0,0
BRDA:3265,580,1,0
BRDA:3276,581,0,0
BRDA:3276,581,1,0
BRDA:3286,582,0,0
BRDA:3286,582,1,0
BRDA:3288,583,0,0
BRDA:3288,583,1,0
BRDA:3300,584,0,0
BRDA:3300,584,1,0
BRDA:3311,585,0,23
BRDA:3311,585,1,3
BRDA:3312,586,0,3
BRDA:3312,586,1,20
BRDA:3313,587,0,3
BRDA:3313,587,1,20
BRDA:3319,588,0,2
BRDA:3319,588,1,5
BRDA:3321,589,0,1
BRDA:3321,589,1,4
BRDA:3326,590,0,3
BRDA:3326,590,1,3
BRDA:3326,591,0,6
BRDA:3326,591,1,5
BRDA:3328,592,0,1
BRDA:3328,592,1,2
BRDA:3332,593,0,2
BRDA:3332,593,1,3
BRDA:3332,594,0,5
BRDA:3332,594,1,4
BRDA:3334,595,0,1
BRDA:3334,595,1,2
BRDA:3338,596,0,0
BRDA:3338,596,1,0
BRDA:3339,597,0,0
BRDA:3339,597,1,0
BRDA:3340,598,0,0
BRDA:3340,598,1,0
BRDA:3340,599,0,0
BRDA:3340,599,1,0
BRDA:3343,600,0,0
BRDA:3343,600,1,0
BRDA:3344,601,0,0
BRDA:3344,601,1,0
BRDA:3345,602,0,0
BRDA:3345,602,1,0
BRDA:3346,603,0,0
BRDA:3346,603,1,0
BRDA:3347,604,0,0
BRDA:3347,604,1,0
BRDA:3348,605,0,0
BRDA:3348,605,1,0
BRDA:3349,606,0,0
BRDA:3349,606,1,0
BRDA:3349,607,0,0
BRDA:3349,607,1,0
BRDA:3355,608,0,0
BRDA:3355,608,1,4
BRDA:3360,609,0,16
BRDA:3360,609,1,13
BRDA:3364,610,0,5
BRDA:3364,610,1,6
BRDA:3364,611,0,11
BRDA:3364,611,1,10
BRDA:3364,611,2,8
BRDA:3366,612,0,5
BRDA:3366,612,1,1
BRDA:3368,613,0,3
BRDA:3368,613,1,2
BRDA:3376,614,0,2
BRDA:3376,614,1,6
BRDA:3378,615,0,1
BRDA:3378,615,1,1
BRDA:3382,616,0,4
BRDA:3382,616,1,2
BRDA:3383,617,0,1
BRDA:3383,617,1,3
BRDA:3384,618,0,0
BRDA:3384,618,1,4
BRDA:3391,619,0,30
BRDA:3391,619,1,8
BRDA:3392,620,0,2
BRDA:3392,620,1,6
BRDA:3397,621,0,111
BRDA:3397,621,1,97
BRDA:3397,622,0,208
BRDA:3397,622,1,157
BRDA:3397,622,2,152
BRDA:3398,623,0,54
BRDA:3398,623,1,43
BRDA:3399,624,0,3
BRDA:3399,624,1,94
BRDA:3403,625,0,50
BRDA:3403,625,1,9
BRDA:3403,626,0,59
BRDA:3403,626,1,37
BRDA:3403,626,2,32
BRDA:3404,627,0,4
BRDA:3404,627,1,5
BRDA:3405,628,0,2
BRDA:3405,628,1,7
BRDA:3419,629,0,0
BRDA:3419,629,1,0
BRDA:3422,630,0,0
BRDA:3422,630,1,0
BRDA:3422,631,0,0
BRDA:3422,631,1,0
BRDA:3422,631,2,0
BRDA:3422,631,3,0
BRDA:3423,632,0,0
BRDA:3423,632,1,0
BRDA:3451,633,0,0
BRDA:3451,633,1,0
BRDA:3454,634,0,0
BRDA:3454,634,1,0
BRDA:3454,635,0,0
BRDA:3454,635,1,0
BRDA:3456,636,0,0
BRDA:3456,636,1,0
BRDA:3518,637,0,0
BRDA:3518,637,1,0
BRDA:3522,638,0,0
BRDA:3522,638,1,0
BRDA:3525,639,0,0
BRDA:3525,639,1,0
BRDA:3526,640,0,0
BRDA:3526,640,1,0
BRDA:3527,641,0,0
BRDA:3527,641,1,0
BRDA:3527,642,0,0
BRDA:3527,642,1,0
BRDA:3569,643,0,0
BRDA:3569,643,1,0
BRDA:3572,644,0,0
BRDA:3572,644,1,0
BRDA:3573,645,0,0
BRDA:3573,645,1,0
BRDA:3593,646,0,4
BRDA:3593,646,1,0
BRDA:3594,647,0,4
BRDA:3594,647,1,0
BRDA:3597,648,0,1
BRDA:3597,648,1,3
BRDA:3603,649,0,4
BRDA:3603,649,1,2
BRDA:3604,650,0,3
BRDA:3604,650,1,3
BRDA:3605,651,0,2
BRDA:3605,651,1,4
BRDA:3605,652,0,6
BRDA:3605,652,1,2
BRDA:3606,653,0,2
BRDA:3606,653,1,2
BRDA:3625,654,0,0
BRDA:3625,654,1,0
BRDA:3628,655,0,0
BRDA:3628,655,1,0
BRDA:3632,656,0,0
BRDA:3632,656,1,0
BRDA:3634,657,0,0
BRDA:3634,657,1,0
BRDA:3635,658,0,0
BRDA:3635,658,1,0
BRDA:3635,659,0,0
BRDA:3635,659,1,0
BRDA:3636,660,0,0
BRDA:3636,660,1,0
BRDA:3636,661,0,0
BRDA:3636,661,1,0
BRDA:3639,662,0,0
BRDA:3639,662,1,0
BRDA:3652,663,0,3
BRDA:3652,663,1,1
BRDA:3653,664,0,3
BRDA:3653,664,1,1
BRDA:3655,665,0,2
BRDA:3655,665,1,1
BRDA:3656,666,0,2
BRDA:3656,666,1,1
BRDA:3668,667,0,2
BRDA:3668,667,1,1
BRDA:3668,668,0,3
BRDA:3668,668,1,2
BRDA:3685,669,0,0
BRDA:3685,669,1,0
BRDA:3689,670,0,0
BRDA:3689,670,1,0
BRDA:3707,671,0,1
BRDA:3707,671,1,2
BRDA:3709,672,0,1
BRDA:3709,672,1,2
BRDA:3711,673,0,1
BRDA:3711,673,1,0
BRDA:3722,674,0,2
BRDA:3722,674,1,0
BRDA:3729,675,0,2
BRDA:3729,675,1,1
BRDA:3729,676,0,3
BRDA:3729,676,1,2
BRDA:3735,677,0,1
BRDA:3735,677,1,2
BRDA:3735,678,0,3
BRDA:3735,678,1,2
BRDA:3737,679,0,3
BRDA:3737,679,1,2
BRDA:3738,680,0,3
BRDA:3738,680,1,2
BRDA:3739,681,0,1
BRDA:3739,681,1,2
BRDA:3756,682,0,0
BRDA:3756,682,1,0
BRDA:3759,683,0,0
BRDA:3759,683,1,0
BRDA:3759,684,0,0
BRDA:3759,684,1,0
BRDA:3762,685,0,0
BRDA:3762,685,1,0
BRDA:3763,686,0,0
BRDA:3763,686,1,0
BRDA:3763,687,0,0
BRDA:3763,687,1,0
BRDA:3817,688,0,0
BRDA:3817,688,1,0
BRDA:3819,689,0,0
BRDA:3819,689,1,0
BRDA:3819,690,0,0
BRDA:3819,690,1,0
BRDA:3821,691,0,0
BRDA:3821,691,1,0
BRDA:3822,692,0,0
BRDA:3822,692,1,0
BRDA:3844,693,0,0
BRDA:3844,693,1,0
BRDA:3846,694,0,0
BRDA:3846,694,1,0
BRDA:3846,695,0,0
BRDA:3846,695,1,0
BRDA:3848,696,0,0
BRDA:3848,696,1,0
BRDA:3849,697,0,0
BRDA:3849,697,1,0
BRDA:3865,698,0,0
BRDA:3865,698,1,0
BRDA:3866,699,0,0
BRDA:3866,699,1,0
BRDA:3866,700,0,0
BRDA:3866,700,1,0
BRDA:3867,701,0,0
BRDA:3867,701,1,0
BRDA:3868,702,0,0
BRDA:3868,702,1,0
BRDA:3876,703,0,36
BRDA:3876,703,1,9
BRDA:3876,704,0,45
BRDA:3876,704,1,9
BRDA:3878,705,0,3
BRDA:3878,705,1,6
BRDA:3879,706,0,2
BRDA:3879,706,1,1
BRDA:3879,707,0,3
BRDA:3879,707,1,3
BRDA:3904,708,0,0
BRDA:3904,708,1,0
BRDA:3907,709,0,0
BRDA:3907,709,1,0
BRDA:3908,710,0,0
BRDA:3908,710,1,0
BRDA:3910,711,0,0
BRDA:3910,711,1,0
BRDA:3911,712,0,0
BRDA:3911,712,1,0
BRDA:3911,713,0,0
BRDA:3911,713,1,0
BRF:1463
BRH:430
end_of_record
TN:
SF:server/sharepoint-sync.ts
FN:44,getGraphToken
FN:78,parseSharePointDate
FN:90,cleanMultiValueField
FN:95,cleanVat
FN:102,formatNumericField
FN:107,extractItemFields
FN:125,transformSharePointItem
FN:152,syncSharePointOpenOpps
FN:199,(anonymous_8)
FN:203,(anonymous_9)
FN:226,(anonymous_10)
FN:243,(anonymous_11)
FNF:12
FNH:6
FNDA:0,getGraphToken
FNDA:45,parseSharePointDate
FNDA:44,cleanMultiValueField
FNDA:19,cleanVat
FNDA:25,formatNumericField
FNDA:13,extractItemFields
FNDA:11,transformSharePointItem
FNDA:0,syncSharePointOpenOpps
FNDA:0,(anonymous_8)
FNDA:0,(anonymous_9)
FNDA:0,(anonymous_10)
FNDA:0,(anonymous_11)
DA:31,1
DA:45,0
DA:46,0
DA:47,0
DA:49,0
DA:50,0
DA:53,0
DA:55,0
DA:62,0
DA:68,0
DA:69,0
DA:70,0
DA:71,0
DA:74,0
DA:75,0
DA:79,45
DA:80,3
DA:81,3
DA:82,3
DA:83,2
DA:85,0
DA:86,0
DA:91,44
DA:92,3
DA:96,19
DA:97,8
DA:98,8
DA:99,8
DA:103,25
DA:104,25
DA:108,13
DA:126,11
DA:127,11
DA:129,10
DA:130,11
DA:131,11
DA:133,9
DA:134,11
DA:136,9
DA:137,9
DA:138,11
DA:139,11
DA:141,11
DA:148,0
DA:157,0
DA:158,0
DA:160,0
DA:161,0
DA:162,0
DA:164,0
DA:165,0
DA:170,0
DA:172,0
DA:173,0
DA:175,0
DA:176,0
DA:177,0
DA:180,0
DA:181,0
DA:182,0
DA:183,0
DA:185,0
DA:186,0
DA:187,0
DA:189,0
DA:190,0
DA:193,0
DA:194,0
DA:195,0
DA:196,0
DA:198,0
DA:199,0
DA:200,0
DA:202,0
DA:203,0
DA:204,0
DA:206,0
DA:207,0
DA:209,0
DA:211,0
DA:213,0
DA:214,0
DA:218,0
DA:219,0
DA:220,0
DA:221,0
DA:222,0
DA:225,0
DA:226,0
DA:227,0
DA:229,0
DA:231,0
DA:233,0
DA:234,0
DA:235,0
DA:236,0
DA:237,0
DA:238,0
DA:239,0
DA:243,0
DA:244,0
DA:245,0
DA:246,0
DA:247,0
DA:251,0
LF:105
LH:27
BRDA:49,0,0,0
BRDA:49,0,1,0
BRDA:49,1,0,0
BRDA:49,1,1,0
BRDA:49,1,2,0
BRDA:68,2,0,0
BRDA:68,2,1,0
BRDA:79,3,0,42
BRDA:79,3,1,3
BRDA:82,4,0,1
BRDA:82,4,1,2
BRDA:91,5,0,41
BRDA:91,5,1,3
BRDA:92,6,0,3
BRDA:92,6,1,0
BRDA:96,7,0,11
BRDA:96,7,1,8
BRDA:98,8,0,1
BRDA:98,8,1,7
BRDA:99,9,0,8
BRDA:99,9,1,0
BRDA:104,10,0,8
BRDA:104,10,1,17
BRDA:104,11,0,25
BRDA:104,11,1,9
BRDA:109,12,0,13
BRDA:109,12,1,11
BRDA:109,12,2,9
BRDA:110,13,0,13
BRDA:110,13,1,11
BRDA:110,13,2,9
BRDA:110,13,3,8
BRDA:111,14,0,13
BRDA:111,14,1,11
BRDA:111,14,2,10
BRDA:111,14,3,9
BRDA:112,15,0,13
BRDA:112,15,1,12
BRDA:112,15,2,12
BRDA:113,16,0,13
BRDA:113,16,1,13
BRDA:113,16,2,12
BRDA:114,17,0,13
BRDA:114,17,1,13
BRDA:114,17,2,13
BRDA:115,18,0,13
BRDA:115,18,1,13
BRDA:115,18,2,13
BRDA:116,19,0,13
BRDA:116,19,1,13
BRDA:116,19,2,13
BRDA:117,20,0,13
BRDA:117,20,1,13
BRDA:117,20,2,13
BRDA:118,21,0,13
BRDA:118,21,1,11
BRDA:118,21,2,9
BRDA:119,22,0,13
BRDA:119,22,1,13
BRDA:120,23,0,13
BRDA:120,23,1,13
BRDA:121,24,0,13
BRDA:121,24,1,13
BRDA:126,25,0,11
BRDA:126,25,1,2
BRDA:126,25,2,1
BRDA:127,26,0,1
BRDA:127,26,1,10
BRDA:129,27,0,10
BRDA:129,27,1,0
BRDA:129,27,2,0
BRDA:131,28,0,1
BRDA:131,28,1,10
BRDA:133,29,0,9
BRDA:133,29,1,9
BRDA:133,29,2,9
BRDA:134,30,0,0
BRDA:134,30,1,11
BRDA:134,31,0,11
BRDA:134,31,1,0
BRDA:137,32,0,9
BRDA:137,32,1,8
BRDA:137,32,2,7
BRDA:138,33,0,11
BRDA:138,33,1,8
BRDA:138,33,2,7
BRDA:162,34,0,0
BRDA:162,34,1,0
BRDA:164,35,0,0
BRDA:164,35,1,0
BRDA:164,36,0,0
BRDA:164,36,1,0
BRDA:173,37,0,0
BRDA:173,37,1,0
BRDA:180,38,0,0
BRDA:180,38,1,0
BRDA:193,39,0,0
BRDA:193,39,1,0
BRDA:199,40,0,0
BRDA:199,40,1,0
BRDA:200,41,0,0
BRDA:200,41,1,0
BRDA:202,42,0,0
BRDA:202,42,1,0
BRDA:203,43,0,0
BRDA:203,43,1,0
BRDA:218,44,0,0
BRDA:218,44,1,0
BRDA:226,45,0,0
BRDA:226,45,1,0
BRDA:226,46,0,0
BRDA:226,46,1,0
BRDA:229,47,0,0
BRDA:229,47,1,0
BRDA:236,48,0,0
BRDA:236,48,1,0
BRDA:238,49,0,0
BRDA:238,49,1,0
BRF:118
BRH:73
end_of_record
TN:
SF:server/storage.ts
FN:65,toSnakeCase
FN:70,(anonymous_1)
FN:76,toCamelCase
FN:80,(anonymous_3)
FN:89,shouldConvertToString
FN:94,shouldConvertDate
FN:98,normalizeModelValue
FN:105,rowToModel
FN:113,rowsToModels
FN:114,(anonymous_9)
FN:127,isReasonableDate
FN:132,sanitizeStringDateValue
FN:148,sanitizeSingleDateField
FN:164,sanitizeDateFields
FN:175,insertReturning
FN:195,updateReturning
FN:397,buildVatNameList
FN:415,computeQuarterActuals
FN:424,(anonymous_18)
FN:448,(anonymous_19)
FN:452,(anonymous_20)
FN:459,(anonymous_21)
FN:470,(anonymous_22)
FN:473,(anonymous_23)
FN:476,(anonymous_24)
FN:479,(anonymous_25)
FN:483,(anonymous_26)
FN:486,(anonymous_27)
FN:490,(anonymous_28)
FN:493,(anonymous_29)
FN:496,(anonymous_30)
FN:499,(anonymous_31)
FN:503,(anonymous_32)
FN:506,(anonymous_33)
FN:510,(anonymous_34)
FN:513,(anonymous_35)
FN:516,(anonymous_36)
FN:519,(anonymous_37)
FN:522,(anonymous_38)
FN:526,(anonymous_39)
FN:529,(anonymous_40)
FN:533,(anonymous_41)
FN:536,(anonymous_42)
FN:539,(anonymous_43)
FN:542,(anonymous_44)
FN:545,(anonymous_45)
FN:549,(anonymous_46)
FN:552,(anonymous_47)
FN:556,(anonymous_48)
FN:559,(anonymous_49)
FN:562,(anonymous_50)
FN:565,(anonymous_51)
FN:568,(anonymous_52)
FN:572,(anonymous_53)
FN:575,(anonymous_54)
FN:579,(anonymous_55)
FN:582,(anonymous_56)
FN:585,(anonymous_57)
FN:588,(anonymous_58)
FN:591,(anonymous_59)
FN:595,(anonymous_60)
FN:598,(anonymous_61)
FN:602,(anonymous_62)
FN:605,(anonymous_63)
FN:608,(anonymous_64)
FN:611,(anonymous_65)
FN:615,(anonymous_66)
FN:618,(anonymous_67)
FN:622,(anonymous_68)
FN:625,(anonymous_69)
FN:628,(anonymous_70)
FN:631,(anonymous_71)
FN:635,(anonymous_72)
FN:638,(anonymous_73)
FN:642,(anonymous_74)
FN:645,(anonymous_75)
FN:648,(anonymous_76)
FN:651,(anonymous_77)
FN:655,(anonymous_78)
FN:658,(anonymous_79)
FN:662,(anonymous_80)
FN:665,(anonymous_81)
FN:668,(anonymous_82)
FN:672,(anonymous_83)
FN:675,(anonymous_84)
FN:679,(anonymous_85)
FN:682,(anonymous_86)
FN:685,(anonymous_87)
FN:688,(anonymous_88)
FN:692,(anonymous_89)
FN:696,(anonymous_90)
FN:700,(anonymous_91)
FN:704,(anonymous_92)
FN:708,(anonymous_93)
FN:711,(anonymous_94)
FN:714,(anonymous_95)
FN:717,(anonymous_96)
FN:721,(anonymous_97)
FN:724,(anonymous_98)
FN:728,(anonymous_99)
FN:731,(anonymous_100)
FN:734,(anonymous_101)
FN:737,(anonymous_102)
FN:741,(anonymous_103)
FN:744,(anonymous_104)
FN:748,(anonymous_105)
FN:754,(anonymous_106)
FN:757,(anonymous_107)
FN:761,(anonymous_108)
FN:764,(anonymous_109)
FN:767,(anonymous_110)
FN:771,(anonymous_111)
FN:774,(anonymous_112)
FN:777,(anonymous_113)
FN:780,(anonymous_114)
FN:783,(anonymous_115)
FN:787,(anonymous_116)
FN:790,(anonymous_117)
FN:793,(anonymous_118)
FN:796,(anonymous_119)
FN:800,(anonymous_120)
FN:803,(anonymous_121)
FN:806,(anonymous_122)
FN:809,(anonymous_123)
FN:812,(anonymous_124)
FN:816,(anonymous_125)
FN:835,(anonymous_126)
FN:859,(anonymous_127)
FN:891,(anonymous_128)
FN:892,(anonymous_129)
FN:895,(anonymous_130)
FN:916,(anonymous_131)
FN:927,(anonymous_132)
FN:930,(anonymous_133)
FN:934,(anonymous_134)
FN:937,(anonymous_135)
FN:949,(anonymous_136)
FN:952,(anonymous_137)
FN:955,(anonymous_138)
FN:959,(anonymous_139)
FN:967,(anonymous_140)
FN:970,(anonymous_141)
FN:973,(anonymous_142)
FN:976,(anonymous_143)
FN:980,(anonymous_144)
FN:983,(anonymous_145)
FN:986,(anonymous_146)
FN:989,(anonymous_147)
FN:993,(anonymous_148)
FN:996,(anonymous_149)
FN:999,(anonymous_150)
FN:1002,(anonymous_151)
FN:1006,(anonymous_152)
FN:1009,(anonymous_153)
FN:1013,(anonymous_154)
FN:1016,(anonymous_155)
FN:1019,(anonymous_156)
FN:1029,(anonymous_157)
FN:1033,(anonymous_158)
FN:1067,(anonymous_159)
FN:1076,(anonymous_160)
FN:1078,(anonymous_161)
FN:1081,(anonymous_162)
FN:1083,(anonymous_163)
FN:1086,(anonymous_164)
FN:1099,(anonymous_165)
FN:1105,(anonymous_166)
FN:1107,(anonymous_167)
FN:1110,(anonymous_168)
FN:1120,(anonymous_169)
FN:1139,(anonymous_170)
FN:1170,(anonymous_171)
FN:1198,(anonymous_172)
FNF:173
FNH:13
FNDA:14,toSnakeCase
FNDA:17,(anonymous_1)
FNDA:22,toCamelCase
FNDA:20,(anonymous_3)
FNDA:26,shouldConvertToString
FNDA:19,shouldConvertDate
FNDA:25,normalizeModelValue
FNDA:10,rowToModel
FNDA:0,rowsToModels
FNDA:0,(anonymous_9)
FNDA:34,isReasonableDate
FNDA:17,sanitizeStringDateValue
FNDA:26,sanitizeSingleDateField
FNDA:18,sanitizeDateFields
FNDA:0,insertReturning
FNDA:0,updateReturning
FNDA:5,buildVatNameList
FNDA:0,computeQuarterActuals
FNDA:0,(anonymous_18)
FNDA:0,(anonymous_19)
FNDA:0,(anonymous_20)
FNDA:0,(anonymous_21)
FNDA:0,(anonymous_22)
FNDA:0,(anonymous_23)
FNDA:0,(anonymous_24)
FNDA:0,(anonymous_25)
FNDA:0,(anonymous_26)
FNDA:0,(anonymous_27)
FNDA:0,(anonymous_28)
FNDA:0,(anonymous_29)
FNDA:0,(anonymous_30)
FNDA:0,(anonymous_31)
FNDA:0,(anonymous_32)
FNDA:0,(anonymous_33)
FNDA:0,(anonymous_34)
FNDA:0,(anonymous_35)
FNDA:0,(anonymous_36)
FNDA:0,(anonymous_37)
FNDA:0,(anonymous_38)
FNDA:0,(anonymous_39)
FNDA:0,(anonymous_40)
FNDA:0,(anonymous_41)
FNDA:0,(anonymous_42)
FNDA:0,(anonymous_43)
FNDA:0,(anonymous_44)
FNDA:0,(anonymous_45)
FNDA:0,(anonymous_46)
FNDA:0,(anonymous_47)
FNDA:0,(anonymous_48)
FNDA:0,(anonymous_49)
FNDA:0,(anonymous_50)
FNDA:0,(anonymous_51)
FNDA:0,(anonymous_52)
FNDA:0,(anonymous_53)
FNDA:0,(anonymous_54)
FNDA:0,(anonymous_55)
FNDA:0,(anonymous_56)
FNDA:0,(anonymous_57)
FNDA:0,(anonymous_58)
FNDA:0,(anonymous_59)
FNDA:0,(anonymous_60)
FNDA:0,(anonymous_61)
FNDA:0,(anonymous_62)
FNDA:0,(anonymous_63)
FNDA:0,(anonymous_64)
FNDA:0,(anonymous_65)
FNDA:0,(anonymous_66)
FNDA:0,(anonymous_67)
FNDA:0,(anonymous_68)
FNDA:0,(anonymous_69)
FNDA:0,(anonymous_70)
FNDA:0,(anonymous_71)
FNDA:0,(anonymous_72)
FNDA:0,(anonymous_73)
FNDA:0,(anonymous_74)
FNDA:0,(anonymous_75)
FNDA:0,(anonymous_76)
FNDA:0,(anonymous_77)
FNDA:0,(anonymous_78)
FNDA:0,(anonymous_79)
FNDA:0,(anonymous_80)
FNDA:0,(anonymous_81)
FNDA:0,(anonymous_82)
FNDA:0,(anonymous_83)
FNDA:0,(anonymous_84)
FNDA:0,(anonymous_85)
FNDA:0,(anonymous_86)
FNDA:0,(anonymous_87)
FNDA:0,(anonymous_88)
FNDA:0,(anonymous_89)
FNDA:0,(anonymous_90)
FNDA:0,(anonymous_91)
FNDA:0,(anonymous_92)
FNDA:0,(anonymous_93)
FNDA:0,(anonymous_94)
FNDA:0,(anonymous_95)
FNDA:0,(anonymous_96)
FNDA:0,(anonymous_97)
FNDA:0,(anonymous_98)
FNDA:0,(anonymous_99)
FNDA:0,(anonymous_100)
FNDA:0,(anonymous_101)
FNDA:0,(anonymous_102)
FNDA:0,(anonymous_103)
FNDA:0,(anonymous_104)
FNDA:0,(anonymous_105)
FNDA:0,(anonymous_106)
FNDA:0,(anonymous_107)
FNDA:0,(anonymous_108)
FNDA:0,(anonymous_109)
FNDA:0,(anonymous_110)
FNDA:0,(anonymous_111)
FNDA:0,(anonymous_112)
FNDA:0,(anonymous_113)
FNDA:0,(anonymous_114)
FNDA:0,(anonymous_115)
FNDA:0,(anonymous_116)
FNDA:0,(anonymous_117)
FNDA:0,(anonymous_118)
FNDA:0,(anonymous_119)
FNDA:0,(anonymous_120)
FNDA:0,(anonymous_121)
FNDA:0,(anonymous_122)
FNDA:0,(anonymous_123)
FNDA:0,(anonymous_124)
FNDA:0,(anonymous_125)
FNDA:0,(anonymous_126)
FNDA:0,(anonymous_127)
FNDA:0,(anonymous_128)
FNDA:0,(anonymous_129)
FNDA:0,(anonymous_130)
FNDA:0,(anonymous_131)
FNDA:0,(anonymous_132)
FNDA:0,(anonymous_133)
FNDA:0,(anonymous_134)
FNDA:0,(anonymous_135)
FNDA:0,(anonymous_136)
FNDA:0,(anonymous_137)
FNDA:0,(anonymous_138)
FNDA:0,(anonymous_139)
FNDA:0,(anonymous_140)
FNDA:0,(anonymous_141)
FNDA:0,(anonymous_142)
FNDA:0,(anonymous_143)
FNDA:0,(anonymous_144)
FNDA:0,(anonymous_145)
FNDA:0,(anonymous_146)
FNDA:0,(anonymous_147)
FNDA:0,(anonymous_148)
FNDA:0,(anonymous_149)
FNDA:0,(anonymous_150)
FNDA:0,(anonymous_151)
FNDA:0,(anonymous_152)
FNDA:0,(anonymous_153)
FNDA:0,(anonymous_154)
FNDA:0,(anonymous_155)
FNDA:0,(anonymous_156)
FNDA:0,(anonymous_157)
FNDA:0,(anonymous_158)
FNDA:0,(anonymous_159)
FNDA:0,(anonymous_160)
FNDA:0,(anonymous_161)
FNDA:0,(anonymous_162)
FNDA:0,(anonymous_163)
FNDA:0,(anonymous_164)
FNDA:0,(anonymous_165)
FNDA:0,(anonymous_166)
FNDA:0,(anonymous_167)
FNDA:0,(anonymous_168)
FNDA:0,(anonymous_169)
FNDA:0,(anonymous_170)
FNDA:0,(anonymous_171)
FNDA:0,(anonymous_172)
DA:58,4
DA:61,4
DA:66,14
DA:67,14
DA:68,14
DA:69,18
DA:70,18
DA:71,18
DA:73,14
DA:77,22
DA:78,22
DA:79,32
DA:80,32
DA:81,32
DA:83,22
DA:86,4
DA:87,4
DA:90,26
DA:91,8
DA:95,19
DA:99,25
DA:100,20
DA:101,16
DA:102,13
DA:106,10
DA:107,10
DA:108,19
DA:110,10
DA:114,0
DA:117,4
DA:123,4
DA:128,34
DA:129,34
DA:133,17
DA:134,17
DA:135,12
DA:136,12
DA:137,8
DA:139,5
DA:140,5
DA:141,2
DA:145,3
DA:149,26
DA:150,10
DA:152,16
DA:153,4
DA:155,12
DA:156,9
DA:158,3
DA:159,2
DA:161,1
DA:165,18
DA:166,18
DA:167,30
DA:168,18
DA:169,15
DA:172,18
DA:176,0
DA:177,0
DA:178,0
DA:179,0
DA:180,0
DA:182,0
DA:183,0
DA:184,0
DA:185,0
DA:186,0
DA:189,0
DA:191,0
DA:196,0
DA:197,0
DA:198,0
DA:199,0
DA:200,0
DA:398,5
DA:399,5
DA:400,5
DA:401,6
DA:402,6
DA:403,6
DA:406,5
DA:407,5
DA:408,3
DA:409,3
DA:412,5
DA:422,0
DA:423,0
DA:424,0
DA:425,0
DA:426,0
DA:427,0
DA:429,0
DA:439,0
DA:440,0
DA:441,0
DA:442,0
DA:444,0
DA:449,0
DA:452,0
DA:453,0
DA:454,0
DA:455,0
DA:456,0
DA:460,0
DA:464,0
DA:465,0
DA:466,0
DA:467,0
DA:468,0
DA:471,0
DA:474,0
DA:477,0
DA:480,0
DA:484,0
DA:487,0
DA:488,0
DA:491,0
DA:494,0
DA:497,0
DA:500,0
DA:504,0
DA:507,0
DA:508,0
DA:511,0
DA:514,0
DA:517,0
DA:520,0
DA:523,0
DA:527,0
DA:530,0
DA:531,0
DA:534,0
DA:537,0
DA:540,0
DA:543,0
DA:546,0
DA:550,0
DA:553,0
DA:554,0
DA:557,0
DA:560,0
DA:563,0
DA:566,0
DA:569,0
DA:573,0
DA:576,0
DA:577,0
DA:580,0
DA:583,0
DA:586,0
DA:589,0
DA:592,0
DA:596,0
DA:599,0
DA:600,0
DA:603,0
DA:606,0
DA:609,0
DA:612,0
DA:616,0
DA:619,0
DA:620,0
DA:623,0
DA:626,0
DA:629,0
DA:632,0
DA:636,0
DA:639,0
DA:640,0
DA:643,0
DA:646,0
DA:649,0
DA:652,0
DA:656,0
DA:659,0
DA:660,0
DA:663,0
DA:666,0
DA:669,0
DA:673,0
DA:676,0
DA:677,0
DA:680,0
DA:683,0
DA:686,0
DA:689,0
DA:693,0
DA:694,0
DA:697,0
DA:698,0
DA:701,0
DA:702,0
DA:705,0
DA:709,0
DA:712,0
DA:715,0
DA:718,0
DA:722,0
DA:725,0
DA:726,0
DA:729,0
DA:732,0
DA:735,0
DA:738,0
DA:742,0
DA:745,0
DA:746,0
DA:749,0
DA:750,0
DA:751,0
DA:752,0
DA:755,0
DA:758,0
DA:762,0
DA:765,0
DA:768,0
DA:772,0
DA:775,0
DA:778,0
DA:781,0
DA:784,0
DA:788,0
DA:791,0
DA:794,0
DA:797,0
DA:801,0
DA:804,0
DA:807,0
DA:810,0
DA:813,0
DA:822,0
DA:823,0
DA:824,0
DA:825,0
DA:827,0
DA:842,0
DA:843,0
DA:845,0
DA:846,0
DA:847,0
DA:848,0
DA:850,0
DA:864,0
DA:870,0
DA:876,0
DA:878,0
DA:879,0
DA:880,0
DA:883,0
DA:884,0
DA:885,0
DA:886,0
DA:887,0
DA:890,0
DA:891,0
DA:892,0
DA:901,0
DA:906,0
DA:911,0
DA:912,0
DA:913,0
DA:916,0
DA:917,0
DA:918,0
DA:919,0
DA:928,0
DA:931,0
DA:932,0
DA:935,0
DA:938,0
DA:942,0
DA:947,0
DA:950,0
DA:953,0
DA:956,0
DA:960,0
DA:961,0
DA:962,0
DA:963,0
DA:964,0
DA:968,0
DA:971,0
DA:974,0
DA:977,0
DA:981,0
DA:984,0
DA:987,0
DA:990,0
DA:994,0
DA:997,0
DA:1000,0
DA:1003,0
DA:1007,0
DA:1010,0
DA:1014,0
DA:1017,0
DA:1020,0
DA:1023,0
DA:1024,0
DA:1025,0
DA:1027,0
DA:1030,0
DA:1038,0
DA:1039,0
DA:1046,0
DA:1048,0
DA:1049,0
DA:1050,0
DA:1051,0
DA:1052,0
DA:1053,0
DA:1056,0
DA:1057,0
DA:1058,0
DA:1064,0
DA:1066,0
DA:1067,0
DA:1068,0
DA:1069,0
DA:1070,0
DA:1073,0
DA:1077,0
DA:1078,0
DA:1082,0
DA:1083,0
DA:1087,0
DA:1088,0
DA:1089,0
DA:1090,0
DA:1091,0
DA:1093,0
DA:1094,0
DA:1100,0
DA:1101,0
DA:1102,0
DA:1106,0
DA:1107,0
DA:1111,0
DA:1120,0
DA:1140,0
DA:1150,0
DA:1151,0
DA:1171,0
DA:1181,0
DA:1199,0
DA:1200,0
DA:1201,0
DA:1202,0
DA:1203,0
DA:1204,0
DA:1205,0
DA:1206,0
DA:1224,4
LF:353
LH:68
BRDA:66,0,0,2
BRDA:66,0,1,12
BRDA:70,1,0,18
BRDA:70,1,1,17
BRDA:80,2,0,32
BRDA:80,2,1,31
BRDA:81,3,0,5
BRDA:81,3,1,27
BRDA:90,4,0,18
BRDA:90,4,1,8
BRDA:90,5,0,26
BRDA:90,5,1,15
BRDA:91,6,0,8
BRDA:91,6,1,6
BRDA:95,7,0,19
BRDA:95,7,1,5
BRDA:99,8,0,5
BRDA:99,8,1,20
BRDA:99,9,0,25
BRDA:99,9,1,21
BRDA:100,10,0,4
BRDA:100,10,1,16
BRDA:101,11,0,3
BRDA:101,11,1,13
BRDA:129,12,0,34
BRDA:129,12,1,22
BRDA:134,13,0,12
BRDA:134,13,1,5
BRDA:136,14,0,4
BRDA:136,14,1,8
BRDA:137,15,0,0
BRDA:137,15,1,8
BRDA:140,16,0,2
BRDA:140,16,1,3
BRDA:140,17,0,5
BRDA:140,17,1,3
BRDA:141,18,0,0
BRDA:141,18,1,2
BRDA:149,19,0,10
BRDA:149,19,1,16
BRDA:149,20,0,26
BRDA:149,20,1,24
BRDA:149,20,2,22
BRDA:149,20,3,22
BRDA:149,20,4,19
BRDA:149,20,5,17
BRDA:152,21,0,4
BRDA:152,21,1,12
BRDA:153,22,0,2
BRDA:153,22,1,2
BRDA:155,23,0,9
BRDA:155,23,1,3
BRDA:158,24,0,2
BRDA:158,24,1,1
BRDA:165,25,0,2
BRDA:165,25,1,16
BRDA:167,26,0,18
BRDA:167,26,1,12
BRDA:168,27,0,3
BRDA:168,27,1,15
BRDA:182,28,0,0
BRDA:182,28,1,0
BRDA:185,29,0,0
BRDA:185,29,1,0
BRDA:185,30,0,0
BRDA:185,30,1,0
BRDA:185,30,2,0
BRDA:185,30,3,0
BRDA:199,31,0,0
BRDA:199,31,1,0
BRDA:401,32,0,6
BRDA:401,32,1,0
BRDA:407,33,0,3
BRDA:407,33,1,2
BRDA:425,34,0,0
BRDA:425,34,1,0
BRDA:425,35,0,0
BRDA:425,35,1,0
BRDA:439,36,0,0
BRDA:439,36,1,0
BRDA:440,37,0,0
BRDA:440,37,1,0
BRDA:441,38,0,0
BRDA:441,38,1,0
BRDA:454,39,0,0
BRDA:454,39,1,0
BRDA:455,40,0,0
BRDA:455,40,1,0
BRDA:464,41,0,0
BRDA:464,41,1,0
BRDA:466,42,0,0
BRDA:466,42,1,0
BRDA:467,43,0,0
BRDA:467,43,1,0
BRDA:488,44,0,0
BRDA:488,44,1,0
BRDA:508,45,0,0
BRDA:508,45,1,0
BRDA:531,46,0,0
BRDA:531,46,1,0
BRDA:554,47,0,0
BRDA:554,47,1,0
BRDA:577,48,0,0
BRDA:577,48,1,0
BRDA:600,49,0,0
BRDA:600,49,1,0
BRDA:620,50,0,0
BRDA:620,50,1,0
BRDA:640,51,0,0
BRDA:640,51,1,0
BRDA:660,52,0,0
BRDA:660,52,1,0
BRDA:677,53,0,0
BRDA:677,53,1,0
BRDA:694,54,0,0
BRDA:694,54,1,0
BRDA:698,55,0,0
BRDA:698,55,1,0
BRDA:702,56,0,0
BRDA:702,56,1,0
BRDA:726,57,0,0
BRDA:726,57,1,0
BRDA:746,58,0,0
BRDA:746,58,1,0
BRDA:750,59,0,0
BRDA:750,59,1,0
BRDA:828,60,0,0
BRDA:828,60,1,0
BRDA:829,61,0,0
BRDA:829,61,1,0
BRDA:830,62,0,0
BRDA:830,62,1,0
BRDA:831,63,0,0
BRDA:831,63,1,0
BRDA:843,64,0,0
BRDA:843,64,1,0
BRDA:852,65,0,0
BRDA:852,65,1,0
BRDA:853,66,0,0
BRDA:853,66,1,0
BRDA:854,67,0,0
BRDA:854,67,1,0
BRDA:855,68,0,0
BRDA:855,68,1,0
BRDA:879,69,0,0
BRDA:879,69,1,0
BRDA:880,70,0,0
BRDA:880,70,1,0
BRDA:884,71,0,0
BRDA:884,71,1,0
BRDA:885,72,0,0
BRDA:885,72,1,0
BRDA:886,73,0,0
BRDA:886,73,1,0
BRDA:913,74,0,0
BRDA:913,74,1,0
BRDA:917,75,0,0
BRDA:917,75,1,0
BRDA:918,76,0,0
BRDA:918,76,1,0
BRDA:923,77,0,0
BRDA:923,77,1,0
BRDA:932,78,0,0
BRDA:932,78,1,0
BRDA:961,79,0,0
BRDA:961,79,1,0
BRDA:1023,80,0,0
BRDA:1023,80,1,0
BRDA:1046,81,0,0
BRDA:1046,81,1,0
BRDA:1051,82,0,0
BRDA:1051,82,1,0
BRDA:1052,83,0,0
BRDA:1052,83,1,0
BRDA:1068,84,0,0
BRDA:1068,84,1,0
BRDA:1089,85,0,0
BRDA:1089,85,1,0
BRDA:1090,86,0,0
BRDA:1090,86,1,0
BRDA:1093,87,0,0
BRDA:1093,87,1,0
BRDA:1101,88,0,0
BRDA:1101,88,1,0
BRDA:1107,89,0,0
BRDA:1107,89,1,0
BRDA:1150,90,0,0
BRDA:1150,90,1,0
BRDA:1177,91,0,0
BRDA:1177,91,1,0
BRDA:1179,92,0,0
BRDA:1179,92,1,0
BRDA:1200,93,0,0
BRDA:1200,93,1,0
BRDA:1201,94,0,0
BRDA:1201,94,1,0
BRDA:1202,95,0,0
BRDA:1202,95,1,0
BRDA:1203,96,0,0
BRDA:1203,96,1,0
BRDA:1205,97,0,0
BRDA:1205,97,1,0
BRF:202
BRH:61
end_of_record
TN:
SF:shared/schema.ts
FNF:0
FNH:0
DA:3,2
DA:35,2
DA:76,2
DA:88,2
DA:101,2
DA:112,2
DA:130,2
DA:142,2
DA:160,2
DA:208,2
DA:218,2
DA:231,2
DA:244,2
DA:257,2
DA:269,2
DA:280,2
DA:290,2
DA:301,2
DA:315,2
DA:339,2
DA:341,2
DA:357,2
DA:380,2
DA:399,2
DA:412,2
DA:427,2
DA:439,2
DA:445,2
DA:453,2
DA:454,2
DA:455,2
DA:456,2
DA:458,2
DA:479,2
DA:482,2
DA:490,2
DA:493,2
DA:517,2
DA:526,2
LF:39
LH:39
BRF:0
BRH:0
end_of_record
