TN:
SF:server/pptx-parser.ts
FN:72,decodeXmlEntities
FN:76,resolveVatName
FN:86,extractParagraphs
FN:105,extractTables
FN:133,cleanupDir
FN:141,extractSlides
FN:161,(anonymous_6)
FN:162,(anonymous_7)
FN:165,(anonymous_8)
FN:187,isTitleSlide
FN:191,isPlannerSlide
FN:196,tryParseTextDate
FN:208,tryParseSlashDate
FN:219,extractReportDate
FN:228,extractOverallStatusFromTable
FN:236,matchSectionLabel
FN:245,extractStatusSummary
FN:308,parseRiskTable
FN:312,(anonymous_18)
FN:313,(anonymous_19)
FN:318,(anonymous_20)
FN:342,parsePlannerTable
FN:349,(anonymous_22)
FN:384,detectSectionFromParagraph
FN:403,computeHeaderSkipCount
FN:422,shouldSkipParagraph
FN:430,extractContentFromParagraphs
FN:483,debugPptxSlides
FN:495,groupSlidesByVat
FN:531,processTableForReport
FN:546,(anonymous_30)
FN:548,(anonymous_31)
FN:553,appendContentFields
FN:573,findFallbackOverallStatus
FN:583,buildReportFromGroup
FN:633,buildReportsSummary
FN:634,(anonymous_36)
FN:639,parsePptxFile
FN:648,(anonymous_38)
FNF:39
FNH:15
FNDA:46,decodeXmlEntities
FNDA:29,resolveVatName
FNDA:0,extractParagraphs
FNDA:0,extractTables
FNDA:0,cleanupDir
FNDA:0,extractSlides
FNDA:0,(anonymous_6)
FNDA:0,(anonymous_7)
FNDA:0,(anonymous_8)
FNDA:3,isTitleSlide
FNDA:0,isPlannerSlide
FNDA:4,tryParseTextDate
FNDA:4,tryParseSlashDate
FNDA:0,extractReportDate
FNDA:0,extractOverallStatusFromTable
FNDA:3,matchSectionLabel
FNDA:0,extractStatusSummary
FNDA:0,parseRiskTable
FNDA:0,(anonymous_18)
FNDA:0,(anonymous_19)
FNDA:0,(anonymous_20)
FNDA:0,parsePlannerTable
FNDA:0,(anonymous_22)
FNDA:0,detectSectionFromParagraph
FNDA:2,computeHeaderSkipCount
FNDA:9,shouldSkipParagraph
FNDA:0,extractContentFromParagraphs
FNDA:0,debugPptxSlides
FNDA:2,groupSlidesByVat
FNDA:2,processTableForReport
FNDA:11,(anonymous_30)
FNDA:0,(anonymous_31)
FNDA:1,appendContentFields
FNDA:2,findFallbackOverallStatus
FNDA:0,buildReportFromGroup
FNDA:2,buildReportsSummary
FNDA:2,(anonymous_36)
FNDA:0,parsePptxFile
FNDA:0,(anonymous_38)
DA:59,2
DA:73,46
DA:77,29
DA:78,29
DA:79,135
DA:80,25
DA:83,4
DA:87,0
DA:88,0
DA:90,0
DA:91,0
DA:92,0
DA:94,0
DA:95,0
DA:97,0
DA:98,0
DA:99,0
DA:102,0
DA:106,0
DA:107,0
DA:109,0
DA:110,0
DA:111,0
DA:113,0
DA:114,0
DA:115,0
DA:117,0
DA:118,0
DA:119,0
DA:121,0
DA:122,0
DA:124,0
DA:126,0
DA:128,0
DA:130,0
DA:134,0
DA:135,0
DA:137,0
DA:142,0
DA:144,0
DA:145,0
DA:146,0
DA:148,0
DA:149,0
DA:151,0
DA:152,0
DA:155,0
DA:156,0
DA:157,0
DA:160,0
DA:161,0
DA:162,0
DA:164,0
DA:165,0
DA:166,0
DA:167,0
DA:168,0
DA:169,0
DA:171,0
DA:172,0
DA:173,0
DA:181,0
DA:183,0
DA:188,3
DA:192,0
DA:193,0
DA:197,4
DA:198,4
DA:199,2
DA:200,2
DA:201,2
DA:203,0
DA:205,0
DA:209,4
DA:210,4
DA:211,2
DA:212,2
DA:213,2
DA:214,2
DA:216,0
DA:220,0
DA:221,0
DA:222,0
DA:223,0
DA:225,0
DA:229,0
DA:230,0
DA:231,0
DA:232,0
DA:233,0
DA:237,3
DA:238,3
DA:239,2
DA:242,1
DA:253,0
DA:262,0
DA:272,0
DA:273,0
DA:274,0
DA:275,0
DA:276,0
DA:277,0
DA:279,0
DA:281,0
DA:282,0
DA:283,0
DA:286,0
DA:287,0
DA:288,0
DA:289,0
DA:290,0
DA:291,0
DA:293,0
DA:296,0
DA:297,0
DA:298,0
DA:300,0
DA:305,0
DA:309,0
DA:310,0
DA:312,0
DA:313,0
DA:314,0
DA:316,0
DA:317,0
DA:318,0
DA:320,0
DA:321,0
DA:323,0
DA:339,0
DA:343,0
DA:344,0
DA:346,0
DA:347,0
DA:348,0
DA:349,0
DA:351,0
DA:352,0
DA:354,0
DA:355,0
DA:357,0
DA:368,0
DA:385,0
DA:395,0
DA:396,0
DA:397,0
DA:400,0
DA:404,2
DA:405,2
DA:406,3
DA:407,3
DA:408,0
DA:411,2
DA:414,2
DA:423,9
DA:424,6
DA:425,3
DA:426,2
DA:427,2
DA:431,0
DA:435,0
DA:437,0
DA:439,0
DA:440,0
DA:441,0
DA:442,0
DA:444,0
DA:446,0
DA:447,0
DA:448,0
DA:449,0
DA:450,0
DA:451,0
DA:452,0
DA:453,0
DA:455,0
DA:456,0
DA:458,0
DA:461,0
DA:466,0
DA:468,0
DA:471,0
DA:484,0
DA:485,0
DA:496,2
DA:497,2
DA:499,2
DA:500,3
DA:501,1
DA:502,1
DA:505,3
DA:507,3
DA:508,3
DA:509,3
DA:510,3
DA:511,3
DA:512,3
DA:513,3
DA:517,0
DA:519,0
DA:520,0
DA:521,0
DA:524,0
DA:528,2
DA:532,2
DA:533,1
DA:534,1
DA:536,1
DA:537,0
DA:538,0
DA:539,0
DA:540,0
DA:541,0
DA:542,0
DA:543,0
DA:544,0
DA:545,0
DA:546,11
DA:547,0
DA:548,1
DA:549,0
DA:554,1
DA:555,1
DA:557,1
DA:561,1
DA:562,7
DA:563,0
DA:564,0
DA:565,0
DA:567,0
DA:574,2
DA:575,1
DA:576,1
DA:577,1
DA:580,1
DA:584,0
DA:605,0
DA:606,0
DA:607,0
DA:608,0
DA:611,0
DA:612,0
DA:615,0
DA:618,0
DA:619,0
DA:620,0
DA:621,0
DA:626,0
DA:627,0
DA:630,0
DA:634,2
DA:635,2
DA:640,0
DA:641,0
DA:642,0
DA:645,0
DA:646,0
DA:647,0
DA:648,0
DA:649,0
DA:651,0
LF:261
LH:67
BRDA:79,0,0,25
BRDA:79,0,1,110
BRDA:79,1,0,135
BRDA:79,1,1,114
BRDA:98,2,0,0
BRDA:98,2,1,0
BRDA:156,3,0,0
BRDA:156,3,1,0
BRDA:168,4,0,0
BRDA:168,4,1,0
BRDA:188,5,0,3
BRDA:188,5,1,3
BRDA:188,5,2,3
BRDA:192,6,0,0
BRDA:192,6,1,0
BRDA:193,7,0,0
BRDA:193,7,1,0
BRDA:198,8,0,2
BRDA:198,8,1,2
BRDA:201,9,0,2
BRDA:201,9,1,0
BRDA:210,10,0,2
BRDA:210,10,1,2
BRDA:212,11,0,2
BRDA:212,11,1,0
BRDA:214,12,0,2
BRDA:214,12,1,0
BRDA:222,13,0,0
BRDA:222,13,1,0
BRDA:223,14,0,0
BRDA:223,14,1,0
BRDA:229,15,0,0
BRDA:229,15,1,0
BRDA:231,16,0,0
BRDA:231,16,1,0
BRDA:233,17,0,0
BRDA:233,17,1,0
BRDA:238,18,0,2
BRDA:238,18,1,1
BRDA:238,19,0,3
BRDA:238,19,1,2
BRDA:273,20,0,0
BRDA:273,20,1,0
BRDA:274,21,0,0
BRDA:274,21,1,0
BRDA:275,22,0,0
BRDA:275,22,1,0
BRDA:279,23,0,0
BRDA:279,23,1,0
BRDA:281,24,0,0
BRDA:281,24,1,0
BRDA:281,25,0,0
BRDA:281,25,1,0
BRDA:282,26,0,0
BRDA:282,26,1,0
BRDA:287,27,0,0
BRDA:287,27,1,0
BRDA:290,28,0,0
BRDA:290,28,1,0
BRDA:296,29,0,0
BRDA:296,29,1,0
BRDA:297,30,0,0
BRDA:297,30,1,0
BRDA:310,31,0,0
BRDA:310,31,1,0
BRDA:314,32,0,0
BRDA:314,32,1,0
BRDA:318,33,0,0
BRDA:318,33,1,0
BRDA:320,34,0,0
BRDA:320,34,1,0
BRDA:321,35,0,0
BRDA:321,35,1,0
BRDA:321,36,0,0
BRDA:321,36,1,0
BRDA:324,37,0,0
BRDA:324,37,1,0
BRDA:326,38,0,0
BRDA:326,38,1,0
BRDA:327,39,0,0
BRDA:327,39,1,0
BRDA:328,40,0,0
BRDA:328,40,1,0
BRDA:329,41,0,0
BRDA:329,41,1,0
BRDA:330,42,0,0
BRDA:330,42,1,0
BRDA:331,43,0,0
BRDA:331,43,1,0
BRDA:332,44,0,0
BRDA:332,44,1,0
BRDA:333,45,0,0
BRDA:333,45,1,0
BRDA:334,46,0,0
BRDA:334,46,1,0
BRDA:344,47,0,0
BRDA:344,47,1,0
BRDA:349,48,0,0
BRDA:349,48,1,0
BRDA:351,49,0,0
BRDA:351,49,1,0
BRDA:352,50,0,0
BRDA:352,50,1,0
BRDA:354,51,0,0
BRDA:354,51,1,0
BRDA:355,52,0,0
BRDA:355,52,1,0
BRDA:360,53,0,0
BRDA:360,53,1,0
BRDA:361,54,0,0
BRDA:361,54,1,0
BRDA:362,55,0,0
BRDA:362,55,1,0
BRDA:363,56,0,0
BRDA:363,56,1,0
BRDA:364,57,0,0
BRDA:364,57,1,0
BRDA:396,58,0,0
BRDA:396,58,1,0
BRDA:407,59,0,0
BRDA:407,59,1,3
BRDA:407,60,0,3
BRDA:407,60,1,3
BRDA:407,60,2,3
BRDA:407,60,3,3
BRDA:423,61,0,3
BRDA:423,61,1,6
BRDA:423,62,0,9
BRDA:423,62,1,8
BRDA:423,62,2,7
BRDA:423,62,3,6
BRDA:424,63,0,3
BRDA:424,63,1,3
BRDA:425,64,0,1
BRDA:425,64,1,2
BRDA:426,65,0,0
BRDA:426,65,1,2
BRDA:426,66,0,2
BRDA:426,66,1,0
BRDA:441,67,0,0
BRDA:441,67,1,0
BRDA:444,68,0,0
BRDA:444,68,1,0
BRDA:447,69,0,0
BRDA:447,69,1,0
BRDA:450,70,0,0
BRDA:450,70,1,0
BRDA:450,71,0,0
BRDA:450,71,1,0
BRDA:452,72,0,0
BRDA:452,72,1,0
BRDA:455,73,0,0
BRDA:455,73,1,0
BRDA:466,74,0,0
BRDA:466,74,1,0
BRDA:500,75,0,1
BRDA:500,75,1,2
BRDA:501,76,0,1
BRDA:501,76,1,0
BRDA:502,77,0,0
BRDA:502,77,1,1
BRDA:502,78,0,1
BRDA:502,78,1,0
BRDA:505,79,0,0
BRDA:505,79,1,3
BRDA:505,80,0,3
BRDA:505,80,1,0
BRDA:507,81,0,3
BRDA:507,81,1,0
BRDA:508,82,0,3
BRDA:508,82,1,0
BRDA:510,83,0,3
BRDA:510,83,1,0
BRDA:517,84,0,0
BRDA:517,84,1,0
BRDA:519,85,0,0
BRDA:519,85,1,0
BRDA:520,86,0,0
BRDA:520,86,1,0
BRDA:532,87,0,1
BRDA:532,87,1,1
BRDA:536,88,0,0
BRDA:536,88,1,1
BRDA:536,89,0,1
BRDA:536,89,1,0
BRDA:538,90,0,0
BRDA:538,90,1,0
BRDA:540,91,0,0
BRDA:540,91,1,0
BRDA:540,92,0,0
BRDA:540,92,1,0
BRDA:541,93,0,0
BRDA:541,93,1,0
BRDA:542,94,0,0
BRDA:542,94,1,0
BRDA:543,95,0,0
BRDA:543,95,1,0
BRDA:544,96,0,0
BRDA:544,96,1,0
BRDA:545,97,0,0
BRDA:545,97,1,0
BRDA:546,98,0,0
BRDA:546,98,1,1
BRDA:546,99,0,1
BRDA:546,99,1,1
BRDA:548,100,0,0
BRDA:548,100,1,1
BRDA:548,101,0,1
BRDA:548,101,1,0
BRDA:554,102,0,1
BRDA:554,102,1,0
BRDA:554,103,0,1
BRDA:554,103,1,1
BRDA:562,104,0,0
BRDA:562,104,1,7
BRDA:564,105,0,0
BRDA:564,105,1,0
BRDA:577,106,0,1
BRDA:577,106,1,0
BRDA:607,107,0,0
BRDA:607,107,1,0
BRDA:620,108,0,0
BRDA:620,108,1,0
BRDA:620,109,0,0
BRDA:620,109,1,0
BRDA:626,110,0,0
BRDA:626,110,1,0
BRDA:635,111,0,2
BRDA:635,111,1,0
BRDA:641,112,0,0
BRDA:641,112,1,0
BRDA:645,113,0,0
BRDA:645,113,1,0
BRF:233
BRH:60
end_of_record
TN:
SF:server/routes.ts
FN:44,requireAuth
FN:51,requirePermission
FN:52,(anonymous_2)
FN:59,(anonymous_3)
FN:67,getOppMonthlyRevenues
FN:72,sumRevenues
FN:73,(anonymous_6)
FN:76,buildPipelineInsightPrompt
FN:81,(anonymous_8)
FN:87,(anonymous_9)
FN:92,(anonymous_10)
FN:95,(anonymous_11)
FN:104,(anonymous_12)
FN:119,buildProjectInsightPrompt
FN:120,(anonymous_14)
FN:121,(anonymous_15)
FN:122,(anonymous_16)
FN:123,(anonymous_17)
FN:125,(anonymous_18)
FN:130,(anonymous_19)
FN:156,buildSpendingDataContext
FN:157,(anonymous_21)
FN:158,(anonymous_22)
FN:160,(anonymous_23)
FN:168,(anonymous_24)
FN:170,(anonymous_25)
FN:171,(anonymous_26)
FN:172,(anonymous_27)
FN:177,(anonymous_28)
FN:178,(anonymous_29)
FN:179,(anonymous_30)
FN:180,(anonymous_31)
FN:181,(anonymous_32)
FN:181,(anonymous_33)
FN:183,(anonymous_34)
FN:184,(anonymous_35)
FN:187,(anonymous_36)
FN:188,(anonymous_37)
FN:188,(anonymous_38)
FN:189,(anonymous_39)
FN:189,(anonymous_40)
FN:190,(anonymous_41)
FN:191,(anonymous_42)
FN:193,(anonymous_43)
FN:194,(anonymous_44)
FN:195,(anonymous_45)
FN:214,buildOverviewInsightPrompt
FN:215,(anonymous_47)
FN:216,(anonymous_48)
FN:218,(anonymous_49)
FN:220,(anonymous_50)
FN:222,(anonymous_51)
FN:227,(anonymous_52)
FN:228,(anonymous_53)
FN:229,(anonymous_54)
FN:230,(anonymous_55)
FN:235,(anonymous_56)
FN:235,(anonymous_57)
FN:236,(anonymous_58)
FN:236,(anonymous_59)
FN:237,(anonymous_60)
FN:248,(anonymous_61)
FN:251,(anonymous_62)
FN:267,getSpendingSystemPrompt
FN:277,getSpendingUserPrompt
FN:324,streamAIResponse
FN:347,findOrCreateEmployeeForImport
FN:371,findOrCreateProjectForImport
FN:404,fuzzyMatchProjectId
FN:425,mapPlannerProgress
FN:431,mapPlannerPriority
FN:437,deriveFyYear
FN:445,createJobStatusMonthlyData
FN:466,buildInsightPrompts
FN:493,buildJobStatusProjectData
FN:537,buildEmployeeLookupMaps
FN:547,buildProjectLookupMaps
FN:560,buildOpenOppRecord
FN:592,buildPlannerSyncInsights
FN:609,buildExistingTaskMaps
FN:622,collectPlannerUserIds
FN:637,buildPlannerTaskRecord
FN:649,(anonymous_82)
FN:653,detectTaskChanges
FN:668,findRecentlyCompletedTasks
FN:693,buildPlannerBucketGroups
FN:706,(anonymous_86)
FN:714,parseStaffSOTRow
FN:753,registerRoutes
FN:759,(anonymous_89)
FN:763,(anonymous_90)
FN:768,(anonymous_91)
FN:774,(anonymous_92)
FN:779,(anonymous_93)
FN:783,(anonymous_94)
FN:805,(anonymous_95)
FN:809,(anonymous_96)
FN:814,(anonymous_97)
FN:820,(anonymous_98)
FN:825,(anonymous_99)
FN:831,(anonymous_100)
FN:835,(anonymous_101)
FN:841,(anonymous_102)
FN:846,(anonymous_103)
FN:851,(anonymous_104)
FN:884,(anonymous_105)
FN:896,(anonymous_106)
FN:902,(anonymous_107)
FN:907,(anonymous_108)
FN:913,(anonymous_109)
FN:927,(anonymous_110)
FN:933,(anonymous_111)
FN:954,(anonymous_112)
FN:973,(anonymous_113)
FN:979,(anonymous_114)
FN:984,(anonymous_115)
FN:990,(anonymous_116)
FN:998,(anonymous_117)
FN:1004,(anonymous_118)
FN:1009,(anonymous_119)
FN:1031,(anonymous_120)
FN:1060,(anonymous_121)
FN:1094,(anonymous_122)
FN:1111,(anonymous_123)
FN:1119,(anonymous_124)
FN:1127,(anonymous_125)
FN:1135,(anonymous_126)
FN:1143,(anonymous_127)
FN:1151,(anonymous_128)
FN:1157,(anonymous_129)
FN:1162,(anonymous_130)
FN:1167,(anonymous_131)
FN:1174,(anonymous_132)
FN:1176,findProject
FN:1325,(anonymous_134)
FN:1383,(anonymous_135)
FN:1389,(anonymous_136)
FN:1395,(anonymous_137)
FN:1435,(anonymous_138)
FN:1497,(anonymous_139)
FN:1501,(anonymous_140)
FN:1507,(anonymous_141)
FN:1514,(anonymous_142)
FN:1518,(anonymous_143)
FN:1522,(anonymous_144)
FN:1561,(anonymous_145)
FN:1568,(anonymous_146)
FN:1576,(anonymous_147)
FN:1584,(anonymous_148)
FN:1596,(anonymous_149)
FN:1602,(anonymous_150)
FN:1608,(anonymous_151)
FN:1612,(anonymous_152)
FN:1617,(anonymous_153)
FN:1623,(anonymous_154)
FN:1629,(anonymous_155)
FN:1635,(anonymous_156)
FN:1641,(anonymous_157)
FN:1649,(anonymous_158)
FN:1655,(anonymous_159)
FN:1660,(anonymous_160)
FN:1665,(anonymous_161)
FN:1668,(anonymous_162)
FN:1676,(anonymous_163)
FN:1683,(anonymous_164)
FN:1708,(anonymous_165)
FN:1737,(anonymous_166)
FN:1749,(anonymous_167)
FN:1750,(anonymous_168)
FN:1759,(anonymous_169)
FN:1780,(anonymous_170)
FN:1787,(anonymous_171)
FN:1796,(anonymous_172)
FN:1801,(anonymous_173)
FN:1809,(anonymous_174)
FN:1849,getMsalClient
FN:1857,getSsoRedirectUri
FN:1868,(anonymous_177)
FN:1887,(anonymous_178)
FN:1944,(anonymous_179)
FN:1971,(anonymous_180)
FN:1978,(anonymous_181)
FN:1989,(anonymous_182)
FN:1993,(anonymous_183)
FN:2007,(anonymous_184)
FN:2018,(anonymous_185)
FN:2019,(anonymous_186)
FN:2042,(anonymous_187)
FN:2084,(anonymous_188)
FN:2128,(anonymous_189)
FN:2139,(anonymous_190)
FN:2145,(anonymous_191)
FN:2169,(anonymous_192)
FN:2183,(anonymous_193)
FN:2185,(anonymous_194)
FN:2187,(anonymous_195)
FN:2285,(anonymous_196)
FN:2289,(anonymous_197)
FN:2293,(anonymous_198)
FN:2297,(anonymous_199)
FN:2302,(anonymous_200)
FN:2308,(anonymous_201)
FN:2335,(anonymous_202)
FN:2340,(anonymous_203)
FN:2359,(anonymous_204)
FN:2363,(anonymous_205)
FN:2377,(anonymous_206)
FN:2392,(anonymous_207)
FN:2398,(anonymous_208)
FN:2402,(anonymous_209)
FN:2416,(anonymous_210)
FN:2431,(anonymous_211)
FN:2437,(anonymous_212)
FN:2441,(anonymous_213)
FN:2455,(anonymous_214)
FN:2470,(anonymous_215)
FN:2476,(anonymous_216)
FN:2500,(anonymous_217)
FN:2606,(anonymous_218)
FN:2613,(anonymous_219)
FN:2645,(anonymous_220)
FN:2661,(anonymous_221)
FN:2818,(anonymous_222)
FN:2824,(anonymous_223)
FN:2838,(anonymous_224)
FN:2854,(anonymous_225)
FN:2857,(anonymous_226)
FN:2861,(anonymous_227)
FN:2926,(anonymous_228)
FN:2943,(anonymous_229)
FN:2946,(anonymous_230)
FN:2951,(anonymous_231)
FN:2954,(anonymous_232)
FN:2958,(anonymous_233)
FN:2959,(anonymous_234)
FN:2960,(anonymous_235)
FN:2963,(anonymous_236)
FN:2967,(anonymous_237)
FN:2968,(anonymous_238)
FN:2971,(anonymous_239)
FN:2975,(anonymous_240)
FN:3047,(anonymous_241)
FN:3054,(anonymous_242)
FN:3061,(anonymous_243)
FN:3071,(anonymous_244)
FN:3077,(anonymous_245)
FN:3090,(anonymous_246)
FN:3095,(anonymous_247)
FN:3097,(anonymous_248)
FN:3102,(anonymous_249)
FN:3111,(anonymous_250)
FN:3122,(anonymous_251)
FN:3142,(anonymous_252)
FN:3193,parseMonthlyCosts
FN:3204,cleanVatValue
FN:3211,parseOptionalNumericField
FN:3217,parseOptionalMarginField
FN:3223,dispatchSheetImport
FN:3239,parseExcelNumericDate
FN:3245,isValidYear
FN:3249,parseStringDate
FN:3260,parseISOOrAUDate
FN:3276,excelDateToString
FN:3282,toNum
FN:3288,toDecimal
FN:3294,importJobStatus
FN:3300,(anonymous_266)
FN:3325,importStaffSOT
FN:3331,(anonymous_268)
FN:3332,(anonymous_269)
FN:3365,importPipelineRevenue
FN:3420,importGrossProfit
FN:3462,importPersonalHours
FN:3518,importProjectHours
FN:3560,importCxMasterList
FN:3623,importProjectResourceCost
FN:3672,importProjectResourceCostAF
FN:3749,excelDateToISOString
FN:3761,importOpenOpps
FNF:279
FNH:34
FNDA:0,requireAuth
FNDA:0,requirePermission
FNDA:0,(anonymous_2)
FNDA:0,(anonymous_3)
FNDA:2,getOppMonthlyRevenues
FNDA:5,sumRevenues
FNDA:11,(anonymous_6)
FNDA:0,buildPipelineInsightPrompt
FNDA:0,(anonymous_8)
FNDA:0,(anonymous_9)
FNDA:0,(anonymous_10)
FNDA:0,(anonymous_11)
FNDA:0,(anonymous_12)
FNDA:0,buildProjectInsightPrompt
FNDA:0,(anonymous_14)
FNDA:0,(anonymous_15)
FNDA:0,(anonymous_16)
FNDA:0,(anonymous_17)
FNDA:0,(anonymous_18)
FNDA:0,(anonymous_19)
FNDA:0,buildSpendingDataContext
FNDA:0,(anonymous_21)
FNDA:0,(anonymous_22)
FNDA:0,(anonymous_23)
FNDA:0,(anonymous_24)
FNDA:0,(anonymous_25)
FNDA:0,(anonymous_26)
FNDA:0,(anonymous_27)
FNDA:0,(anonymous_28)
FNDA:0,(anonymous_29)
FNDA:0,(anonymous_30)
FNDA:0,(anonymous_31)
FNDA:0,(anonymous_32)
FNDA:0,(anonymous_33)
FNDA:0,(anonymous_34)
FNDA:0,(anonymous_35)
FNDA:0,(anonymous_36)
FNDA:0,(anonymous_37)
FNDA:0,(anonymous_38)
FNDA:0,(anonymous_39)
FNDA:0,(anonymous_40)
FNDA:0,(anonymous_41)
FNDA:0,(anonymous_42)
FNDA:0,(anonymous_43)
FNDA:0,(anonymous_44)
FNDA:0,(anonymous_45)
FNDA:0,buildOverviewInsightPrompt
FNDA:0,(anonymous_47)
FNDA:0,(anonymous_48)
FNDA:0,(anonymous_49)
FNDA:0,(anonymous_50)
FNDA:0,(anonymous_51)
FNDA:0,(anonymous_52)
FNDA:0,(anonymous_53)
FNDA:0,(anonymous_54)
FNDA:0,(anonymous_55)
FNDA:0,(anonymous_56)
FNDA:0,(anonymous_57)
FNDA:0,(anonymous_58)
FNDA:0,(anonymous_59)
FNDA:0,(anonymous_60)
FNDA:0,(anonymous_61)
FNDA:0,(anonymous_62)
FNDA:4,getSpendingSystemPrompt
FNDA:0,getSpendingUserPrompt
FNDA:0,streamAIResponse
FNDA:0,findOrCreateEmployeeForImport
FNDA:0,findOrCreateProjectForImport
FNDA:4,fuzzyMatchProjectId
FNDA:6,mapPlannerProgress
FNDA:6,mapPlannerPriority
FNDA:5,deriveFyYear
FNDA:0,createJobStatusMonthlyData
FNDA:0,buildInsightPrompts
FNDA:4,buildJobStatusProjectData
FNDA:2,buildEmployeeLookupMaps
FNDA:1,buildProjectLookupMaps
FNDA:4,buildOpenOppRecord
FNDA:3,buildPlannerSyncInsights
FNDA:2,buildExistingTaskMaps
FNDA:3,collectPlannerUserIds
FNDA:2,buildPlannerTaskRecord
FNDA:1,(anonymous_82)
FNDA:4,detectTaskChanges
FNDA:2,findRecentlyCompletedTasks
FNDA:2,buildPlannerBucketGroups
FNDA:1,(anonymous_86)
FNDA:3,parseStaffSOTRow
FNDA:0,registerRoutes
FNDA:0,(anonymous_89)
FNDA:0,(anonymous_90)
FNDA:0,(anonymous_91)
FNDA:0,(anonymous_92)
FNDA:0,(anonymous_93)
FNDA:0,(anonymous_94)
FNDA:0,(anonymous_95)
FNDA:0,(anonymous_96)
FNDA:0,(anonymous_97)
FNDA:0,(anonymous_98)
FNDA:0,(anonymous_99)
FNDA:0,(anonymous_100)
FNDA:0,(anonymous_101)
FNDA:0,(anonymous_102)
FNDA:0,(anonymous_103)
FNDA:0,(anonymous_104)
FNDA:0,(anonymous_105)
FNDA:0,(anonymous_106)
FNDA:0,(anonymous_107)
FNDA:0,(anonymous_108)
FNDA:0,(anonymous_109)
FNDA:0,(anonymous_110)
FNDA:0,(anonymous_111)
FNDA:0,(anonymous_112)
FNDA:0,(anonymous_113)
FNDA:0,(anonymous_114)
FNDA:0,(anonymous_115)
FNDA:0,(anonymous_116)
FNDA:0,(anonymous_117)
FNDA:0,(anonymous_118)
FNDA:0,(anonymous_119)
FNDA:0,(anonymous_120)
FNDA:0,(anonymous_121)
FNDA:0,(anonymous_122)
FNDA:0,(anonymous_123)
FNDA:0,(anonymous_124)
FNDA:0,(anonymous_125)
FNDA:0,(anonymous_126)
FNDA:0,(anonymous_127)
FNDA:0,(anonymous_128)
FNDA:0,(anonymous_129)
FNDA:0,(anonymous_130)
FNDA:0,(anonymous_131)
FNDA:0,(anonymous_132)
FNDA:0,findProject
FNDA:0,(anonymous_134)
FNDA:0,(anonymous_135)
FNDA:0,(anonymous_136)
FNDA:0,(anonymous_137)
FNDA:0,(anonymous_138)
FNDA:0,(anonymous_139)
FNDA:0,(anonymous_140)
FNDA:0,(anonymous_141)
FNDA:0,(anonymous_142)
FNDA:0,(anonymous_143)
FNDA:0,(anonymous_144)
FNDA:0,(anonymous_145)
FNDA:0,(anonymous_146)
FNDA:0,(anonymous_147)
FNDA:0,(anonymous_148)
FNDA:0,(anonymous_149)
FNDA:0,(anonymous_150)
FNDA:0,(anonymous_151)
FNDA:0,(anonymous_152)
FNDA:0,(anonymous_153)
FNDA:0,(anonymous_154)
FNDA:0,(anonymous_155)
FNDA:0,(anonymous_156)
FNDA:0,(anonymous_157)
FNDA:0,(anonymous_158)
FNDA:0,(anonymous_159)
FNDA:0,(anonymous_160)
FNDA:0,(anonymous_161)
FNDA:0,(anonymous_162)
FNDA:0,(anonymous_163)
FNDA:0,(anonymous_164)
FNDA:0,(anonymous_165)
FNDA:0,(anonymous_166)
FNDA:0,(anonymous_167)
FNDA:0,(anonymous_168)
FNDA:0,(anonymous_169)
FNDA:0,(anonymous_170)
FNDA:0,(anonymous_171)
FNDA:0,(anonymous_172)
FNDA:0,(anonymous_173)
FNDA:0,(anonymous_174)
FNDA:0,getMsalClient
FNDA:0,getSsoRedirectUri
FNDA:0,(anonymous_177)
FNDA:0,(anonymous_178)
FNDA:0,(anonymous_179)
FNDA:0,(anonymous_180)
FNDA:0,(anonymous_181)
FNDA:0,(anonymous_182)
FNDA:0,(anonymous_183)
FNDA:0,(anonymous_184)
FNDA:0,(anonymous_185)
FNDA:0,(anonymous_186)
FNDA:0,(anonymous_187)
FNDA:0,(anonymous_188)
FNDA:0,(anonymous_189)
FNDA:0,(anonymous_190)
FNDA:0,(anonymous_191)
FNDA:0,(anonymous_192)
FNDA:0,(anonymous_193)
FNDA:0,(anonymous_194)
FNDA:0,(anonymous_195)
FNDA:0,(anonymous_196)
FNDA:0,(anonymous_197)
FNDA:0,(anonymous_198)
FNDA:0,(anonymous_199)
FNDA:0,(anonymous_200)
FNDA:0,(anonymous_201)
FNDA:0,(anonymous_202)
FNDA:0,(anonymous_203)
FNDA:0,(anonymous_204)
FNDA:0,(anonymous_205)
FNDA:0,(anonymous_206)
FNDA:0,(anonymous_207)
FNDA:0,(anonymous_208)
FNDA:0,(anonymous_209)
FNDA:0,(anonymous_210)
FNDA:0,(anonymous_211)
FNDA:0,(anonymous_212)
FNDA:0,(anonymous_213)
FNDA:0,(anonymous_214)
FNDA:0,(anonymous_215)
FNDA:0,(anonymous_216)
FNDA:0,(anonymous_217)
FNDA:0,(anonymous_218)
FNDA:0,(anonymous_219)
FNDA:0,(anonymous_220)
FNDA:0,(anonymous_221)
FNDA:0,(anonymous_222)
FNDA:0,(anonymous_223)
FNDA:0,(anonymous_224)
FNDA:0,(anonymous_225)
FNDA:0,(anonymous_226)
FNDA:0,(anonymous_227)
FNDA:0,(anonymous_228)
FNDA:0,(anonymous_229)
FNDA:0,(anonymous_230)
FNDA:0,(anonymous_231)
FNDA:0,(anonymous_232)
FNDA:0,(anonymous_233)
FNDA:0,(anonymous_234)
FNDA:0,(anonymous_235)
FNDA:0,(anonymous_236)
FNDA:0,(anonymous_237)
FNDA:0,(anonymous_238)
FNDA:0,(anonymous_239)
FNDA:0,(anonymous_240)
FNDA:0,(anonymous_241)
FNDA:0,(anonymous_242)
FNDA:0,(anonymous_243)
FNDA:0,(anonymous_244)
FNDA:0,(anonymous_245)
FNDA:0,(anonymous_246)
FNDA:0,(anonymous_247)
FNDA:0,(anonymous_248)
FNDA:0,(anonymous_249)
FNDA:0,(anonymous_250)
FNDA:0,(anonymous_251)
FNDA:0,(anonymous_252)
FNDA:4,parseMonthlyCosts
FNDA:7,cleanVatValue
FNDA:6,parseOptionalNumericField
FNDA:5,parseOptionalMarginField
FNDA:0,dispatchSheetImport
FNDA:1,parseExcelNumericDate
FNDA:2,isValidYear
FNDA:4,parseStringDate
FNDA:1,parseISOOrAUDate
FNDA:21,excelDateToString
FNDA:69,toNum
FNDA:34,toDecimal
FNDA:0,importJobStatus
FNDA:0,(anonymous_266)
FNDA:0,importStaffSOT
FNDA:0,(anonymous_268)
FNDA:0,(anonymous_269)
FNDA:0,importPipelineRevenue
FNDA:0,importGrossProfit
FNDA:0,importPersonalHours
FNDA:0,importProjectHours
FNDA:0,importCxMasterList
FNDA:0,importProjectResourceCost
FNDA:0,importProjectResourceCostAF
FNDA:24,excelDateToISOString
FNDA:0,importOpenOpps
DA:45,0
DA:46,0
DA:48,0
DA:52,0
DA:53,0
DA:54,0
DA:56,0
DA:57,0
DA:58,0
DA:59,0
DA:60,0
DA:61,0
DA:63,0
DA:68,2
DA:73,11
DA:77,0
DA:78,0
DA:79,0
DA:80,0
DA:81,0
DA:82,0
DA:83,0
DA:84,0
DA:85,0
DA:86,0
DA:87,0
DA:88,0
DA:89,0
DA:90,0
DA:92,0
DA:93,0
DA:94,0
DA:95,0
DA:96,0
DA:104,0
DA:120,0
DA:121,0
DA:122,0
DA:123,0
DA:124,0
DA:125,0
DA:126,0
DA:127,0
DA:128,0
DA:130,0
DA:131,0
DA:132,0
DA:133,0
DA:134,0
DA:135,0
DA:140,0
DA:157,0
DA:158,0
DA:159,0
DA:160,0
DA:161,0
DA:162,0
DA:163,0
DA:164,0
DA:165,0
DA:167,0
DA:168,0
DA:169,0
DA:170,0
DA:171,0
DA:172,0
DA:173,0
DA:174,0
DA:175,0
DA:177,0
DA:178,0
DA:179,0
DA:180,0
DA:181,0
DA:182,0
DA:183,0
DA:184,0
DA:187,0
DA:188,0
DA:189,0
DA:190,0
DA:191,0
DA:192,0
DA:193,0
DA:194,0
DA:195,0
DA:196,0
DA:198,0
DA:215,0
DA:216,0
DA:217,0
DA:218,0
DA:219,0
DA:220,0
DA:221,0
DA:222,0
DA:223,0
DA:224,0
DA:225,0
DA:227,0
DA:228,0
DA:229,0
DA:230,0
DA:231,0
DA:232,0
DA:233,0
DA:235,0
DA:236,0
DA:237,0
DA:238,0
DA:239,0
DA:240,0
DA:248,0
DA:251,0
DA:268,4
DA:269,1
DA:271,3
DA:272,1
DA:274,2
DA:278,0
DA:279,0
DA:293,0
DA:294,0
DA:308,0
DA:325,0
DA:326,0
DA:327,0
DA:328,0
DA:337,0
DA:338,0
DA:339,0
DA:340,0
DA:343,0
DA:344,0
DA:351,0
DA:352,0
DA:353,0
DA:354,0
DA:355,0
DA:356,0
DA:357,0
DA:367,0
DA:368,0
DA:375,0
DA:376,0
DA:377,0
DA:378,0
DA:379,0
DA:380,0
DA:381,0
DA:382,0
DA:383,0
DA:384,0
DA:385,0
DA:386,0
DA:387,0
DA:389,0
DA:400,0
DA:401,0
DA:409,4
DA:410,4
DA:411,3
DA:412,3
DA:413,1
DA:414,1
DA:416,2
DA:417,2
DA:418,2
DA:419,1
DA:422,1
DA:426,6
DA:427,5
DA:428,2
DA:432,6
DA:433,4
DA:434,3
DA:438,5
DA:439,4
DA:440,4
DA:441,4
DA:442,5
DA:446,0
DA:447,0
DA:448,0
DA:449,0
DA:450,0
DA:451,0
DA:452,0
DA:453,0
DA:474,0
DA:475,0
DA:477,0
DA:478,0
DA:480,0
DA:481,0
DA:482,0
DA:483,0
DA:484,0
DA:485,0
DA:490,0
DA:494,4
DA:495,4
DA:496,4
DA:497,4
DA:538,2
DA:539,2
DA:540,2
DA:541,2
DA:542,2
DA:544,2
DA:548,1
DA:549,1
DA:550,1
DA:551,2
DA:552,2
DA:553,1
DA:554,1
DA:557,1
DA:561,4
DA:562,4
DA:563,4
DA:564,4
DA:565,4
DA:566,4
DA:567,4
DA:568,4
DA:569,4
DA:570,4
DA:571,4
DA:572,3
DA:573,3
DA:575,4
DA:576,4
DA:577,4
DA:578,4
DA:579,4
DA:580,4
DA:581,4
DA:582,4
DA:583,4
DA:584,4
DA:599,3
DA:600,3
DA:601,3
DA:602,3
DA:603,3
DA:604,3
DA:605,3
DA:606,3
DA:610,2
DA:611,2
DA:612,2
DA:613,3
DA:614,2
DA:616,1
DA:619,2
DA:623,3
DA:624,3
DA:625,4
DA:626,2
DA:627,3
DA:630,4
DA:631,1
DA:634,3
DA:642,2
DA:643,2
DA:644,2
DA:645,2
DA:646,2
DA:647,2
DA:648,2
DA:649,2
DA:650,2
DA:660,4
DA:661,4
DA:662,4
DA:663,4
DA:664,4
DA:665,4
DA:673,2
DA:674,2
DA:675,3
DA:676,2
DA:677,2
DA:678,1
DA:679,1
DA:680,1
DA:681,0
DA:682,0
DA:684,1
DA:690,2
DA:698,2
DA:699,2
DA:700,4
DA:701,4
DA:702,4
DA:703,4
DA:704,4
DA:705,1
DA:706,4
DA:707,4
DA:708,4
DA:709,4
DA:711,2
DA:715,3
DA:716,3
DA:717,3
DA:718,3
DA:719,3
DA:759,0
DA:760,0
DA:761,0
DA:763,0
DA:764,0
DA:765,0
DA:766,0
DA:768,0
DA:769,0
DA:770,0
DA:771,0
DA:772,0
DA:774,0
DA:775,0
DA:776,0
DA:777,0
DA:779,0
DA:780,0
DA:781,0
DA:783,0
DA:784,0
DA:785,0
DA:786,0
DA:787,0
DA:788,0
DA:790,0
DA:791,0
DA:792,0
DA:794,0
DA:795,0
DA:796,0
DA:799,0
DA:800,0
DA:801,0
DA:805,0
DA:806,0
DA:807,0
DA:809,0
DA:810,0
DA:811,0
DA:812,0
DA:814,0
DA:815,0
DA:816,0
DA:817,0
DA:818,0
DA:820,0
DA:821,0
DA:822,0
DA:823,0
DA:825,0
DA:826,0
DA:827,0
DA:831,0
DA:832,0
DA:833,0
DA:835,0
DA:836,0
DA:837,0
DA:838,0
DA:839,0
DA:841,0
DA:842,0
DA:843,0
DA:844,0
DA:846,0
DA:847,0
DA:848,0
DA:851,0
DA:852,0
DA:853,0
DA:876,0
DA:877,0
DA:879,0
DA:884,0
DA:885,0
DA:886,0
DA:887,0
DA:889,0
DA:890,0
DA:891,0
DA:893,0
DA:894,0
DA:896,0
DA:897,0
DA:898,0
DA:899,0
DA:900,0
DA:902,0
DA:903,0
DA:904,0
DA:905,0
DA:907,0
DA:908,0
DA:909,0
DA:913,0
DA:914,0
DA:915,0
DA:918,0
DA:919,0
DA:920,0
DA:921,0
DA:922,0
DA:923,0
DA:924,0
DA:925,0
DA:927,0
DA:929,0
DA:933,0
DA:934,0
DA:935,0
DA:936,0
DA:938,0
DA:939,0
DA:940,0
DA:942,0
DA:943,0
DA:944,0
DA:945,0
DA:946,0
DA:947,0
DA:948,0
DA:949,0
DA:950,0
DA:954,0
DA:964,0
DA:967,0
DA:970,0
DA:971,0
DA:973,0
DA:974,0
DA:975,0
DA:976,0
DA:977,0
DA:979,0
DA:980,0
DA:981,0
DA:982,0
DA:984,0
DA:985,0
DA:986,0
DA:990,0
DA:991,0
DA:992,0
DA:993,0
DA:995,0
DA:996,0
DA:998,0
DA:999,0
DA:1000,0
DA:1001,0
DA:1002,0
DA:1004,0
DA:1005,0
DA:1006,0
DA:1009,0
DA:1010,0
DA:1011,0
DA:1014,0
DA:1025,0
DA:1027,0
DA:1031,0
DA:1032,0
DA:1033,0
DA:1036,0
DA:1039,0
DA:1054,0
DA:1056,0
DA:1060,0
DA:1061,0
DA:1062,0
DA:1065,0
DA:1068,0
DA:1079,0
DA:1080,0
DA:1081,0
DA:1082,0
DA:1083,0
DA:1084,0
DA:1090,0
DA:1094,0
DA:1104,0
DA:1106,0
DA:1111,0
DA:1112,0
DA:1113,0
DA:1114,0
DA:1116,0
DA:1117,0
DA:1119,0
DA:1120,0
DA:1121,0
DA:1122,0
DA:1123,0
DA:1127,0
DA:1128,0
DA:1129,0
DA:1130,0
DA:1132,0
DA:1133,0
DA:1135,0
DA:1136,0
DA:1137,0
DA:1138,0
DA:1139,0
DA:1143,0
DA:1144,0
DA:1145,0
DA:1146,0
DA:1148,0
DA:1149,0
DA:1151,0
DA:1152,0
DA:1153,0
DA:1154,0
DA:1155,0
DA:1157,0
DA:1158,0
DA:1159,0
DA:1160,0
DA:1162,0
DA:1163,0
DA:1164,0
DA:1167,0
DA:1168,0
DA:1169,0
DA:1170,0
DA:1172,0
DA:1173,0
DA:1174,0
DA:1177,0
DA:1178,0
DA:1180,0
DA:1183,0
DA:1299,0
DA:1300,0
DA:1301,0
DA:1302,0
DA:1303,0
DA:1304,0
DA:1305,0
DA:1307,0
DA:1308,0
DA:1317,0
DA:1321,0
DA:1325,0
DA:1326,0
DA:1327,0
DA:1328,0
DA:1376,0
DA:1377,0
DA:1379,0
DA:1381,0
DA:1383,0
DA:1384,0
DA:1385,0
DA:1386,0
DA:1387,0
DA:1389,0
DA:1390,0
DA:1391,0
DA:1392,0
DA:1395,0
DA:1396,0
DA:1397,0
DA:1398,0
DA:1402,0
DA:1405,0
DA:1406,0
DA:1408,0
DA:1409,0
DA:1410,0
DA:1412,0
DA:1413,0
DA:1419,0
DA:1425,0
DA:1427,0
DA:1431,0
DA:1435,0
DA:1436,0
DA:1437,0
DA:1438,0
DA:1440,0
DA:1488,0
DA:1489,0
DA:1490,0
DA:1491,0
DA:1493,0
DA:1497,0
DA:1498,0
DA:1499,0
DA:1501,0
DA:1502,0
DA:1503,0
DA:1504,0
DA:1505,0
DA:1507,0
DA:1508,0
DA:1509,0
DA:1510,0
DA:1514,0
DA:1515,0
DA:1516,0
DA:1518,0
DA:1519,0
DA:1520,0
DA:1522,0
DA:1523,0
DA:1524,0
DA:1525,0
DA:1526,0
DA:1527,0
DA:1528,0
DA:1529,0
DA:1530,0
DA:1547,0
DA:1548,0
DA:1549,0
DA:1550,0
DA:1551,0
DA:1558,0
DA:1559,0
DA:1561,0
DA:1562,0
DA:1563,0
DA:1564,0
DA:1568,0
DA:1569,0
DA:1570,0
DA:1571,0
DA:1573,0
DA:1574,0
DA:1576,0
DA:1577,0
DA:1578,0
DA:1579,0
DA:1580,0
DA:1584,0
DA:1585,0
DA:1586,0
DA:1587,0
DA:1589,0
DA:1590,0
DA:1591,0
DA:1593,0
DA:1594,0
DA:1596,0
DA:1597,0
DA:1598,0
DA:1599,0
DA:1600,0
DA:1602,0
DA:1603,0
DA:1604,0
DA:1608,0
DA:1609,0
DA:1610,0
DA:1612,0
DA:1613,0
DA:1614,0
DA:1615,0
DA:1617,0
DA:1618,0
DA:1619,0
DA:1620,0
DA:1621,0
DA:1623,0
DA:1624,0
DA:1625,0
DA:1629,0
DA:1630,0
DA:1631,0
DA:1632,0
DA:1633,0
DA:1635,0
DA:1636,0
DA:1637,0
DA:1641,0
DA:1642,0
DA:1643,0
DA:1644,0
DA:1646,0
DA:1647,0
DA:1649,0
DA:1650,0
DA:1651,0
DA:1652,0
DA:1653,0
DA:1655,0
DA:1656,0
DA:1657,0
DA:1658,0
DA:1660,0
DA:1661,0
DA:1662,0
DA:1665,0
DA:1666,0
DA:1667,0
DA:1668,0
DA:1669,0
DA:1674,0
DA:1675,0
DA:1676,0
DA:1677,0
DA:1679,0
DA:1683,0
DA:1684,0
DA:1685,0
DA:1686,0
DA:1687,0
DA:1689,0
DA:1690,0
DA:1691,0
DA:1693,0
DA:1694,0
DA:1695,0
DA:1696,0
DA:1698,0
DA:1699,0
DA:1700,0
DA:1701,0
DA:1702,0
DA:1704,0
DA:1708,0
DA:1709,0
DA:1710,0
DA:1711,0
DA:1712,0
DA:1714,0
DA:1715,0
DA:1716,0
DA:1718,0
DA:1719,0
DA:1720,0
DA:1727,0
DA:1728,0
DA:1729,0
DA:1730,0
DA:1731,0
DA:1733,0
DA:1737,0
DA:1738,0
DA:1739,0
DA:1741,0
DA:1742,0
DA:1743,0
DA:1745,0
DA:1746,0
DA:1749,0
DA:1750,0
DA:1751,0
DA:1752,0
DA:1754,0
DA:1759,0
DA:1760,0
DA:1761,0
DA:1762,0
DA:1763,0
DA:1764,0
DA:1765,0
DA:1767,0
DA:1769,0
DA:1770,0
DA:1771,0
DA:1772,0
DA:1773,0
DA:1774,0
DA:1777,0
DA:1780,0
DA:1781,0
DA:1782,0
DA:1783,0
DA:1784,0
DA:1787,0
DA:1788,0
DA:1789,0
DA:1790,0
DA:1791,0
DA:1792,0
DA:1793,0
DA:1796,0
DA:1797,0
DA:1798,0
DA:1801,0
DA:1802,0
DA:1803,0
DA:1804,0
DA:1805,0
DA:1806,0
DA:1809,0
DA:1810,0
DA:1811,0
DA:1812,0
DA:1813,0
DA:1815,0
DA:1816,0
DA:1817,0
DA:1819,0
DA:1821,0
DA:1822,0
DA:1824,0
DA:1825,0
DA:1826,0
DA:1827,0
DA:1828,0
DA:1835,0
DA:1836,0
DA:1840,0
DA:1848,0
DA:1850,0
DA:1851,0
DA:1852,0
DA:1854,0
DA:1858,0
DA:1859,0
DA:1861,0
DA:1862,0
DA:1863,0
DA:1864,0
DA:1865,0
DA:1868,0
DA:1869,0
DA:1870,0
DA:1871,0
DA:1872,0
DA:1874,0
DA:1875,0
DA:1880,0
DA:1882,0
DA:1883,0
DA:1887,0
DA:1888,0
DA:1889,0
DA:1890,0
DA:1891,0
DA:1893,0
DA:1894,0
DA:1895,0
DA:1897,0
DA:1898,0
DA:1904,0
DA:1905,0
DA:1906,0
DA:1908,0
DA:1909,0
DA:1912,0
DA:1913,0
DA:1914,0
DA:1915,0
DA:1916,0
DA:1925,0
DA:1926,0
DA:1927,0
DA:1928,0
DA:1929,0
DA:1930,0
DA:1932,0
DA:1933,0
DA:1936,0
DA:1938,0
DA:1939,0
DA:1944,0
DA:1945,0
DA:1947,0
DA:1970,0
DA:1971,0
DA:1972,0
DA:1973,0
DA:1974,0
DA:1978,0
DA:1979,0
DA:1981,0
DA:1982,0
DA:1987,0
DA:1989,0
DA:1990,0
DA:1991,0
DA:1992,0
DA:1993,0
DA:1994,0
DA:1995,0
DA:1996,0
DA:1997,0
DA:1998,0
DA:1999,0
DA:2001,0
DA:2003,0
DA:2007,0
DA:2008,0
DA:2009,0
DA:2010,0
DA:2011,0
DA:2013,0
DA:2014,0
DA:2016,0
DA:2017,0
DA:2018,0
DA:2019,0
DA:2022,0
DA:2023,0
DA:2024,0
DA:2025,0
DA:2026,0
DA:2028,0
DA:2029,0
DA:2031,0
DA:2035,0
DA:2037,0
DA:2042,0
DA:2043,0
DA:2044,0
DA:2045,0
DA:2046,0
DA:2047,0
DA:2050,0
DA:2051,0
DA:2052,0
DA:2053,0
DA:2055,0
DA:2058,0
DA:2059,0
DA:2061,0
DA:2064,0
DA:2066,0
DA:2071,0
DA:2072,0
DA:2073,0
DA:2074,0
DA:2080,0
DA:2081,0
DA:2084,0
DA:2085,0
DA:2086,0
DA:2087,0
DA:2088,0
DA:2090,0
DA:2091,0
DA:2094,0
DA:2095,0
DA:2096,0
DA:2097,0
DA:2099,0
DA:2109,0
DA:2113,0
DA:2115,0
DA:2116,0
DA:2117,0
DA:2118,0
DA:2120,0
DA:2126,0
DA:2128,0
DA:2129,0
DA:2130,0
DA:2131,0
DA:2132,0
DA:2133,0
DA:2135,0
DA:2139,0
DA:2140,0
DA:2141,0
DA:2142,0
DA:2143,0
DA:2145,0
DA:2165,0
DA:2169,0
DA:2170,0
DA:2171,0
DA:2173,0
DA:2174,0
DA:2175,0
DA:2177,0
DA:2178,0
DA:2179,0
DA:2182,0
DA:2183,0
DA:2184,0
DA:2185,0
DA:2187,0
DA:2189,0
DA:2190,0
DA:2193,0
DA:2195,0
DA:2196,0
DA:2197,0
DA:2198,0
DA:2219,0
DA:2220,0
DA:2222,0
DA:2223,0
DA:2224,0
DA:2239,0
DA:2241,0
DA:2245,0
DA:2246,0
DA:2247,0
DA:2257,0
DA:2259,0
DA:2263,0
DA:2272,0
DA:2275,0
DA:2278,0
DA:2280,0
DA:2285,0
DA:2286,0
DA:2287,0
DA:2289,0
DA:2290,0
DA:2291,0
DA:2293,0
DA:2294,0
DA:2295,0
DA:2297,0
DA:2298,0
DA:2299,0
DA:2300,0
DA:2302,0
DA:2303,0
DA:2304,0
DA:2305,0
DA:2306,0
DA:2308,0
DA:2309,0
DA:2310,0
DA:2311,0
DA:2312,0
DA:2313,0
DA:2314,0
DA:2315,0
DA:2316,0
DA:2317,0
DA:2318,0
DA:2321,0
DA:2322,0
DA:2323,0
DA:2333,0
DA:2335,0
DA:2336,0
DA:2337,0
DA:2340,0
DA:2341,0
DA:2342,0
DA:2343,0
DA:2344,0
DA:2345,0
DA:2354,0
DA:2355,0
DA:2359,0
DA:2360,0
DA:2361,0
DA:2363,0
DA:2364,0
DA:2365,0
DA:2366,0
DA:2367,0
DA:2375,0
DA:2377,0
DA:2378,0
DA:2379,0
DA:2380,0
DA:2381,0
DA:2382,0
DA:2390,0
DA:2392,0
DA:2393,0
DA:2394,0
DA:2398,0
DA:2399,0
DA:2400,0
DA:2402,0
DA:2403,0
DA:2404,0
DA:2405,0
DA:2406,0
DA:2414,0
DA:2416,0
DA:2417,0
DA:2418,0
DA:2419,0
DA:2420,0
DA:2421,0
DA:2429,0
DA:2431,0
DA:2432,0
DA:2433,0
DA:2437,0
DA:2438,0
DA:2439,0
DA:2441,0
DA:2442,0
DA:2443,0
DA:2444,0
DA:2445,0
DA:2453,0
DA:2455,0
DA:2456,0
DA:2457,0
DA:2458,0
DA:2459,0
DA:2460,0
DA:2468,0
DA:2470,0
DA:2471,0
DA:2472,0
DA:2476,0
DA:2477,0
DA:2478,0
DA:2479,0
DA:2480,0
DA:2481,0
DA:2484,0
DA:2486,0
DA:2487,0
DA:2488,0
DA:2489,0
DA:2490,0
DA:2493,0
DA:2494,0
DA:2495,0
DA:2496,0
DA:2497,0
DA:2498,0
DA:2499,0
DA:2500,0
DA:2501,0
DA:2502,0
DA:2506,0
DA:2507,0
DA:2508,0
DA:2509,0
DA:2510,0
DA:2515,0
DA:2520,0
DA:2521,0
DA:2526,0
DA:2528,0
DA:2531,0
DA:2532,0
DA:2533,0
DA:2534,0
DA:2536,0
DA:2537,0
DA:2539,0
DA:2540,0
DA:2541,0
DA:2544,0
DA:2545,0
DA:2546,0
DA:2547,0
DA:2549,0
DA:2552,0
DA:2555,0
DA:2556,0
DA:2557,0
DA:2559,0
DA:2560,0
DA:2561,0
DA:2562,0
DA:2563,0
DA:2565,0
DA:2566,0
DA:2567,0
DA:2568,0
DA:2569,0
DA:2571,0
DA:2572,0
DA:2573,0
DA:2574,0
DA:2578,0
DA:2579,0
DA:2582,0
DA:2583,0
DA:2584,0
DA:2585,0
DA:2588,0
DA:2589,0
DA:2590,0
DA:2591,0
DA:2592,0
DA:2595,0
DA:2597,0
DA:2602,0
DA:2605,0
DA:2606,0
DA:2607,0
DA:2608,0
DA:2609,0
DA:2610,0
DA:2611,0
DA:2612,0
DA:2614,0
DA:2615,0
DA:2618,0
DA:2619,0
DA:2620,0
DA:2622,0
DA:2625,0
DA:2627,0
DA:2630,0
DA:2631,0
DA:2632,0
DA:2638,0
DA:2639,0
DA:2640,0
DA:2641,0
DA:2642,0
DA:2645,0
DA:2646,0
DA:2647,0
DA:2648,0
DA:2649,0
DA:2650,0
DA:2652,0
DA:2655,0
DA:2656,0
DA:2657,0
DA:2659,0
DA:2660,0
DA:2661,0
DA:2662,0
DA:2663,0
DA:2664,0
DA:2668,0
DA:2669,0
DA:2670,0
DA:2672,0
DA:2673,0
DA:2674,0
DA:2675,0
DA:2676,0
DA:2677,0
DA:2678,0
DA:2680,0
DA:2681,0
DA:2683,0
DA:2684,0
DA:2685,0
DA:2686,0
DA:2687,0
DA:2688,0
DA:2689,0
DA:2693,0
DA:2705,0
DA:2706,0
DA:2708,0
DA:2711,0
DA:2713,0
DA:2714,0
DA:2715,0
DA:2716,0
DA:2717,0
DA:2718,0
DA:2719,0
DA:2723,0
DA:2730,0
DA:2732,0
DA:2733,0
DA:2734,0
DA:2735,0
DA:2737,0
DA:2747,0
DA:2778,0
DA:2780,0
DA:2781,0
DA:2785,0
DA:2795,0
DA:2812,0
DA:2813,0
DA:2818,0
DA:2819,0
DA:2820,0
DA:2824,0
DA:2825,0
DA:2826,0
DA:2827,0
DA:2828,0
DA:2834,0
DA:2838,0
DA:2839,0
DA:2840,0
DA:2841,0
DA:2842,0
DA:2843,0
DA:2846,0
DA:2847,0
DA:2848,0
DA:2849,0
DA:2850,0
DA:2851,0
DA:2854,0
DA:2855,0
DA:2857,0
DA:2858,0
DA:2861,0
DA:2862,0
DA:2865,0
DA:2866,0
DA:2869,0
DA:2885,0
DA:2886,0
DA:2887,0
DA:2889,0
DA:2892,0
DA:2893,0
DA:2894,0
DA:2898,0
DA:2905,0
DA:2906,0
DA:2907,0
DA:2908,0
DA:2912,0
DA:2913,0
DA:2915,0
DA:2916,0
DA:2917,0
DA:2918,0
DA:2920,0
DA:2926,0
DA:2927,0
DA:2928,0
DA:2929,0
DA:2931,0
DA:2932,0
DA:2933,0
DA:2934,0
DA:2935,0
DA:2936,0
DA:2937,0
DA:2938,0
DA:2939,0
DA:2940,0
DA:2943,0
DA:2944,0
DA:2946,0
DA:2947,0
DA:2950,0
DA:2952,0
DA:2955,0
DA:2958,0
DA:2959,0
DA:2960,0
DA:2961,0
DA:2963,0
DA:2964,0
DA:2967,0
DA:2968,0
DA:2969,0
DA:2970,0
DA:2971,0
DA:2972,0
DA:2974,0
DA:2975,0
DA:2976,0
DA:2978,0
DA:2980,0
DA:2981,0
DA:2984,0
DA:3022,0
DA:3032,0
DA:3033,0
DA:3034,0
DA:3035,0
DA:3037,0
DA:3038,0
DA:3041,0
DA:3042,0
DA:3047,0
DA:3048,0
DA:3049,0
DA:3050,0
DA:3051,0
DA:3054,0
DA:3055,0
DA:3056,0
DA:3057,0
DA:3058,0
DA:3061,0
DA:3062,0
DA:3063,0
DA:3064,0
DA:3065,0
DA:3067,0
DA:3071,0
DA:3072,0
DA:3073,0
DA:3077,0
DA:3078,0
DA:3079,0
DA:3080,0
DA:3081,0
DA:3082,0
DA:3083,0
DA:3085,0
DA:3090,0
DA:3091,0
DA:3094,0
DA:3095,0
DA:3097,0
DA:3102,0
DA:3103,0
DA:3104,0
DA:3105,0
DA:3107,0
DA:3111,0
DA:3112,0
DA:3113,0
DA:3114,0
DA:3115,0
DA:3116,0
DA:3118,0
DA:3122,0
DA:3123,0
DA:3124,0
DA:3125,0
DA:3126,0
DA:3127,0
DA:3128,0
DA:3129,0
DA:3130,0
DA:3131,0
DA:3132,0
DA:3134,0
DA:3135,0
DA:3136,0
DA:3138,0
DA:3142,0
DA:3143,0
DA:3144,0
DA:3145,0
DA:3146,0
DA:3148,0
DA:3150,0
DA:3151,0
DA:3153,0
DA:3154,0
DA:3155,0
DA:3161,0
DA:3162,0
DA:3163,0
DA:3164,0
DA:3166,0
DA:3172,0
DA:3173,0
DA:3174,0
DA:3175,0
DA:3176,0
DA:3177,0
DA:3179,0
DA:3182,0
DA:3183,0
DA:3184,0
DA:3186,0
DA:3190,0
DA:3194,4
DA:3195,4
DA:3196,4
DA:3197,9
DA:3198,9
DA:3199,9
DA:3201,4
DA:3205,7
DA:3206,5
DA:3207,5
DA:3208,5
DA:3212,6
DA:3213,3
DA:3214,3
DA:3218,5
DA:3219,3
DA:3220,3
DA:3224,0
DA:3225,0
DA:3226,0
DA:3227,0
DA:3229,0
DA:3230,0
DA:3231,0
DA:3232,0
DA:3233,0
DA:3234,0
DA:3235,0
DA:3236,0
DA:3240,1
DA:3241,1
DA:3242,1
DA:3246,2
DA:3250,4
DA:3251,2
DA:3252,2
DA:3253,1
DA:3254,1
DA:3255,1
DA:3257,1
DA:3261,1
DA:3262,1
DA:3263,0
DA:3264,0
DA:3265,0
DA:3267,1
DA:3268,1
DA:3269,1
DA:3270,1
DA:3271,1
DA:3273,0
DA:3277,21
DA:3278,5
DA:3279,4
DA:3283,69
DA:3284,17
DA:3285,69
DA:3289,34
DA:3290,9
DA:3291,34
DA:3295,0
DA:3296,0
DA:3297,0
DA:3299,0
DA:3300,0
DA:3301,0
DA:3303,0
DA:3304,0
DA:3305,0
DA:3306,0
DA:3307,0
DA:3308,0
DA:3309,0
DA:3310,0
DA:3311,0
DA:3313,0
DA:3314,0
DA:3315,0
DA:3316,0
DA:3317,0
DA:3319,0
DA:3322,0
DA:3326,0
DA:3327,0
DA:3328,0
DA:3330,0
DA:3331,0
DA:3332,0
DA:3333,0
DA:3335,0
DA:3336,0
DA:3337,0
DA:3338,0
DA:3339,0
DA:3340,0
DA:3342,0
DA:3343,0
DA:3346,0
DA:3347,0
DA:3348,0
DA:3350,0
DA:3351,0
DA:3353,0
DA:3354,0
DA:3355,0
DA:3357,0
DA:3358,0
DA:3359,0
DA:3362,0
DA:3366,0
DA:3367,0
DA:3368,0
DA:3370,0
DA:3371,0
DA:3373,0
DA:3374,0
DA:3375,0
DA:3376,0
DA:3377,0
DA:3378,0
DA:3379,0
DA:3380,0
DA:3382,0
DA:3412,0
DA:3414,0
DA:3417,0
DA:3421,0
DA:3422,0
DA:3423,0
DA:3425,0
DA:3426,0
DA:3427,0
DA:3428,0
DA:3429,0
DA:3430,0
DA:3431,0
DA:3433,0
DA:3454,0
DA:3456,0
DA:3459,0
DA:3463,0
DA:3464,0
DA:3465,0
DA:3467,0
DA:3468,0
DA:3469,0
DA:3471,0
DA:3472,0
DA:3473,0
DA:3475,0
DA:3476,0
DA:3477,0
DA:3478,0
DA:3479,0
DA:3480,0
DA:3481,0
DA:3482,0
DA:3483,0
DA:3485,0
DA:3486,0
DA:3488,0
DA:3489,0
DA:3490,0
DA:3491,0
DA:3493,0
DA:3495,0
DA:3510,0
DA:3512,0
DA:3515,0
DA:3519,0
DA:3520,0
DA:3521,0
DA:3523,0
DA:3524,0
DA:3525,0
DA:3527,0
DA:3528,0
DA:3529,0
DA:3530,0
DA:3531,0
DA:3532,0
DA:3533,0
DA:3534,0
DA:3537,0
DA:3552,0
DA:3554,0
DA:3557,0
DA:3561,0
DA:3562,0
DA:3563,0
DA:3565,0
DA:3566,0
DA:3567,0
DA:3568,0
DA:3569,0
DA:3570,0
DA:3571,0
DA:3572,0
DA:3573,0
DA:3574,0
DA:3578,0
DA:3579,0
DA:3580,0
DA:3581,0
DA:3582,0
DA:3583,0
DA:3586,0
DA:3587,0
DA:3588,0
DA:3589,0
DA:3590,0
DA:3591,0
DA:3593,0
DA:3595,0
DA:3596,0
DA:3597,0
DA:3598,0
DA:3601,0
DA:3602,0
DA:3604,0
DA:3615,0
DA:3617,0
DA:3620,0
DA:3624,0
DA:3625,0
DA:3626,0
DA:3628,0
DA:3629,0
DA:3630,0
DA:3631,0
DA:3632,0
DA:3635,0
DA:3636,0
DA:3637,0
DA:3638,0
DA:3639,0
DA:3640,0
DA:3641,0
DA:3642,0
DA:3644,0
DA:3645,0
DA:3646,0
DA:3647,0
DA:3648,0
DA:3649,0
DA:3652,0
DA:3664,0
DA:3666,0
DA:3669,0
DA:3673,0
DA:3674,0
DA:3675,0
DA:3677,0
DA:3678,0
DA:3679,0
DA:3680,0
DA:3681,0
DA:3684,0
DA:3685,0
DA:3686,0
DA:3687,0
DA:3688,0
DA:3689,0
DA:3690,0
DA:3691,0
DA:3693,0
DA:3694,0
DA:3695,0
DA:3696,0
DA:3697,0
DA:3698,0
DA:3701,0
DA:3713,0
DA:3715,0
DA:3716,0
DA:3717,0
DA:3718,0
DA:3719,0
DA:3720,0
DA:3721,0
DA:3722,0
DA:3723,0
DA:3724,0
DA:3725,0
DA:3728,0
DA:3740,0
DA:3743,0
DA:3746,0
DA:3750,24
DA:3751,6
DA:3752,6
DA:3753,3
DA:3754,1
DA:3756,3
DA:3757,3
DA:3758,3
DA:3762,0
DA:3763,0
DA:3764,0
DA:3766,0
DA:3768,0
DA:3776,0
DA:3777,0
DA:3778,0
DA:3780,0
DA:3781,0
DA:3782,0
DA:3784,0
DA:3785,0
DA:3787,0
DA:3788,0
DA:3789,0
DA:3790,0
DA:3791,0
DA:3793,0
DA:3796,0
LF:1777
LH:188
BRDA:45,0,0,0
BRDA:45,0,1,0
BRDA:53,1,0,0
BRDA:53,1,1,0
BRDA:56,2,0,0
BRDA:56,2,1,0
BRDA:57,3,0,0
BRDA:57,3,1,0
BRDA:59,4,0,0
BRDA:59,4,1,0
BRDA:59,4,2,0
BRDA:60,5,0,0
BRDA:60,5,1,0
BRDA:73,6,0,11
BRDA:73,6,1,4
BRDA:82,7,0,0
BRDA:82,7,1,0
BRDA:85,8,0,0
BRDA:85,8,1,0
BRDA:86,9,0,0
BRDA:86,9,1,0
BRDA:87,10,0,0
BRDA:87,10,1,0
BRDA:90,11,0,0
BRDA:90,11,1,0
BRDA:93,12,0,0
BRDA:93,12,1,0
BRDA:93,13,0,0
BRDA:93,13,1,0
BRDA:94,14,0,0
BRDA:94,14,1,0
BRDA:94,15,0,0
BRDA:94,15,1,0
BRDA:94,16,0,0
BRDA:94,16,1,0
BRDA:95,17,0,0
BRDA:95,17,1,0
BRDA:122,18,0,0
BRDA:122,18,1,0
BRDA:123,19,0,0
BRDA:123,19,1,0
BRDA:124,20,0,0
BRDA:124,20,1,0
BRDA:126,21,0,0
BRDA:126,21,1,0
BRDA:127,22,0,0
BRDA:127,22,1,0
BRDA:128,23,0,0
BRDA:128,23,1,0
BRDA:130,24,0,0
BRDA:130,24,1,0
BRDA:131,25,0,0
BRDA:131,25,1,0
BRDA:132,26,0,0
BRDA:132,26,1,0
BRDA:133,27,0,0
BRDA:133,27,1,0
BRDA:134,28,0,0
BRDA:134,28,1,0
BRDA:135,29,0,0
BRDA:135,29,1,0
BRDA:135,30,0,0
BRDA:135,30,1,0
BRDA:135,31,0,0
BRDA:135,31,1,0
BRDA:157,32,0,0
BRDA:157,32,1,0
BRDA:162,33,0,0
BRDA:162,33,1,0
BRDA:163,34,0,0
BRDA:163,34,1,0
BRDA:164,35,0,0
BRDA:164,35,1,0
BRDA:165,36,0,0
BRDA:165,36,1,0
BRDA:165,37,0,0
BRDA:165,37,1,0
BRDA:169,38,0,0
BRDA:169,38,1,0
BRDA:171,39,0,0
BRDA:171,39,1,0
BRDA:172,40,0,0
BRDA:172,40,1,0
BRDA:173,41,0,0
BRDA:173,41,1,0
BRDA:179,42,0,0
BRDA:179,42,1,0
BRDA:180,43,0,0
BRDA:180,43,1,0
BRDA:181,44,0,0
BRDA:181,44,1,0
BRDA:181,45,0,0
BRDA:181,45,1,0
BRDA:181,46,0,0
BRDA:181,46,1,0
BRDA:182,47,0,0
BRDA:182,47,1,0
BRDA:185,48,0,0
BRDA:185,48,1,0
BRDA:193,49,0,0
BRDA:193,49,1,0
BRDA:196,50,0,0
BRDA:196,50,1,0
BRDA:215,51,0,0
BRDA:215,51,1,0
BRDA:216,52,0,0
BRDA:216,52,1,0
BRDA:217,53,0,0
BRDA:217,53,1,0
BRDA:218,54,0,0
BRDA:218,54,1,0
BRDA:219,55,0,0
BRDA:219,55,1,0
BRDA:220,56,0,0
BRDA:220,56,1,0
BRDA:223,57,0,0
BRDA:223,57,1,0
BRDA:225,58,0,0
BRDA:225,58,1,0
BRDA:229,59,0,0
BRDA:229,59,1,0
BRDA:230,60,0,0
BRDA:230,60,1,0
BRDA:231,61,0,0
BRDA:231,61,1,0
BRDA:232,62,0,0
BRDA:232,62,1,0
BRDA:238,63,0,0
BRDA:238,63,1,0
BRDA:238,64,0,0
BRDA:238,64,1,0
BRDA:239,65,0,0
BRDA:239,65,1,0
BRDA:254,66,0,0
BRDA:254,66,1,0
BRDA:255,67,0,0
BRDA:255,67,1,0
BRDA:256,68,0,0
BRDA:256,68,1,0
BRDA:268,69,0,1
BRDA:268,69,1,3
BRDA:271,70,0,1
BRDA:271,70,1,2
BRDA:278,71,0,0
BRDA:278,71,1,0
BRDA:293,72,0,0
BRDA:293,72,1,0
BRDA:338,73,0,0
BRDA:338,73,1,0
BRDA:339,74,0,0
BRDA:339,74,1,0
BRDA:353,75,0,0
BRDA:353,75,1,0
BRDA:359,76,0,0
BRDA:359,76,1,0
BRDA:377,77,0,0
BRDA:377,77,1,0
BRDA:378,78,0,0
BRDA:378,78,1,0
BRDA:379,79,0,0
BRDA:379,79,1,0
BRDA:380,80,0,0
BRDA:380,80,1,0
BRDA:384,81,0,0
BRDA:384,81,1,0
BRDA:386,82,0,0
BRDA:386,82,1,0
BRDA:392,83,0,0
BRDA:392,83,1,0
BRDA:410,84,0,1
BRDA:410,84,1,3
BRDA:412,85,0,1
BRDA:412,85,1,2
BRDA:414,86,0,1
BRDA:414,86,1,0
BRDA:418,87,0,1
BRDA:418,87,1,1
BRDA:418,88,0,2
BRDA:418,88,1,1
BRDA:426,89,0,1
BRDA:426,89,1,5
BRDA:427,90,0,3
BRDA:427,90,1,2
BRDA:432,91,0,2
BRDA:432,91,1,4
BRDA:433,92,0,1
BRDA:433,92,1,3
BRDA:438,93,0,1
BRDA:438,93,1,4
BRDA:441,94,0,2
BRDA:441,94,1,2
BRDA:452,95,0,0
BRDA:452,95,1,0
BRDA:452,96,0,0
BRDA:452,96,1,0
BRDA:452,96,2,0
BRDA:474,97,0,0
BRDA:474,97,1,0
BRDA:477,98,0,0
BRDA:477,98,1,0
BRDA:480,99,0,0
BRDA:480,99,1,0
BRDA:480,100,0,0
BRDA:480,100,1,0
BRDA:480,100,2,0
BRDA:494,101,0,4
BRDA:494,101,1,3
BRDA:495,102,0,1
BRDA:495,102,1,3
BRDA:496,103,0,4
BRDA:496,103,1,2
BRDA:502,104,0,1
BRDA:502,104,1,3
BRDA:503,105,0,1
BRDA:503,105,1,3
BRDA:504,106,0,0
BRDA:504,106,1,4
BRDA:505,107,0,1
BRDA:505,107,1,3
BRDA:506,108,0,4
BRDA:506,108,1,2
BRDA:507,109,0,0
BRDA:507,109,1,4
BRDA:508,110,0,0
BRDA:508,110,1,4
BRDA:509,111,0,0
BRDA:509,111,1,4
BRDA:510,112,0,1
BRDA:510,112,1,3
BRDA:512,113,0,2
BRDA:512,113,1,2
BRDA:513,114,0,1
BRDA:513,114,1,3
BRDA:513,115,0,4
BRDA:513,115,1,2
BRDA:527,116,0,0
BRDA:527,116,1,4
BRDA:552,117,0,1
BRDA:552,117,1,1
BRDA:563,118,0,1
BRDA:563,118,1,3
BRDA:563,119,0,4
BRDA:563,119,1,4
BRDA:563,119,2,1
BRDA:566,120,0,1
BRDA:566,120,1,3
BRDA:566,121,0,4
BRDA:566,121,1,4
BRDA:566,121,2,1
BRDA:567,122,0,1
BRDA:567,122,1,3
BRDA:570,123,0,3
BRDA:570,123,1,1
BRDA:571,124,0,3
BRDA:571,124,1,1
BRDA:573,125,0,1
BRDA:573,125,1,2
BRDA:575,126,0,1
BRDA:575,126,1,3
BRDA:576,127,0,0
BRDA:576,127,1,4
BRDA:577,128,0,0
BRDA:577,128,1,4
BRDA:578,129,0,0
BRDA:578,129,1,4
BRDA:579,130,0,0
BRDA:579,130,1,4
BRDA:580,131,0,0
BRDA:580,131,1,4
BRDA:581,132,0,0
BRDA:581,132,1,4
BRDA:582,133,0,0
BRDA:582,133,1,4
BRDA:600,134,0,2
BRDA:600,134,1,1
BRDA:600,135,0,1
BRDA:600,135,1,1
BRDA:601,136,0,1
BRDA:601,136,1,2
BRDA:601,137,0,1
BRDA:601,137,1,0
BRDA:602,138,0,1
BRDA:602,138,1,2
BRDA:602,139,0,0
BRDA:602,139,1,1
BRDA:603,140,0,0
BRDA:603,140,1,3
BRDA:603,141,0,0
BRDA:603,141,1,0
BRDA:604,142,0,1
BRDA:604,142,1,2
BRDA:604,143,0,1
BRDA:604,143,1,0
BRDA:605,144,0,1
BRDA:605,144,1,2
BRDA:613,145,0,2
BRDA:613,145,1,1
BRDA:625,146,0,2
BRDA:625,146,1,2
BRDA:627,147,0,3
BRDA:627,147,1,0
BRDA:630,148,0,1
BRDA:630,148,1,3
BRDA:643,149,0,2
BRDA:643,149,1,1
BRDA:644,150,0,2
BRDA:644,150,1,1
BRDA:644,151,0,1
BRDA:644,151,1,1
BRDA:645,152,0,2
BRDA:645,152,1,1
BRDA:646,153,0,2
BRDA:646,153,1,1
BRDA:648,154,0,1
BRDA:648,154,1,1
BRDA:661,155,0,2
BRDA:661,155,1,2
BRDA:662,156,0,1
BRDA:662,156,1,3
BRDA:662,157,0,4
BRDA:662,157,1,2
BRDA:662,158,0,1
BRDA:662,158,1,1
BRDA:663,159,0,1
BRDA:663,159,1,3
BRDA:664,160,0,1
BRDA:664,160,1,3
BRDA:675,161,0,1
BRDA:675,161,1,2
BRDA:676,162,0,0
BRDA:676,162,1,2
BRDA:677,163,0,1
BRDA:677,163,1,1
BRDA:679,164,0,1
BRDA:679,164,1,0
BRDA:681,165,0,0
BRDA:681,165,1,0
BRDA:685,166,0,1
BRDA:685,166,1,0
BRDA:700,167,0,4
BRDA:700,167,1,0
BRDA:700,168,0,3
BRDA:700,168,1,1
BRDA:701,169,0,3
BRDA:701,169,1,1
BRDA:702,170,0,4
BRDA:702,170,1,2
BRDA:704,171,0,1
BRDA:704,171,1,3
BRDA:704,172,0,1
BRDA:704,172,1,2
BRDA:706,173,0,2
BRDA:706,173,1,2
BRDA:708,174,0,1
BRDA:708,174,1,3
BRDA:717,175,0,3
BRDA:717,175,1,0
BRDA:718,176,0,3
BRDA:718,176,1,1
BRDA:729,177,0,1
BRDA:729,177,1,2
BRDA:730,178,0,1
BRDA:730,178,1,2
BRDA:732,179,0,0
BRDA:732,179,1,3
BRDA:735,180,0,3
BRDA:735,180,1,2
BRDA:740,181,0,1
BRDA:740,181,1,2
BRDA:740,182,0,3
BRDA:740,182,1,2
BRDA:746,183,0,0
BRDA:746,183,1,3
BRDA:747,184,0,0
BRDA:747,184,1,3
BRDA:765,185,0,0
BRDA:765,185,1,0
BRDA:770,186,0,0
BRDA:770,186,1,0
BRDA:776,187,0,0
BRDA:776,187,1,0
BRDA:786,188,0,0
BRDA:786,188,1,0
BRDA:786,189,0,0
BRDA:786,189,1,0
BRDA:787,190,0,0
BRDA:787,190,1,0
BRDA:787,191,0,0
BRDA:787,191,1,0
BRDA:791,192,0,0
BRDA:791,192,1,0
BRDA:795,193,0,0
BRDA:795,193,1,0
BRDA:799,194,0,0
BRDA:799,194,1,0
BRDA:800,195,0,0
BRDA:800,195,1,0
BRDA:811,196,0,0
BRDA:811,196,1,0
BRDA:816,197,0,0
BRDA:816,197,1,0
BRDA:822,198,0,0
BRDA:822,198,1,0
BRDA:837,199,0,0
BRDA:837,199,1,0
BRDA:843,200,0,0
BRDA:843,200,1,0
BRDA:876,201,0,0
BRDA:876,201,1,0
BRDA:885,202,0,0
BRDA:885,202,1,0
BRDA:889,203,0,0
BRDA:889,203,1,0
BRDA:898,204,0,0
BRDA:898,204,1,0
BRDA:904,205,0,0
BRDA:904,205,1,0
BRDA:920,206,0,0
BRDA:920,206,1,0
BRDA:921,207,0,0
BRDA:921,207,1,0
BRDA:924,208,0,0
BRDA:924,208,1,0
BRDA:934,209,0,0
BRDA:934,209,1,0
BRDA:938,210,0,0
BRDA:938,210,1,0
BRDA:942,211,0,0
BRDA:942,211,1,0
BRDA:946,212,0,0
BRDA:946,212,1,0
BRDA:958,213,0,0
BRDA:958,213,1,0
BRDA:959,214,0,0
BRDA:959,214,1,0
BRDA:961,215,0,0
BRDA:961,215,1,0
BRDA:962,216,0,0
BRDA:962,216,1,0
BRDA:975,217,0,0
BRDA:975,217,1,0
BRDA:981,218,0,0
BRDA:981,218,1,0
BRDA:991,219,0,0
BRDA:991,219,1,0
BRDA:1000,220,0,0
BRDA:1000,220,1,0
BRDA:1011,221,0,0
BRDA:1011,221,1,0
BRDA:1033,222,0,0
BRDA:1033,222,1,0
BRDA:1036,223,0,0
BRDA:1036,223,1,0
BRDA:1062,224,0,0
BRDA:1062,224,1,0
BRDA:1065,225,0,0
BRDA:1065,225,1,0
BRDA:1079,226,0,0
BRDA:1079,226,1,0
BRDA:1082,227,0,0
BRDA:1082,227,1,0
BRDA:1096,228,0,0
BRDA:1096,228,1,0
BRDA:1097,229,0,0
BRDA:1097,229,1,0
BRDA:1098,230,0,0
BRDA:1098,230,1,0
BRDA:1099,231,0,0
BRDA:1099,231,1,0
BRDA:1100,232,0,0
BRDA:1100,232,1,0
BRDA:1101,233,0,0
BRDA:1101,233,1,0
BRDA:1102,234,0,0
BRDA:1102,234,1,0
BRDA:1112,235,0,0
BRDA:1112,235,1,0
BRDA:1121,236,0,0
BRDA:1121,236,1,0
BRDA:1128,237,0,0
BRDA:1128,237,1,0
BRDA:1137,238,0,0
BRDA:1137,238,1,0
BRDA:1144,239,0,0
BRDA:1144,239,1,0
BRDA:1153,240,0,0
BRDA:1153,240,1,0
BRDA:1159,241,0,0
BRDA:1159,241,1,0
BRDA:1169,242,0,0
BRDA:1169,242,1,0
BRDA:1178,243,0,0
BRDA:1178,243,1,0
BRDA:1303,244,0,0
BRDA:1303,244,1,0
BRDA:1327,245,0,0
BRDA:1327,245,1,0
BRDA:1385,246,0,0
BRDA:1385,246,1,0
BRDA:1391,247,0,0
BRDA:1391,247,1,0
BRDA:1398,248,0,0
BRDA:1398,248,1,0
BRDA:1405,249,0,0
BRDA:1405,249,1,0
BRDA:1406,250,0,0
BRDA:1406,250,1,0
BRDA:1408,251,0,0
BRDA:1408,251,1,0
BRDA:1408,252,0,0
BRDA:1408,252,1,0
BRDA:1408,252,2,0
BRDA:1420,253,0,0
BRDA:1420,253,1,0
BRDA:1437,254,0,0
BRDA:1437,254,1,0
BRDA:1503,255,0,0
BRDA:1503,255,1,0
BRDA:1509,256,0,0
BRDA:1509,256,1,0
BRDA:1524,257,0,0
BRDA:1524,257,1,0
BRDA:1526,258,0,0
BRDA:1526,258,1,0
BRDA:1547,259,0,0
BRDA:1547,259,1,0
BRDA:1549,260,0,0
BRDA:1549,260,1,0
BRDA:1550,261,0,0
BRDA:1550,261,1,0
BRDA:1554,262,0,0
BRDA:1554,262,1,0
BRDA:1563,263,0,0
BRDA:1563,263,1,0
BRDA:1569,264,0,0
BRDA:1569,264,1,0
BRDA:1578,265,0,0
BRDA:1578,265,1,0
BRDA:1585,266,0,0
BRDA:1585,266,1,0
BRDA:1589,267,0,0
BRDA:1589,267,1,0
BRDA:1598,268,0,0
BRDA:1598,268,1,0
BRDA:1614,269,0,0
BRDA:1614,269,1,0
BRDA:1619,270,0,0
BRDA:1619,270,1,0
BRDA:1631,271,0,0
BRDA:1631,271,1,0
BRDA:1642,272,0,0
BRDA:1642,272,1,0
BRDA:1651,273,0,0
BRDA:1651,273,1,0
BRDA:1657,274,0,0
BRDA:1657,274,1,0
BRDA:1668,275,0,0
BRDA:1668,275,1,0
BRDA:1677,276,0,0
BRDA:1677,276,1,0
BRDA:1686,277,0,0
BRDA:1686,277,1,0
BRDA:1686,278,0,0
BRDA:1686,278,1,0
BRDA:1690,279,0,0
BRDA:1690,279,1,0
BRDA:1695,280,0,0
BRDA:1695,280,1,0
BRDA:1700,281,0,0
BRDA:1700,281,1,0
BRDA:1704,282,0,0
BRDA:1704,282,1,0
BRDA:1711,283,0,0
BRDA:1711,283,1,0
BRDA:1711,284,0,0
BRDA:1711,284,1,0
BRDA:1715,285,0,0
BRDA:1715,285,1,0
BRDA:1723,286,0,0
BRDA:1723,286,1,0
BRDA:1724,287,0,0
BRDA:1724,287,1,0
BRDA:1733,288,0,0
BRDA:1733,288,1,0
BRDA:1738,289,0,0
BRDA:1738,289,1,0
BRDA:1742,290,0,0
BRDA:1742,290,1,0
BRDA:1751,291,0,0
BRDA:1751,291,1,0
BRDA:1760,292,0,0
BRDA:1760,292,1,0
BRDA:1761,293,0,0
BRDA:1761,293,1,0
BRDA:1772,294,0,0
BRDA:1772,294,1,0
BRDA:1773,295,0,0
BRDA:1773,295,1,0
BRDA:1781,296,0,0
BRDA:1781,296,1,0
BRDA:1782,297,0,0
BRDA:1782,297,1,0
BRDA:1788,298,0,0
BRDA:1788,298,1,0
BRDA:1789,299,0,0
BRDA:1789,299,1,0
BRDA:1791,300,0,0
BRDA:1791,300,1,0
BRDA:1803,301,0,0
BRDA:1803,301,1,0
BRDA:1805,302,0,0
BRDA:1805,302,1,0
BRDA:1812,303,0,0
BRDA:1812,303,1,0
BRDA:1813,304,0,0
BRDA:1813,304,1,0
BRDA:1816,305,0,0
BRDA:1816,305,1,0
BRDA:1816,306,0,0
BRDA:1816,306,1,0
BRDA:1816,306,2,0
BRDA:1819,307,0,0
BRDA:1819,307,1,0
BRDA:1822,308,0,0
BRDA:1822,308,1,0
BRDA:1832,309,0,0
BRDA:1832,309,1,0
BRDA:1842,310,0,0
BRDA:1842,310,1,0
BRDA:1843,311,0,0
BRDA:1843,311,1,0
BRDA:1844,312,0,0
BRDA:1844,312,1,0
BRDA:1850,313,0,0
BRDA:1850,313,1,0
BRDA:1850,314,0,0
BRDA:1850,314,1,0
BRDA:1858,315,0,0
BRDA:1858,315,1,0
BRDA:1861,316,0,0
BRDA:1861,316,1,0
BRDA:1861,316,2,0
BRDA:1862,317,0,0
BRDA:1862,317,1,0
BRDA:1862,317,2,0
BRDA:1871,318,0,0
BRDA:1871,318,1,0
BRDA:1883,319,0,0
BRDA:1883,319,1,0
BRDA:1890,320,0,0
BRDA:1890,320,1,0
BRDA:1894,321,0,0
BRDA:1894,321,1,0
BRDA:1905,322,0,0
BRDA:1905,322,1,0
BRDA:1905,322,2,0
BRDA:1905,322,3,0
BRDA:1906,323,0,0
BRDA:1906,323,1,0
BRDA:1906,323,2,0
BRDA:1908,324,0,0
BRDA:1908,324,1,0
BRDA:1913,325,0,0
BRDA:1913,325,1,0
BRDA:1927,326,0,0
BRDA:1927,326,1,0
BRDA:1928,327,0,0
BRDA:1928,327,1,0
BRDA:1930,328,0,0
BRDA:1930,328,1,0
BRDA:1932,329,0,0
BRDA:1932,329,1,0
BRDA:1982,330,0,0
BRDA:1982,330,1,0
BRDA:1991,331,0,0
BRDA:1991,331,1,0
BRDA:1995,332,0,0
BRDA:1995,332,1,0
BRDA:2003,333,0,0
BRDA:2003,333,1,0
BRDA:2009,334,0,0
BRDA:2009,334,1,0
BRDA:2010,335,0,0
BRDA:2010,335,1,0
BRDA:2011,336,0,0
BRDA:2011,336,1,0
BRDA:2024,337,0,0
BRDA:2024,337,1,0
BRDA:2031,338,0,0
BRDA:2031,338,1,0
BRDA:2037,339,0,0
BRDA:2037,339,1,0
BRDA:2044,340,0,0
BRDA:2044,340,1,0
BRDA:2046,341,0,0
BRDA:2046,341,1,0
BRDA:2046,342,0,0
BRDA:2046,342,1,0
BRDA:2052,343,0,0
BRDA:2052,343,1,0
BRDA:2055,344,0,0
BRDA:2055,344,1,0
BRDA:2058,345,0,0
BRDA:2058,345,1,0
BRDA:2066,346,0,0
BRDA:2066,346,1,0
BRDA:2073,347,0,0
BRDA:2073,347,1,0
BRDA:2073,348,0,0
BRDA:2073,348,1,0
BRDA:2075,349,0,0
BRDA:2075,349,1,0
BRDA:2087,350,0,0
BRDA:2087,350,1,0
BRDA:2090,351,0,0
BRDA:2090,351,1,0
BRDA:2090,352,0,0
BRDA:2090,352,1,0
BRDA:2116,353,0,0
BRDA:2116,353,1,0
BRDA:2117,354,0,0
BRDA:2117,354,1,0
BRDA:2120,355,0,0
BRDA:2120,355,1,0
BRDA:2130,356,0,0
BRDA:2130,356,1,0
BRDA:2141,357,0,0
BRDA:2141,357,1,0
BRDA:2149,358,0,0
BRDA:2149,358,1,0
BRDA:2165,359,0,0
BRDA:2165,359,1,0
BRDA:2171,360,0,0
BRDA:2171,360,1,0
BRDA:2173,361,0,0
BRDA:2173,361,1,0
BRDA:2174,362,0,0
BRDA:2174,362,1,0
BRDA:2175,363,0,0
BRDA:2175,363,1,0
BRDA:2178,364,0,0
BRDA:2178,364,1,0
BRDA:2183,365,0,0
BRDA:2183,365,1,0
BRDA:2184,366,0,0
BRDA:2184,366,1,0
BRDA:2189,367,0,0
BRDA:2189,367,1,0
BRDA:2200,368,0,0
BRDA:2200,368,1,0
BRDA:2201,369,0,0
BRDA:2201,369,1,0
BRDA:2202,370,0,0
BRDA:2202,370,1,0
BRDA:2203,371,0,0
BRDA:2203,371,1,0
BRDA:2204,372,0,0
BRDA:2204,372,1,0
BRDA:2205,373,0,0
BRDA:2205,373,1,0
BRDA:2206,374,0,0
BRDA:2206,374,1,0
BRDA:2207,375,0,0
BRDA:2207,375,1,0
BRDA:2208,376,0,0
BRDA:2208,376,1,0
BRDA:2209,377,0,0
BRDA:2209,377,1,0
BRDA:2210,378,0,0
BRDA:2210,378,1,0
BRDA:2211,379,0,0
BRDA:2211,379,1,0
BRDA:2212,380,0,0
BRDA:2212,380,1,0
BRDA:2213,381,0,0
BRDA:2213,381,1,0
BRDA:2214,382,0,0
BRDA:2214,382,1,0
BRDA:2226,383,0,0
BRDA:2226,383,1,0
BRDA:2228,384,0,0
BRDA:2228,384,1,0
BRDA:2229,385,0,0
BRDA:2229,385,1,0
BRDA:2230,386,0,0
BRDA:2230,386,1,0
BRDA:2231,387,0,0
BRDA:2231,387,1,0
BRDA:2232,388,0,0
BRDA:2232,388,1,0
BRDA:2233,389,0,0
BRDA:2233,389,1,0
BRDA:2234,390,0,0
BRDA:2234,390,1,0
BRDA:2235,391,0,0
BRDA:2235,391,1,0
BRDA:2236,392,0,0
BRDA:2236,392,1,0
BRDA:2237,393,0,0
BRDA:2237,393,1,0
BRDA:2251,394,0,0
BRDA:2251,394,1,0
BRDA:2252,395,0,0
BRDA:2252,395,1,0
BRDA:2253,396,0,0
BRDA:2253,396,1,0
BRDA:2254,397,0,0
BRDA:2254,397,1,0
BRDA:2255,398,0,0
BRDA:2255,398,1,0
BRDA:2280,399,0,0
BRDA:2280,399,1,0
BRDA:2299,400,0,0
BRDA:2299,400,1,0
BRDA:2304,401,0,0
BRDA:2304,401,1,0
BRDA:2311,402,0,0
BRDA:2311,402,1,0
BRDA:2312,403,0,0
BRDA:2312,403,1,0
BRDA:2317,404,0,0
BRDA:2317,404,1,0
BRDA:2318,405,0,0
BRDA:2318,405,1,0
BRDA:2318,406,0,0
BRDA:2318,406,1,0
BRDA:2343,407,0,0
BRDA:2343,407,1,0
BRDA:2344,408,0,0
BRDA:2344,408,1,0
BRDA:2365,409,0,0
BRDA:2365,409,1,0
BRDA:2371,410,0,0
BRDA:2371,410,1,0
BRDA:2378,411,0,0
BRDA:2378,411,1,0
BRDA:2381,412,0,0
BRDA:2381,412,1,0
BRDA:2404,413,0,0
BRDA:2404,413,1,0
BRDA:2410,414,0,0
BRDA:2410,414,1,0
BRDA:2417,415,0,0
BRDA:2417,415,1,0
BRDA:2420,416,0,0
BRDA:2420,416,1,0
BRDA:2443,417,0,0
BRDA:2443,417,1,0
BRDA:2449,418,0,0
BRDA:2449,418,1,0
BRDA:2456,419,0,0
BRDA:2456,419,1,0
BRDA:2459,420,0,0
BRDA:2459,420,1,0
BRDA:2480,421,0,0
BRDA:2480,421,1,0
BRDA:2480,422,0,0
BRDA:2480,422,1,0
BRDA:2480,422,2,0
BRDA:2488,423,0,0
BRDA:2488,423,1,0
BRDA:2488,424,0,0
BRDA:2488,424,1,0
BRDA:2488,424,2,0
BRDA:2493,425,0,0
BRDA:2493,425,1,0
BRDA:2495,426,0,0
BRDA:2495,426,1,0
BRDA:2498,427,0,0
BRDA:2498,427,1,0
BRDA:2501,428,0,0
BRDA:2501,428,1,0
BRDA:2506,429,0,0
BRDA:2506,429,1,0
BRDA:2509,430,0,0
BRDA:2509,430,1,0
BRDA:2520,431,0,0
BRDA:2520,431,1,0
BRDA:2531,432,0,0
BRDA:2531,432,1,0
BRDA:2537,433,0,0
BRDA:2537,433,1,0
BRDA:2544,434,0,0
BRDA:2544,434,1,0
BRDA:2546,435,0,0
BRDA:2546,435,1,0
BRDA:2573,436,0,0
BRDA:2573,436,1,0
BRDA:2573,437,0,0
BRDA:2573,437,1,0
BRDA:2582,438,0,0
BRDA:2582,438,1,0
BRDA:2584,439,0,0
BRDA:2584,439,1,0
BRDA:2588,440,0,0
BRDA:2588,440,1,0
BRDA:2590,441,0,0
BRDA:2590,441,1,0
BRDA:2591,442,0,0
BRDA:2591,442,1,0
BRDA:2591,443,0,0
BRDA:2591,443,1,0
BRDA:2595,444,0,0
BRDA:2595,444,1,0
BRDA:2607,445,0,0
BRDA:2607,445,1,0
BRDA:2618,446,0,0
BRDA:2618,446,1,0
BRDA:2620,447,0,0
BRDA:2620,447,1,0
BRDA:2631,448,0,0
BRDA:2631,448,1,0
BRDA:2631,449,0,0
BRDA:2631,449,1,0
BRDA:2642,450,0,0
BRDA:2642,450,1,0
BRDA:2646,451,0,0
BRDA:2646,451,1,0
BRDA:2648,452,0,0
BRDA:2648,452,1,0
BRDA:2648,453,0,0
BRDA:2648,453,1,0
BRDA:2650,454,0,0
BRDA:2650,454,1,0
BRDA:2652,455,0,0
BRDA:2652,455,1,0
BRDA:2660,456,0,0
BRDA:2660,456,1,0
BRDA:2662,457,0,0
BRDA:2662,457,1,0
BRDA:2668,458,0,0
BRDA:2668,458,1,0
BRDA:2669,459,0,0
BRDA:2669,459,1,0
BRDA:2672,460,0,0
BRDA:2672,460,1,0
BRDA:2675,461,0,0
BRDA:2675,461,1,0
BRDA:2677,462,0,0
BRDA:2677,462,1,0
BRDA:2680,463,0,0
BRDA:2680,463,1,0
BRDA:2683,464,0,0
BRDA:2683,464,1,0
BRDA:2684,465,0,0
BRDA:2684,465,1,0
BRDA:2685,466,0,0
BRDA:2685,466,1,0
BRDA:2685,467,0,0
BRDA:2685,467,1,0
BRDA:2685,467,2,0
BRDA:2685,467,3,0
BRDA:2687,468,0,0
BRDA:2687,468,1,0
BRDA:2701,469,0,0
BRDA:2701,469,1,0
BRDA:2716,470,0,0
BRDA:2716,470,1,0
BRDA:2717,471,0,0
BRDA:2717,471,1,0
BRDA:2733,472,0,0
BRDA:2733,472,1,0
BRDA:2733,473,0,0
BRDA:2733,473,1,0
BRDA:2733,473,2,0
BRDA:2733,473,3,0
BRDA:2733,473,4,0
BRDA:2733,473,5,0
BRDA:2778,474,0,0
BRDA:2778,474,1,0
BRDA:2789,475,0,0
BRDA:2789,475,1,0
BRDA:2790,476,0,0
BRDA:2790,476,1,0
BRDA:2813,477,0,0
BRDA:2813,477,1,0
BRDA:2827,478,0,0
BRDA:2827,478,1,0
BRDA:2841,479,0,0
BRDA:2841,479,1,0
BRDA:2841,480,0,0
BRDA:2841,480,1,0
BRDA:2842,481,0,0
BRDA:2842,481,1,0
BRDA:2842,482,0,0
BRDA:2842,482,1,0
BRDA:2842,482,2,0
BRDA:2849,483,0,0
BRDA:2849,483,1,0
BRDA:2857,484,0,0
BRDA:2857,484,1,0
BRDA:2858,485,0,0
BRDA:2858,485,1,0
BRDA:2865,486,0,0
BRDA:2865,486,1,0
BRDA:2872,487,0,0
BRDA:2872,487,1,0
BRDA:2874,488,0,0
BRDA:2874,488,1,0
BRDA:2875,489,0,0
BRDA:2875,489,1,0
BRDA:2875,490,0,0
BRDA:2875,490,1,0
BRDA:2875,491,0,0
BRDA:2875,491,1,0
BRDA:2875,492,0,0
BRDA:2875,492,1,0
BRDA:2875,493,0,0
BRDA:2875,493,1,0
BRDA:2875,494,0,0
BRDA:2875,494,1,0
BRDA:2892,495,0,0
BRDA:2892,495,1,0
BRDA:2892,496,0,0
BRDA:2892,496,1,0
BRDA:2906,497,0,0
BRDA:2906,497,1,0
BRDA:2907,498,0,0
BRDA:2907,498,1,0
BRDA:2916,499,0,0
BRDA:2916,499,1,0
BRDA:2917,500,0,0
BRDA:2917,500,1,0
BRDA:2920,501,0,0
BRDA:2920,501,1,0
BRDA:2929,502,0,0
BRDA:2929,502,1,0
BRDA:2929,503,0,0
BRDA:2929,503,1,0
BRDA:2936,504,0,0
BRDA:2936,504,1,0
BRDA:2946,505,0,0
BRDA:2946,505,1,0
BRDA:2947,506,0,0
BRDA:2947,506,1,0
BRDA:2950,507,0,0
BRDA:2950,507,1,0
BRDA:2950,508,0,0
BRDA:2950,508,1,0
BRDA:2950,508,2,0
BRDA:2952,509,0,0
BRDA:2952,509,1,0
BRDA:2952,510,0,0
BRDA:2952,510,1,0
BRDA:2952,511,0,0
BRDA:2952,511,1,0
BRDA:2952,512,0,0
BRDA:2952,512,1,0
BRDA:2955,513,0,0
BRDA:2955,513,1,0
BRDA:2958,514,0,0
BRDA:2958,514,1,0
BRDA:2958,514,2,0
BRDA:2959,515,0,0
BRDA:2959,515,1,0
BRDA:2959,515,2,0
BRDA:2961,516,0,0
BRDA:2961,516,1,0
BRDA:2961,517,0,0
BRDA:2961,517,1,0
BRDA:2964,518,0,0
BRDA:2964,518,1,0
BRDA:2964,519,0,0
BRDA:2964,519,1,0
BRDA:2964,520,0,0
BRDA:2964,520,1,0
BRDA:2967,521,0,0
BRDA:2967,521,1,0
BRDA:2967,521,2,0
BRDA:2968,522,0,0
BRDA:2968,522,1,0
BRDA:2968,522,2,0
BRDA:2968,522,3,0
BRDA:2968,522,4,0
BRDA:2970,523,0,0
BRDA:2970,523,1,0
BRDA:2971,524,0,0
BRDA:2971,524,1,0
BRDA:2974,525,0,0
BRDA:2974,525,1,0
BRDA:2975,526,0,0
BRDA:2975,526,1,0
BRDA:2975,527,0,0
BRDA:2975,527,1,0
BRDA:2980,528,0,0
BRDA:2980,528,1,0
BRDA:2987,529,0,0
BRDA:2987,529,1,0
BRDA:2989,530,0,0
BRDA:2989,530,1,0
BRDA:2991,531,0,0
BRDA:2991,531,1,0
BRDA:2993,532,0,0
BRDA:2993,532,1,0
BRDA:2995,533,0,0
BRDA:2995,533,1,0
BRDA:2997,534,0,0
BRDA:2997,534,1,0
BRDA:2997,535,0,0
BRDA:2997,535,1,0
BRDA:2997,536,0,0
BRDA:2997,536,1,0
BRDA:2997,537,0,0
BRDA:2997,537,1,0
BRDA:2997,538,0,0
BRDA:2997,538,1,0
BRDA:2997,539,0,0
BRDA:2997,539,1,0
BRDA:2999,540,0,0
BRDA:2999,540,1,0
BRDA:3032,541,0,0
BRDA:3032,541,1,0
BRDA:3042,542,0,0
BRDA:3042,542,1,0
BRDA:3048,543,0,0
BRDA:3048,543,1,0
BRDA:3049,544,0,0
BRDA:3049,544,1,0
BRDA:3055,545,0,0
BRDA:3055,545,1,0
BRDA:3056,546,0,0
BRDA:3056,546,1,0
BRDA:3079,547,0,0
BRDA:3079,547,1,0
BRDA:3080,548,0,0
BRDA:3080,548,1,0
BRDA:3081,549,0,0
BRDA:3081,549,1,0
BRDA:3085,550,0,0
BRDA:3085,550,1,0
BRDA:3094,551,0,0
BRDA:3094,551,1,0
BRDA:3107,552,0,0
BRDA:3107,552,1,0
BRDA:3118,553,0,0
BRDA:3118,553,1,0
BRDA:3128,554,0,0
BRDA:3128,554,1,0
BRDA:3129,555,0,0
BRDA:3129,555,1,0
BRDA:3130,556,0,0
BRDA:3130,556,1,0
BRDA:3131,557,0,0
BRDA:3131,557,1,0
BRDA:3131,558,0,0
BRDA:3131,558,1,0
BRDA:3135,559,0,0
BRDA:3135,559,1,0
BRDA:3138,560,0,0
BRDA:3138,560,1,0
BRDA:3146,561,0,0
BRDA:3146,561,1,0
BRDA:3151,562,0,0
BRDA:3151,562,1,0
BRDA:3162,563,0,0
BRDA:3162,563,1,0
BRDA:3172,564,0,0
BRDA:3172,564,1,0
BRDA:3174,565,0,0
BRDA:3174,565,1,0
BRDA:3186,566,0,0
BRDA:3186,566,1,0
BRDA:3197,567,0,9
BRDA:3197,567,1,3
BRDA:3198,568,0,2
BRDA:3198,568,1,7
BRDA:3199,569,0,2
BRDA:3199,569,1,7
BRDA:3205,570,0,2
BRDA:3205,570,1,5
BRDA:3207,571,0,1
BRDA:3207,571,1,4
BRDA:3212,572,0,3
BRDA:3212,572,1,3
BRDA:3212,573,0,6
BRDA:3212,573,1,5
BRDA:3214,574,0,1
BRDA:3214,574,1,2
BRDA:3218,575,0,2
BRDA:3218,575,1,3
BRDA:3218,576,0,5
BRDA:3218,576,1,4
BRDA:3220,577,0,1
BRDA:3220,577,1,2
BRDA:3224,578,0,0
BRDA:3224,578,1,0
BRDA:3225,579,0,0
BRDA:3225,579,1,0
BRDA:3226,580,0,0
BRDA:3226,580,1,0
BRDA:3226,581,0,0
BRDA:3226,581,1,0
BRDA:3229,582,0,0
BRDA:3229,582,1,0
BRDA:3230,583,0,0
BRDA:3230,583,1,0
BRDA:3231,584,0,0
BRDA:3231,584,1,0
BRDA:3232,585,0,0
BRDA:3232,585,1,0
BRDA:3233,586,0,0
BRDA:3233,586,1,0
BRDA:3234,587,0,0
BRDA:3234,587,1,0
BRDA:3235,588,0,0
BRDA:3235,588,1,0
BRDA:3235,589,0,0
BRDA:3235,589,1,0
BRDA:3241,590,0,0
BRDA:3241,590,1,1
BRDA:3246,591,0,2
BRDA:3246,591,1,2
BRDA:3250,592,0,2
BRDA:3250,592,1,2
BRDA:3250,593,0,4
BRDA:3250,593,1,4
BRDA:3250,593,2,3
BRDA:3252,594,0,1
BRDA:3252,594,1,1
BRDA:3254,595,0,0
BRDA:3254,595,1,1
BRDA:3262,596,0,0
BRDA:3262,596,1,1
BRDA:3264,597,0,0
BRDA:3264,597,1,0
BRDA:3268,598,0,1
BRDA:3268,598,1,0
BRDA:3269,599,0,0
BRDA:3269,599,1,1
BRDA:3270,600,0,0
BRDA:3270,600,1,1
BRDA:3277,601,0,16
BRDA:3277,601,1,5
BRDA:3278,602,0,1
BRDA:3278,602,1,4
BRDA:3283,603,0,52
BRDA:3283,603,1,17
BRDA:3283,604,0,69
BRDA:3283,604,1,21
BRDA:3283,604,2,19
BRDA:3284,605,0,11
BRDA:3284,605,1,6
BRDA:3285,606,0,3
BRDA:3285,606,1,14
BRDA:3289,607,0,25
BRDA:3289,607,1,9
BRDA:3289,608,0,34
BRDA:3289,608,1,12
BRDA:3289,608,2,10
BRDA:3290,609,0,4
BRDA:3290,609,1,5
BRDA:3291,610,0,2
BRDA:3291,610,1,7
BRDA:3305,611,0,0
BRDA:3305,611,1,0
BRDA:3308,612,0,0
BRDA:3308,612,1,0
BRDA:3308,613,0,0
BRDA:3308,613,1,0
BRDA:3308,613,2,0
BRDA:3308,613,3,0
BRDA:3309,614,0,0
BRDA:3309,614,1,0
BRDA:3337,615,0,0
BRDA:3337,615,1,0
BRDA:3340,616,0,0
BRDA:3340,616,1,0
BRDA:3340,617,0,0
BRDA:3340,617,1,0
BRDA:3342,618,0,0
BRDA:3342,618,1,0
BRDA:3371,619,0,0
BRDA:3371,619,1,0
BRDA:3375,620,0,0
BRDA:3375,620,1,0
BRDA:3378,621,0,0
BRDA:3378,621,1,0
BRDA:3380,622,0,0
BRDA:3380,622,1,0
BRDA:3385,623,0,0
BRDA:3385,623,1,0
BRDA:3385,624,0,0
BRDA:3385,624,1,0
BRDA:3427,625,0,0
BRDA:3427,625,1,0
BRDA:3430,626,0,0
BRDA:3430,626,1,0
BRDA:3431,627,0,0
BRDA:3431,627,1,0
BRDA:3477,628,0,0
BRDA:3477,628,1,0
BRDA:3479,629,0,0
BRDA:3479,629,1,0
BRDA:3480,630,0,0
BRDA:3480,630,1,0
BRDA:3481,631,0,0
BRDA:3481,631,1,0
BRDA:3481,632,0,0
BRDA:3481,632,1,0
BRDA:3482,633,0,0
BRDA:3482,633,1,0
BRDA:3486,634,0,0
BRDA:3486,634,1,0
BRDA:3488,635,0,0
BRDA:3488,635,1,0
BRDA:3489,636,0,0
BRDA:3489,636,1,0
BRDA:3489,637,0,0
BRDA:3489,637,1,0
BRDA:3490,638,0,0
BRDA:3490,638,1,0
BRDA:3490,639,0,0
BRDA:3490,639,1,0
BRDA:3493,640,0,0
BRDA:3493,640,1,0
BRDA:3503,641,0,0
BRDA:3503,641,1,0
BRDA:3504,642,0,0
BRDA:3504,642,1,0
BRDA:3507,643,0,0
BRDA:3507,643,1,0
BRDA:3529,644,0,0
BRDA:3529,644,1,0
BRDA:3533,645,0,0
BRDA:3533,645,1,0
BRDA:3547,646,0,0
BRDA:3547,646,1,0
BRDA:3547,647,0,0
BRDA:3547,647,1,0
BRDA:3548,648,0,0
BRDA:3548,648,1,0
BRDA:3548,649,0,0
BRDA:3548,649,1,0
BRDA:3548,650,0,0
BRDA:3548,650,1,0
BRDA:3550,651,0,0
BRDA:3550,651,1,0
BRDA:3570,652,0,0
BRDA:3570,652,1,0
BRDA:3572,653,0,0
BRDA:3572,653,1,0
BRDA:3574,654,0,0
BRDA:3574,654,1,0
BRDA:3583,655,0,0
BRDA:3583,655,1,0
BRDA:3588,656,0,0
BRDA:3588,656,1,0
BRDA:3591,657,0,0
BRDA:3591,657,1,0
BRDA:3591,658,0,0
BRDA:3591,658,1,0
BRDA:3595,659,0,0
BRDA:3595,659,1,0
BRDA:3597,660,0,0
BRDA:3597,660,1,0
BRDA:3598,661,0,0
BRDA:3598,661,1,0
BRDA:3602,662,0,0
BRDA:3602,662,1,0
BRDA:3602,663,0,0
BRDA:3602,663,1,0
BRDA:3609,664,0,0
BRDA:3609,664,1,0
BRDA:3609,665,0,0
BRDA:3609,665,1,0
BRDA:3611,666,0,0
BRDA:3611,666,1,0
BRDA:3612,667,0,0
BRDA:3612,667,1,0
BRDA:3613,668,0,0
BRDA:3613,668,1,0
BRDA:3637,669,0,0
BRDA:3637,669,1,0
BRDA:3639,670,0,0
BRDA:3639,670,1,0
BRDA:3639,671,0,0
BRDA:3639,671,1,0
BRDA:3641,672,0,0
BRDA:3641,672,1,0
BRDA:3642,673,0,0
BRDA:3642,673,1,0
BRDA:3647,674,0,0
BRDA:3647,674,1,0
BRDA:3648,675,0,0
BRDA:3648,675,1,0
BRDA:3649,676,0,0
BRDA:3649,676,1,0
BRDA:3686,677,0,0
BRDA:3686,677,1,0
BRDA:3688,678,0,0
BRDA:3688,678,1,0
BRDA:3688,679,0,0
BRDA:3688,679,1,0
BRDA:3690,680,0,0
BRDA:3690,680,1,0
BRDA:3691,681,0,0
BRDA:3691,681,1,0
BRDA:3696,682,0,0
BRDA:3696,682,1,0
BRDA:3697,683,0,0
BRDA:3697,683,1,0
BRDA:3698,684,0,0
BRDA:3698,684,1,0
BRDA:3716,685,0,0
BRDA:3716,685,1,0
BRDA:3717,686,0,0
BRDA:3717,686,1,0
BRDA:3717,687,0,0
BRDA:3717,687,1,0
BRDA:3718,688,0,0
BRDA:3718,688,1,0
BRDA:3719,689,0,0
BRDA:3719,689,1,0
BRDA:3723,690,0,0
BRDA:3723,690,1,0
BRDA:3724,691,0,0
BRDA:3724,691,1,0
BRDA:3725,692,0,0
BRDA:3725,692,1,0
BRDA:3750,693,0,18
BRDA:3750,693,1,6
BRDA:3750,694,0,24
BRDA:3750,694,1,6
BRDA:3752,695,0,3
BRDA:3752,695,1,3
BRDA:3753,696,0,2
BRDA:3753,696,1,1
BRDA:3753,697,0,3
BRDA:3753,697,1,3
BRDA:3778,698,0,0
BRDA:3778,698,1,0
BRDA:3781,699,0,0
BRDA:3781,699,1,0
BRDA:3782,700,0,0
BRDA:3782,700,1,0
BRDA:3784,701,0,0
BRDA:3784,701,1,0
BRDA:3785,702,0,0
BRDA:3785,702,1,0
BRDA:3785,703,0,0
BRDA:3785,703,1,0
BRF:1441
BRH:237
end_of_record
TN:
SF:server/sharepoint-sync.ts
FN:44,getGraphToken
FN:78,parseSharePointDate
FN:90,cleanMultiValueField
FN:95,cleanVat
FN:102,transformSharePointItem
FN:153,syncSharePointOpenOpps
FN:200,(anonymous_6)
FN:204,(anonymous_7)
FN:227,(anonymous_8)
FN:244,(anonymous_9)
FNF:10
FNH:4
FNDA:0,getGraphToken
FNDA:27,parseSharePointDate
FNDA:27,cleanMultiValueField
FNDA:9,cleanVat
FNDA:11,transformSharePointItem
FNDA:0,syncSharePointOpenOpps
FNDA:0,(anonymous_6)
FNDA:0,(anonymous_7)
FNDA:0,(anonymous_8)
FNDA:0,(anonymous_9)
DA:31,1
DA:45,0
DA:46,0
DA:47,0
DA:49,0
DA:50,0
DA:53,0
DA:55,0
DA:62,0
DA:68,0
DA:69,0
DA:70,0
DA:71,0
DA:74,0
DA:75,0
DA:79,27
DA:80,0
DA:81,0
DA:82,0
DA:83,0
DA:85,0
DA:86,0
DA:91,27
DA:92,0
DA:96,9
DA:97,2
DA:98,2
DA:99,2
DA:103,11
DA:104,11
DA:106,10
DA:107,11
DA:108,11
DA:110,9
DA:111,11
DA:113,9
DA:114,9
DA:115,11
DA:116,11
DA:120,11
DA:121,11
DA:122,11
DA:126,11
DA:127,11
DA:128,11
DA:129,11
DA:130,11
DA:131,11
DA:132,11
DA:133,11
DA:134,11
DA:135,11
DA:137,11
DA:138,11
DA:139,11
DA:141,11
DA:149,0
DA:158,0
DA:159,0
DA:161,0
DA:162,0
DA:163,0
DA:165,0
DA:166,0
DA:171,0
DA:173,0
DA:174,0
DA:176,0
DA:177,0
DA:178,0
DA:181,0
DA:182,0
DA:183,0
DA:184,0
DA:186,0
DA:187,0
DA:188,0
DA:190,0
DA:191,0
DA:194,0
DA:195,0
DA:196,0
DA:197,0
DA:199,0
DA:200,0
DA:201,0
DA:203,0
DA:204,0
DA:205,0
DA:207,0
DA:208,0
DA:210,0
DA:212,0
DA:214,0
DA:215,0
DA:219,0
DA:220,0
DA:221,0
DA:222,0
DA:223,0
DA:226,0
DA:227,0
DA:228,0
DA:230,0
DA:232,0
DA:234,0
DA:235,0
DA:236,0
DA:237,0
DA:238,0
DA:239,0
DA:240,0
DA:244,0
DA:245,0
DA:246,0
DA:247,0
DA:248,0
DA:252,0
LF:118
LH:35
BRDA:49,0,0,0
BRDA:49,0,1,0
BRDA:49,1,0,0
BRDA:49,1,1,0
BRDA:49,1,2,0
BRDA:68,2,0,0
BRDA:68,2,1,0
BRDA:79,3,0,27
BRDA:79,3,1,0
BRDA:82,4,0,0
BRDA:82,4,1,0
BRDA:91,5,0,27
BRDA:91,5,1,0
BRDA:92,6,0,0
BRDA:92,6,1,0
BRDA:96,7,0,7
BRDA:96,7,1,2
BRDA:98,8,0,0
BRDA:98,8,1,2
BRDA:99,9,0,2
BRDA:99,9,1,0
BRDA:103,10,0,11
BRDA:103,10,1,2
BRDA:103,10,2,1
BRDA:104,11,0,1
BRDA:104,11,1,10
BRDA:106,12,0,10
BRDA:106,12,1,0
BRDA:106,12,2,0
BRDA:108,13,0,1
BRDA:108,13,1,10
BRDA:110,14,0,9
BRDA:110,14,1,9
BRDA:110,14,2,9
BRDA:111,15,0,0
BRDA:111,15,1,11
BRDA:111,16,0,11
BRDA:111,16,1,0
BRDA:114,17,0,9
BRDA:114,17,1,8
BRDA:114,17,2,7
BRDA:116,18,0,2
BRDA:116,18,1,7
BRDA:116,19,0,11
BRDA:116,19,1,2
BRDA:120,20,0,11
BRDA:120,20,1,8
BRDA:120,20,2,7
BRDA:122,21,0,2
BRDA:122,21,1,7
BRDA:122,22,0,11
BRDA:122,22,1,2
BRDA:126,23,0,11
BRDA:126,23,1,8
BRDA:126,23,2,7
BRDA:127,24,0,11
BRDA:127,24,1,8
BRDA:127,24,2,7
BRDA:127,24,3,7
BRDA:128,25,0,11
BRDA:128,25,1,8
BRDA:128,25,2,7
BRDA:128,25,3,7
BRDA:129,26,0,11
BRDA:129,26,1,9
BRDA:129,26,2,9
BRDA:130,27,0,11
BRDA:130,27,1,9
BRDA:130,27,2,9
BRDA:131,28,0,11
BRDA:131,28,1,9
BRDA:131,28,2,9
BRDA:132,29,0,11
BRDA:132,29,1,9
BRDA:132,29,2,9
BRDA:133,30,0,11
BRDA:133,30,1,9
BRDA:133,30,2,9
BRDA:134,31,0,11
BRDA:134,31,1,9
BRDA:134,31,2,9
BRDA:135,32,0,11
BRDA:135,32,1,8
BRDA:135,32,2,7
BRDA:137,33,0,11
BRDA:137,33,1,9
BRDA:138,34,0,11
BRDA:138,34,1,9
BRDA:139,35,0,11
BRDA:139,35,1,9
BRDA:163,36,0,0
BRDA:163,36,1,0
BRDA:165,37,0,0
BRDA:165,37,1,0
BRDA:165,38,0,0
BRDA:165,38,1,0
BRDA:174,39,0,0
BRDA:174,39,1,0
BRDA:181,40,0,0
BRDA:181,40,1,0
BRDA:194,41,0,0
BRDA:194,41,1,0
BRDA:200,42,0,0
BRDA:200,42,1,0
BRDA:201,43,0,0
BRDA:201,43,1,0
BRDA:203,44,0,0
BRDA:203,44,1,0
BRDA:204,45,0,0
BRDA:204,45,1,0
BRDA:219,46,0,0
BRDA:219,46,1,0
BRDA:227,47,0,0
BRDA:227,47,1,0
BRDA:227,48,0,0
BRDA:227,48,1,0
BRDA:230,49,0,0
BRDA:230,49,1,0
BRDA:237,50,0,0
BRDA:237,50,1,0
BRDA:239,51,0,0
BRDA:239,51,1,0
BRF:122
BRH:71
end_of_record
TN:
SF:server/storage.ts
FN:65,toSnakeCase
FN:70,(anonymous_1)
FN:76,toCamelCase
FN:80,(anonymous_3)
FN:86,rowToModel
FN:102,rowsToModels
FN:103,(anonymous_6)
FN:116,isReasonableDate
FN:121,sanitizeStringDateValue
FN:137,sanitizeSingleDateField
FN:153,sanitizeDateFields
FN:164,insertReturning
FN:184,updateReturning
FN:386,buildVatNameList
FN:404,computeQuarterActuals
FN:413,(anonymous_15)
FN:437,(anonymous_16)
FN:441,(anonymous_17)
FN:448,(anonymous_18)
FN:459,(anonymous_19)
FN:462,(anonymous_20)
FN:465,(anonymous_21)
FN:468,(anonymous_22)
FN:472,(anonymous_23)
FN:475,(anonymous_24)
FN:479,(anonymous_25)
FN:482,(anonymous_26)
FN:485,(anonymous_27)
FN:488,(anonymous_28)
FN:492,(anonymous_29)
FN:495,(anonymous_30)
FN:499,(anonymous_31)
FN:502,(anonymous_32)
FN:505,(anonymous_33)
FN:508,(anonymous_34)
FN:511,(anonymous_35)
FN:515,(anonymous_36)
FN:518,(anonymous_37)
FN:522,(anonymous_38)
FN:525,(anonymous_39)
FN:528,(anonymous_40)
FN:531,(anonymous_41)
FN:534,(anonymous_42)
FN:538,(anonymous_43)
FN:541,(anonymous_44)
FN:545,(anonymous_45)
FN:548,(anonymous_46)
FN:551,(anonymous_47)
FN:554,(anonymous_48)
FN:557,(anonymous_49)
FN:561,(anonymous_50)
FN:564,(anonymous_51)
FN:568,(anonymous_52)
FN:571,(anonymous_53)
FN:574,(anonymous_54)
FN:577,(anonymous_55)
FN:580,(anonymous_56)
FN:584,(anonymous_57)
FN:587,(anonymous_58)
FN:591,(anonymous_59)
FN:594,(anonymous_60)
FN:597,(anonymous_61)
FN:600,(anonymous_62)
FN:604,(anonymous_63)
FN:607,(anonymous_64)
FN:611,(anonymous_65)
FN:614,(anonymous_66)
FN:617,(anonymous_67)
FN:620,(anonymous_68)
FN:624,(anonymous_69)
FN:627,(anonymous_70)
FN:631,(anonymous_71)
FN:634,(anonymous_72)
FN:637,(anonymous_73)
FN:640,(anonymous_74)
FN:644,(anonymous_75)
FN:647,(anonymous_76)
FN:651,(anonymous_77)
FN:654,(anonymous_78)
FN:657,(anonymous_79)
FN:661,(anonymous_80)
FN:664,(anonymous_81)
FN:668,(anonymous_82)
FN:671,(anonymous_83)
FN:674,(anonymous_84)
FN:677,(anonymous_85)
FN:681,(anonymous_86)
FN:685,(anonymous_87)
FN:689,(anonymous_88)
FN:693,(anonymous_89)
FN:697,(anonymous_90)
FN:700,(anonymous_91)
FN:703,(anonymous_92)
FN:706,(anonymous_93)
FN:710,(anonymous_94)
FN:713,(anonymous_95)
FN:717,(anonymous_96)
FN:720,(anonymous_97)
FN:723,(anonymous_98)
FN:726,(anonymous_99)
FN:730,(anonymous_100)
FN:733,(anonymous_101)
FN:737,(anonymous_102)
FN:743,(anonymous_103)
FN:746,(anonymous_104)
FN:750,(anonymous_105)
FN:753,(anonymous_106)
FN:756,(anonymous_107)
FN:760,(anonymous_108)
FN:763,(anonymous_109)
FN:766,(anonymous_110)
FN:769,(anonymous_111)
FN:772,(anonymous_112)
FN:776,(anonymous_113)
FN:779,(anonymous_114)
FN:782,(anonymous_115)
FN:785,(anonymous_116)
FN:789,(anonymous_117)
FN:792,(anonymous_118)
FN:795,(anonymous_119)
FN:798,(anonymous_120)
FN:801,(anonymous_121)
FN:805,(anonymous_122)
FN:824,(anonymous_123)
FN:848,(anonymous_124)
FN:880,(anonymous_125)
FN:881,(anonymous_126)
FN:884,(anonymous_127)
FN:905,(anonymous_128)
FN:916,(anonymous_129)
FN:919,(anonymous_130)
FN:923,(anonymous_131)
FN:926,(anonymous_132)
FN:938,(anonymous_133)
FN:941,(anonymous_134)
FN:944,(anonymous_135)
FN:948,(anonymous_136)
FN:956,(anonymous_137)
FN:959,(anonymous_138)
FN:962,(anonymous_139)
FN:965,(anonymous_140)
FN:969,(anonymous_141)
FN:972,(anonymous_142)
FN:975,(anonymous_143)
FN:978,(anonymous_144)
FN:982,(anonymous_145)
FN:985,(anonymous_146)
FN:988,(anonymous_147)
FN:991,(anonymous_148)
FN:995,(anonymous_149)
FN:998,(anonymous_150)
FN:1002,(anonymous_151)
FN:1005,(anonymous_152)
FN:1008,(anonymous_153)
FN:1018,(anonymous_154)
FN:1022,(anonymous_155)
FN:1056,(anonymous_156)
FN:1065,(anonymous_157)
FN:1067,(anonymous_158)
FN:1070,(anonymous_159)
FN:1072,(anonymous_160)
FN:1075,(anonymous_161)
FN:1088,(anonymous_162)
FN:1094,(anonymous_163)
FN:1096,(anonymous_164)
FN:1099,(anonymous_165)
FN:1109,(anonymous_166)
FN:1128,(anonymous_167)
FN:1159,(anonymous_168)
FN:1187,(anonymous_169)
FNF:170
FNH:10
FNDA:14,toSnakeCase
FNDA:17,(anonymous_1)
FNDA:22,toCamelCase
FNDA:20,(anonymous_3)
FNDA:10,rowToModel
FNDA:0,rowsToModels
FNDA:0,(anonymous_6)
FNDA:26,isReasonableDate
FNDA:10,sanitizeStringDateValue
FNDA:18,sanitizeSingleDateField
FNDA:12,sanitizeDateFields
FNDA:0,insertReturning
FNDA:0,updateReturning
FNDA:3,buildVatNameList
FNDA:0,computeQuarterActuals
FNDA:0,(anonymous_15)
FNDA:0,(anonymous_16)
FNDA:0,(anonymous_17)
FNDA:0,(anonymous_18)
FNDA:0,(anonymous_19)
FNDA:0,(anonymous_20)
FNDA:0,(anonymous_21)
FNDA:0,(anonymous_22)
FNDA:0,(anonymous_23)
FNDA:0,(anonymous_24)
FNDA:0,(anonymous_25)
FNDA:0,(anonymous_26)
FNDA:0,(anonymous_27)
FNDA:0,(anonymous_28)
FNDA:0,(anonymous_29)
FNDA:0,(anonymous_30)
FNDA:0,(anonymous_31)
FNDA:0,(anonymous_32)
FNDA:0,(anonymous_33)
FNDA:0,(anonymous_34)
FNDA:0,(anonymous_35)
FNDA:0,(anonymous_36)
FNDA:0,(anonymous_37)
FNDA:0,(anonymous_38)
FNDA:0,(anonymous_39)
FNDA:0,(anonymous_40)
FNDA:0,(anonymous_41)
FNDA:0,(anonymous_42)
FNDA:0,(anonymous_43)
FNDA:0,(anonymous_44)
FNDA:0,(anonymous_45)
FNDA:0,(anonymous_46)
FNDA:0,(anonymous_47)
FNDA:0,(anonymous_48)
FNDA:0,(anonymous_49)
FNDA:0,(anonymous_50)
FNDA:0,(anonymous_51)
FNDA:0,(anonymous_52)
FNDA:0,(anonymous_53)
FNDA:0,(anonymous_54)
FNDA:0,(anonymous_55)
FNDA:0,(anonymous_56)
FNDA:0,(anonymous_57)
FNDA:0,(anonymous_58)
FNDA:0,(anonymous_59)
FNDA:0,(anonymous_60)
FNDA:0,(anonymous_61)
FNDA:0,(anonymous_62)
FNDA:0,(anonymous_63)
FNDA:0,(anonymous_64)
FNDA:0,(anonymous_65)
FNDA:0,(anonymous_66)
FNDA:0,(anonymous_67)
FNDA:0,(anonymous_68)
FNDA:0,(anonymous_69)
FNDA:0,(anonymous_70)
FNDA:0,(anonymous_71)
FNDA:0,(anonymous_72)
FNDA:0,(anonymous_73)
FNDA:0,(anonymous_74)
FNDA:0,(anonymous_75)
FNDA:0,(anonymous_76)
FNDA:0,(anonymous_77)
FNDA:0,(anonymous_78)
FNDA:0,(anonymous_79)
FNDA:0,(anonymous_80)
FNDA:0,(anonymous_81)
FNDA:0,(anonymous_82)
FNDA:0,(anonymous_83)
FNDA:0,(anonymous_84)
FNDA:0,(anonymous_85)
FNDA:0,(anonymous_86)
FNDA:0,(anonymous_87)
FNDA:0,(anonymous_88)
FNDA:0,(anonymous_89)
FNDA:0,(anonymous_90)
FNDA:0,(anonymous_91)
FNDA:0,(anonymous_92)
FNDA:0,(anonymous_93)
FNDA:0,(anonymous_94)
FNDA:0,(anonymous_95)
FNDA:0,(anonymous_96)
FNDA:0,(anonymous_97)
FNDA:0,(anonymous_98)
FNDA:0,(anonymous_99)
FNDA:0,(anonymous_100)
FNDA:0,(anonymous_101)
FNDA:0,(anonymous_102)
FNDA:0,(anonymous_103)
FNDA:0,(anonymous_104)
FNDA:0,(anonymous_105)
FNDA:0,(anonymous_106)
FNDA:0,(anonymous_107)
FNDA:0,(anonymous_108)
FNDA:0,(anonymous_109)
FNDA:0,(anonymous_110)
FNDA:0,(anonymous_111)
FNDA:0,(anonymous_112)
FNDA:0,(anonymous_113)
FNDA:0,(anonymous_114)
FNDA:0,(anonymous_115)
FNDA:0,(anonymous_116)
FNDA:0,(anonymous_117)
FNDA:0,(anonymous_118)
FNDA:0,(anonymous_119)
FNDA:0,(anonymous_120)
FNDA:0,(anonymous_121)
FNDA:0,(anonymous_122)
FNDA:0,(anonymous_123)
FNDA:0,(anonymous_124)
FNDA:0,(anonymous_125)
FNDA:0,(anonymous_126)
FNDA:0,(anonymous_127)
FNDA:0,(anonymous_128)
FNDA:0,(anonymous_129)
FNDA:0,(anonymous_130)
FNDA:0,(anonymous_131)
FNDA:0,(anonymous_132)
FNDA:0,(anonymous_133)
FNDA:0,(anonymous_134)
FNDA:0,(anonymous_135)
FNDA:0,(anonymous_136)
FNDA:0,(anonymous_137)
FNDA:0,(anonymous_138)
FNDA:0,(anonymous_139)
FNDA:0,(anonymous_140)
FNDA:0,(anonymous_141)
FNDA:0,(anonymous_142)
FNDA:0,(anonymous_143)
FNDA:0,(anonymous_144)
FNDA:0,(anonymous_145)
FNDA:0,(anonymous_146)
FNDA:0,(anonymous_147)
FNDA:0,(anonymous_148)
FNDA:0,(anonymous_149)
FNDA:0,(anonymous_150)
FNDA:0,(anonymous_151)
FNDA:0,(anonymous_152)
FNDA:0,(anonymous_153)
FNDA:0,(anonymous_154)
FNDA:0,(anonymous_155)
FNDA:0,(anonymous_156)
FNDA:0,(anonymous_157)
FNDA:0,(anonymous_158)
FNDA:0,(anonymous_159)
FNDA:0,(anonymous_160)
FNDA:0,(anonymous_161)
FNDA:0,(anonymous_162)
FNDA:0,(anonymous_163)
FNDA:0,(anonymous_164)
FNDA:0,(anonymous_165)
FNDA:0,(anonymous_166)
FNDA:0,(anonymous_167)
FNDA:0,(anonymous_168)
FNDA:0,(anonymous_169)
DA:58,4
DA:61,4
DA:66,14
DA:67,14
DA:68,14
DA:69,18
DA:70,18
DA:71,18
DA:73,14
DA:77,22
DA:78,22
DA:79,32
DA:80,32
DA:81,32
DA:83,22
DA:87,10
DA:88,10
DA:89,19
DA:90,19
DA:91,16
DA:92,3
DA:94,16
DA:95,2
DA:99,10
DA:103,0
DA:106,4
DA:112,4
DA:117,26
DA:118,26
DA:122,10
DA:123,10
DA:124,8
DA:125,8
DA:126,5
DA:128,2
DA:129,2
DA:130,1
DA:134,1
DA:138,18
DA:139,8
DA:141,10
DA:142,2
DA:144,8
DA:145,7
DA:147,1
DA:148,1
DA:150,0
DA:154,12
DA:155,12
DA:156,21
DA:157,13
DA:158,11
DA:161,12
DA:165,0
DA:166,0
DA:167,0
DA:168,0
DA:169,0
DA:171,0
DA:172,0
DA:173,0
DA:174,0
DA:175,0
DA:178,0
DA:180,0
DA:185,0
DA:186,0
DA:187,0
DA:188,0
DA:189,0
DA:387,3
DA:388,3
DA:389,3
DA:390,3
DA:391,3
DA:392,3
DA:395,3
DA:396,3
DA:397,1
DA:398,1
DA:401,3
DA:411,0
DA:412,0
DA:413,0
DA:414,0
DA:415,0
DA:416,0
DA:418,0
DA:428,0
DA:429,0
DA:430,0
DA:431,0
DA:433,0
DA:438,0
DA:441,0
DA:442,0
DA:443,0
DA:444,0
DA:445,0
DA:449,0
DA:453,0
DA:454,0
DA:455,0
DA:456,0
DA:457,0
DA:460,0
DA:463,0
DA:466,0
DA:469,0
DA:473,0
DA:476,0
DA:477,0
DA:480,0
DA:483,0
DA:486,0
DA:489,0
DA:493,0
DA:496,0
DA:497,0
DA:500,0
DA:503,0
DA:506,0
DA:509,0
DA:512,0
DA:516,0
DA:519,0
DA:520,0
DA:523,0
DA:526,0
DA:529,0
DA:532,0
DA:535,0
DA:539,0
DA:542,0
DA:543,0
DA:546,0
DA:549,0
DA:552,0
DA:555,0
DA:558,0
DA:562,0
DA:565,0
DA:566,0
DA:569,0
DA:572,0
DA:575,0
DA:578,0
DA:581,0
DA:585,0
DA:588,0
DA:589,0
DA:592,0
DA:595,0
DA:598,0
DA:601,0
DA:605,0
DA:608,0
DA:609,0
DA:612,0
DA:615,0
DA:618,0
DA:621,0
DA:625,0
DA:628,0
DA:629,0
DA:632,0
DA:635,0
DA:638,0
DA:641,0
DA:645,0
DA:648,0
DA:649,0
DA:652,0
DA:655,0
DA:658,0
DA:662,0
DA:665,0
DA:666,0
DA:669,0
DA:672,0
DA:675,0
DA:678,0
DA:682,0
DA:683,0
DA:686,0
DA:687,0
DA:690,0
DA:691,0
DA:694,0
DA:698,0
DA:701,0
DA:704,0
DA:707,0
DA:711,0
DA:714,0
DA:715,0
DA:718,0
DA:721,0
DA:724,0
DA:727,0
DA:731,0
DA:734,0
DA:735,0
DA:738,0
DA:739,0
DA:740,0
DA:741,0
DA:744,0
DA:747,0
DA:751,0
DA:754,0
DA:757,0
DA:761,0
DA:764,0
DA:767,0
DA:770,0
DA:773,0
DA:777,0
DA:780,0
DA:783,0
DA:786,0
DA:790,0
DA:793,0
DA:796,0
DA:799,0
DA:802,0
DA:811,0
DA:812,0
DA:813,0
DA:814,0
DA:816,0
DA:831,0
DA:832,0
DA:834,0
DA:835,0
DA:836,0
DA:837,0
DA:839,0
DA:853,0
DA:859,0
DA:865,0
DA:867,0
DA:868,0
DA:869,0
DA:872,0
DA:873,0
DA:874,0
DA:875,0
DA:876,0
DA:879,0
DA:880,0
DA:881,0
DA:890,0
DA:895,0
DA:900,0
DA:901,0
DA:902,0
DA:905,0
DA:906,0
DA:907,0
DA:908,0
DA:917,0
DA:920,0
DA:921,0
DA:924,0
DA:927,0
DA:931,0
DA:936,0
DA:939,0
DA:942,0
DA:945,0
DA:949,0
DA:950,0
DA:951,0
DA:952,0
DA:953,0
DA:957,0
DA:960,0
DA:963,0
DA:966,0
DA:970,0
DA:973,0
DA:976,0
DA:979,0
DA:983,0
DA:986,0
DA:989,0
DA:992,0
DA:996,0
DA:999,0
DA:1003,0
DA:1006,0
DA:1009,0
DA:1012,0
DA:1013,0
DA:1014,0
DA:1016,0
DA:1019,0
DA:1027,0
DA:1028,0
DA:1035,0
DA:1037,0
DA:1038,0
DA:1039,0
DA:1040,0
DA:1041,0
DA:1042,0
DA:1045,0
DA:1046,0
DA:1047,0
DA:1053,0
DA:1055,0
DA:1056,0
DA:1057,0
DA:1058,0
DA:1059,0
DA:1062,0
DA:1066,0
DA:1067,0
DA:1071,0
DA:1072,0
DA:1076,0
DA:1077,0
DA:1078,0
DA:1079,0
DA:1080,0
DA:1082,0
DA:1083,0
DA:1089,0
DA:1090,0
DA:1091,0
DA:1095,0
DA:1096,0
DA:1100,0
DA:1109,0
DA:1129,0
DA:1139,0
DA:1140,0
DA:1160,0
DA:1170,0
DA:1188,0
DA:1189,0
DA:1190,0
DA:1191,0
DA:1192,0
DA:1193,0
DA:1194,0
DA:1195,0
DA:1213,4
LF:349
LH:63
BRDA:66,0,0,2
BRDA:66,0,1,12
BRDA:70,1,0,18
BRDA:70,1,1,17
BRDA:80,2,0,32
BRDA:80,2,1,31
BRDA:81,3,0,5
BRDA:81,3,1,27
BRDA:90,4,0,16
BRDA:90,4,1,3
BRDA:90,5,0,19
BRDA:90,5,1,16
BRDA:91,6,0,3
BRDA:91,6,1,13
BRDA:91,7,0,16
BRDA:91,7,1,8
BRDA:91,7,2,3
BRDA:91,7,3,3
BRDA:91,7,4,3
BRDA:91,7,5,3
BRDA:91,7,6,3
BRDA:91,7,7,3
BRDA:91,7,8,3
BRDA:94,8,0,2
BRDA:94,8,1,14
BRDA:94,9,0,16
BRDA:94,9,1,2
BRDA:94,9,2,2
BRDA:94,9,3,2
BRDA:118,10,0,26
BRDA:118,10,1,17
BRDA:123,11,0,8
BRDA:123,11,1,2
BRDA:125,12,0,3
BRDA:125,12,1,5
BRDA:126,13,0,0
BRDA:126,13,1,5
BRDA:129,14,0,1
BRDA:129,14,1,1
BRDA:129,15,0,2
BRDA:129,15,1,1
BRDA:130,16,0,0
BRDA:130,16,1,1
BRDA:138,17,0,8
BRDA:138,17,1,10
BRDA:138,18,0,18
BRDA:138,18,1,16
BRDA:138,18,2,15
BRDA:138,18,3,15
BRDA:138,18,4,13
BRDA:138,18,5,11
BRDA:141,19,0,2
BRDA:141,19,1,8
BRDA:142,20,0,1
BRDA:142,20,1,1
BRDA:144,21,0,7
BRDA:144,21,1,1
BRDA:147,22,0,1
BRDA:147,22,1,0
BRDA:154,23,0,1
BRDA:154,23,1,11
BRDA:156,24,0,13
BRDA:156,24,1,8
BRDA:157,25,0,2
BRDA:157,25,1,11
BRDA:171,26,0,0
BRDA:171,26,1,0
BRDA:174,27,0,0
BRDA:174,27,1,0
BRDA:174,28,0,0
BRDA:174,28,1,0
BRDA:174,28,2,0
BRDA:174,28,3,0
BRDA:188,29,0,0
BRDA:188,29,1,0
BRDA:390,30,0,3
BRDA:390,30,1,0
BRDA:396,31,0,1
BRDA:396,31,1,2
BRDA:414,32,0,0
BRDA:414,32,1,0
BRDA:414,33,0,0
BRDA:414,33,1,0
BRDA:428,34,0,0
BRDA:428,34,1,0
BRDA:429,35,0,0
BRDA:429,35,1,0
BRDA:430,36,0,0
BRDA:430,36,1,0
BRDA:443,37,0,0
BRDA:443,37,1,0
BRDA:444,38,0,0
BRDA:444,38,1,0
BRDA:453,39,0,0
BRDA:453,39,1,0
BRDA:455,40,0,0
BRDA:455,40,1,0
BRDA:456,41,0,0
BRDA:456,41,1,0
BRDA:477,42,0,0
BRDA:477,42,1,0
BRDA:497,43,0,0
BRDA:497,43,1,0
BRDA:520,44,0,0
BRDA:520,44,1,0
BRDA:543,45,0,0
BRDA:543,45,1,0
BRDA:566,46,0,0
BRDA:566,46,1,0
BRDA:589,47,0,0
BRDA:589,47,1,0
BRDA:609,48,0,0
BRDA:609,48,1,0
BRDA:629,49,0,0
BRDA:629,49,1,0
BRDA:649,50,0,0
BRDA:649,50,1,0
BRDA:666,51,0,0
BRDA:666,51,1,0
BRDA:683,52,0,0
BRDA:683,52,1,0
BRDA:687,53,0,0
BRDA:687,53,1,0
BRDA:691,54,0,0
BRDA:691,54,1,0
BRDA:715,55,0,0
BRDA:715,55,1,0
BRDA:735,56,0,0
BRDA:735,56,1,0
BRDA:739,57,0,0
BRDA:739,57,1,0
BRDA:817,58,0,0
BRDA:817,58,1,0
BRDA:818,59,0,0
BRDA:818,59,1,0
BRDA:819,60,0,0
BRDA:819,60,1,0
BRDA:820,61,0,0
BRDA:820,61,1,0
BRDA:832,62,0,0
BRDA:832,62,1,0
BRDA:841,63,0,0
BRDA:841,63,1,0
BRDA:842,64,0,0
BRDA:842,64,1,0
BRDA:843,65,0,0
BRDA:843,65,1,0
BRDA:844,66,0,0
BRDA:844,66,1,0
BRDA:868,67,0,0
BRDA:868,67,1,0
BRDA:869,68,0,0
BRDA:869,68,1,0
BRDA:873,69,0,0
BRDA:873,69,1,0
BRDA:874,70,0,0
BRDA:874,70,1,0
BRDA:875,71,0,0
BRDA:875,71,1,0
BRDA:902,72,0,0
BRDA:902,72,1,0
BRDA:906,73,0,0
BRDA:906,73,1,0
BRDA:907,74,0,0
BRDA:907,74,1,0
BRDA:912,75,0,0
BRDA:912,75,1,0
BRDA:921,76,0,0
BRDA:921,76,1,0
BRDA:950,77,0,0
BRDA:950,77,1,0
BRDA:1012,78,0,0
BRDA:1012,78,1,0
BRDA:1035,79,0,0
BRDA:1035,79,1,0
BRDA:1040,80,0,0
BRDA:1040,80,1,0
BRDA:1041,81,0,0
BRDA:1041,81,1,0
BRDA:1057,82,0,0
BRDA:1057,82,1,0
BRDA:1078,83,0,0
BRDA:1078,83,1,0
BRDA:1079,84,0,0
BRDA:1079,84,1,0
BRDA:1082,85,0,0
BRDA:1082,85,1,0
BRDA:1090,86,0,0
BRDA:1090,86,1,0
BRDA:1096,87,0,0
BRDA:1096,87,1,0
BRDA:1139,88,0,0
BRDA:1139,88,1,0
BRDA:1166,89,0,0
BRDA:1166,89,1,0
BRDA:1168,90,0,0
BRDA:1168,90,1,0
BRDA:1189,91,0,0
BRDA:1189,91,1,0
BRDA:1190,92,0,0
BRDA:1190,92,1,0
BRDA:1191,93,0,0
BRDA:1191,93,1,0
BRDA:1192,94,0,0
BRDA:1192,94,1,0
BRDA:1194,95,0,0
BRDA:1194,95,1,0
BRF:207
BRH:65
end_of_record
TN:
SF:shared/schema.ts
FNF:0
FNH:0
DA:3,2
DA:35,2
DA:76,2
DA:88,2
DA:101,2
DA:112,2
DA:130,2
DA:142,2
DA:160,2
DA:208,2
DA:218,2
DA:231,2
DA:244,2
DA:257,2
DA:269,2
DA:280,2
DA:290,2
DA:301,2
DA:315,2
DA:339,2
DA:341,2
DA:357,2
DA:380,2
DA:399,2
DA:412,2
DA:427,2
DA:439,2
DA:445,2
DA:453,2
DA:454,2
DA:455,2
DA:456,2
DA:458,2
DA:479,2
DA:482,2
DA:490,2
DA:493,2
DA:517,2
DA:526,2
LF:39
LH:39
BRF:0
BRH:0
end_of_record
